[2021-12-13 15:54:29,212][INFO]: Using timeout 120.0, writing to results/experiment-1-2021-12-13T15:54:29.210127
[2021-12-13 15:54:29,213][INFO]: Tools: ('f4lp-fd-ff', 'p4p-fd-ff', 'lf2f-fd-ff')
[2021-12-13 15:54:29,219][INFO]: Copying /home/marcofavorito/workfolder/planning-with-past-code/data/deterministic/blocksworld/domain.pddl to results/experiment-1-2021-12-13T15:54:29.210127/domain.pddl
[2021-12-13 15:54:29,220][INFO]: ====================================================================================================
[2021-12-13 15:54:29,220][INFO]: Time: 2021-12-13 15:54:29.220159
[2021-12-13 15:54:29,220][INFO]: Processing problem results/experiment-1-2021-12-13T15:54:29.210127/p02.pddl
[2021-12-13 15:54:29,220][INFO]: Using formula: O(on_b1_b2)
[2021-12-13 15:54:29,220][DEBUG]: name=p02
[2021-12-13 15:54:29,220][DEBUG]: domain=results/experiment-1-2021-12-13T15:54:29.210127/domain.pddl
[2021-12-13 15:54:29,220][DEBUG]: problem=results/experiment-1-2021-12-13T15:54:29.210127/p02.pddl
[2021-12-13 15:54:29,220][DEBUG]: formula=O(on_b1_b2)
[2021-12-13 15:54:29,220][DEBUG]: mapping=None
[2021-12-13 15:54:29,220][DEBUG]: timeout=120.0
[2021-12-13 15:54:29,220][DEBUG]: tool=f4lp-fd-ff
[2021-12-13 15:54:29,220][DEBUG]: config={}
[2021-12-13 15:54:29,221][DEBUG]: working_dir=results/experiment-1-2021-12-13T15:54:29.210127/f4lp-fd-ff/p02
[2021-12-13 15:54:30,343][INFO]: name=p02
status=Status.SUCCESS
time_compilation=0.6994600296020508
time_tool=0.00258319
time_end2end=1.010484
nb_node_expanded=5
command=/home/marcofavorito/workfolder/planning-with-past-code/bin/fond4ltlfpltlf_wrapper -t fd -d results/experiment-1-2021-12-13T15:54:29.210127/domain.pddl -p results/experiment-1-2021-12-13T15:54:29.210127/p02.pddl -g O(on_b1_b2) --working-dir results/experiment-1-2021-12-13T15:54:29.210127/f4lp-fd-ff/p02 --algorithm astar --heuristic ff
[2021-12-13 15:54:30,343][INFO]: ====================================================================================================
[2021-12-13 15:54:30,343][INFO]: Time: 2021-12-13 15:54:30.343886
[2021-12-13 15:54:30,344][INFO]: Processing problem results/experiment-1-2021-12-13T15:54:29.210127/p03.pddl
[2021-12-13 15:54:30,344][INFO]: Using formula: O(on_b1_b2 & Y(O(on_b2_b3)))
[2021-12-13 15:54:30,344][DEBUG]: name=p03
[2021-12-13 15:54:30,344][DEBUG]: domain=results/experiment-1-2021-12-13T15:54:29.210127/domain.pddl
[2021-12-13 15:54:30,344][DEBUG]: problem=results/experiment-1-2021-12-13T15:54:29.210127/p03.pddl
[2021-12-13 15:54:30,344][DEBUG]: formula=O(on_b1_b2 & Y(O(on_b2_b3)))
[2021-12-13 15:54:30,344][DEBUG]: mapping=None
[2021-12-13 15:54:30,344][DEBUG]: timeout=120.0
[2021-12-13 15:54:30,344][DEBUG]: tool=f4lp-fd-ff
[2021-12-13 15:54:30,345][DEBUG]: config={}
[2021-12-13 15:54:30,345][DEBUG]: working_dir=results/experiment-1-2021-12-13T15:54:29.210127/f4lp-fd-ff/p03
[2021-12-13 15:54:31,465][INFO]: name=p03
status=Status.SUCCESS
time_compilation=0.7282800674438477
time_tool=0.00270976
time_end2end=1.020337
nb_node_expanded=11
command=/home/marcofavorito/workfolder/planning-with-past-code/bin/fond4ltlfpltlf_wrapper -t fd -d results/experiment-1-2021-12-13T15:54:29.210127/domain.pddl -p results/experiment-1-2021-12-13T15:54:29.210127/p03.pddl -g O(on_b1_b2 & Y(O(on_b2_b3))) --working-dir results/experiment-1-2021-12-13T15:54:29.210127/f4lp-fd-ff/p03 --algorithm astar --heuristic ff
[2021-12-13 15:54:31,466][INFO]: ====================================================================================================
[2021-12-13 15:54:31,466][INFO]: Time: 2021-12-13 15:54:31.466149
[2021-12-13 15:54:31,466][INFO]: Processing problem results/experiment-1-2021-12-13T15:54:29.210127/p04.pddl
[2021-12-13 15:54:31,466][INFO]: Using formula: O(on_b1_b2 & Y(O(on_b2_b3 & Y(O(on_b3_b4)))))
[2021-12-13 15:54:31,466][DEBUG]: name=p04
[2021-12-13 15:54:31,466][DEBUG]: domain=results/experiment-1-2021-12-13T15:54:29.210127/domain.pddl
[2021-12-13 15:54:31,466][DEBUG]: problem=results/experiment-1-2021-12-13T15:54:29.210127/p04.pddl
[2021-12-13 15:54:31,466][DEBUG]: formula=O(on_b1_b2 & Y(O(on_b2_b3 & Y(O(on_b3_b4)))))
[2021-12-13 15:54:31,466][DEBUG]: mapping=None
[2021-12-13 15:54:31,467][DEBUG]: timeout=120.0
[2021-12-13 15:54:31,467][DEBUG]: tool=f4lp-fd-ff
[2021-12-13 15:54:31,467][DEBUG]: config={}
[2021-12-13 15:54:31,467][DEBUG]: working_dir=results/experiment-1-2021-12-13T15:54:29.210127/f4lp-fd-ff/p04
[2021-12-13 15:54:32,637][INFO]: name=p04
status=Status.SUCCESS
time_compilation=0.7317850589752197
time_tool=0.0029689
time_end2end=1.07522
nb_node_expanded=23
command=/home/marcofavorito/workfolder/planning-with-past-code/bin/fond4ltlfpltlf_wrapper -t fd -d results/experiment-1-2021-12-13T15:54:29.210127/domain.pddl -p results/experiment-1-2021-12-13T15:54:29.210127/p04.pddl -g O(on_b1_b2 & Y(O(on_b2_b3 & Y(O(on_b3_b4))))) --working-dir results/experiment-1-2021-12-13T15:54:29.210127/f4lp-fd-ff/p04 --algorithm astar --heuristic ff
[2021-12-13 15:54:32,638][INFO]: ====================================================================================================
[2021-12-13 15:54:32,638][INFO]: Time: 2021-12-13 15:54:32.638199
[2021-12-13 15:54:32,638][INFO]: Processing problem results/experiment-1-2021-12-13T15:54:29.210127/p05.pddl
[2021-12-13 15:54:32,638][INFO]: Using formula: O(on_b1_b2 & Y(O(on_b2_b3 & Y(O(on_b3_b4 & Y(O(on_b4_b5)))))))
[2021-12-13 15:54:32,638][DEBUG]: name=p05
[2021-12-13 15:54:32,638][DEBUG]: domain=results/experiment-1-2021-12-13T15:54:29.210127/domain.pddl
[2021-12-13 15:54:32,638][DEBUG]: problem=results/experiment-1-2021-12-13T15:54:29.210127/p05.pddl
[2021-12-13 15:54:32,638][DEBUG]: formula=O(on_b1_b2 & Y(O(on_b2_b3 & Y(O(on_b3_b4 & Y(O(on_b4_b5)))))))
[2021-12-13 15:54:32,638][DEBUG]: mapping=None
[2021-12-13 15:54:32,638][DEBUG]: timeout=120.0
[2021-12-13 15:54:32,638][DEBUG]: tool=f4lp-fd-ff
[2021-12-13 15:54:32,638][DEBUG]: config={}
[2021-12-13 15:54:32,639][DEBUG]: working_dir=results/experiment-1-2021-12-13T15:54:29.210127/f4lp-fd-ff/p05
[2021-12-13 15:54:33,962][INFO]: name=p05
status=Status.SUCCESS
time_compilation=0.7268249988555908
time_tool=0.00381061
time_end2end=1.218399
nb_node_expanded=57
command=/home/marcofavorito/workfolder/planning-with-past-code/bin/fond4ltlfpltlf_wrapper -t fd -d results/experiment-1-2021-12-13T15:54:29.210127/domain.pddl -p results/experiment-1-2021-12-13T15:54:29.210127/p05.pddl -g O(on_b1_b2 & Y(O(on_b2_b3 & Y(O(on_b3_b4 & Y(O(on_b4_b5))))))) --working-dir results/experiment-1-2021-12-13T15:54:29.210127/f4lp-fd-ff/p05 --algorithm astar --heuristic ff
[2021-12-13 15:54:33,962][INFO]: ====================================================================================================
[2021-12-13 15:54:33,963][INFO]: Time: 2021-12-13 15:54:33.963079
[2021-12-13 15:54:33,963][INFO]: Processing problem results/experiment-1-2021-12-13T15:54:29.210127/p06.pddl
[2021-12-13 15:54:33,963][INFO]: Using formula: O(on_b1_b2 & Y(O(on_b2_b3 & Y(O(on_b3_b4 & Y(O(on_b4_b5 & Y(O(on_b5_b6)))))))))
[2021-12-13 15:54:33,963][DEBUG]: name=p06
[2021-12-13 15:54:33,963][DEBUG]: domain=results/experiment-1-2021-12-13T15:54:29.210127/domain.pddl
[2021-12-13 15:54:33,963][DEBUG]: problem=results/experiment-1-2021-12-13T15:54:29.210127/p06.pddl
[2021-12-13 15:54:33,963][DEBUG]: formula=O(on_b1_b2 & Y(O(on_b2_b3 & Y(O(on_b3_b4 & Y(O(on_b4_b5 & Y(O(on_b5_b6)))))))))
[2021-12-13 15:54:33,963][DEBUG]: mapping=None
[2021-12-13 15:54:33,963][DEBUG]: timeout=120.0
[2021-12-13 15:54:33,963][DEBUG]: tool=f4lp-fd-ff
[2021-12-13 15:54:33,963][DEBUG]: config={}
[2021-12-13 15:54:33,963][DEBUG]: working_dir=results/experiment-1-2021-12-13T15:54:29.210127/f4lp-fd-ff/p06
[2021-12-13 15:54:35,635][INFO]: name=p06
status=Status.SUCCESS
time_compilation=0.734544038772583
time_tool=0.00649368
time_end2end=1.537416
nb_node_expanded=158
command=/home/marcofavorito/workfolder/planning-with-past-code/bin/fond4ltlfpltlf_wrapper -t fd -d results/experiment-1-2021-12-13T15:54:29.210127/domain.pddl -p results/experiment-1-2021-12-13T15:54:29.210127/p06.pddl -g O(on_b1_b2 & Y(O(on_b2_b3 & Y(O(on_b3_b4 & Y(O(on_b4_b5 & Y(O(on_b5_b6))))))))) --working-dir results/experiment-1-2021-12-13T15:54:29.210127/f4lp-fd-ff/p06 --algorithm astar --heuristic ff
[2021-12-13 15:54:35,635][INFO]: ====================================================================================================
[2021-12-13 15:54:35,635][INFO]: Time: 2021-12-13 15:54:35.635689
[2021-12-13 15:54:35,635][INFO]: Processing problem results/experiment-1-2021-12-13T15:54:29.210127/p07.pddl
[2021-12-13 15:54:35,635][INFO]: Using formula: O(on_b1_b2 & Y(O(on_b2_b3 & Y(O(on_b3_b4 & Y(O(on_b4_b5 & Y(O(on_b5_b6 & Y(O(on_b6_b7)))))))))))
[2021-12-13 15:54:35,636][DEBUG]: name=p07
[2021-12-13 15:54:35,636][DEBUG]: domain=results/experiment-1-2021-12-13T15:54:29.210127/domain.pddl
[2021-12-13 15:54:35,636][DEBUG]: problem=results/experiment-1-2021-12-13T15:54:29.210127/p07.pddl
[2021-12-13 15:54:35,636][DEBUG]: formula=O(on_b1_b2 & Y(O(on_b2_b3 & Y(O(on_b3_b4 & Y(O(on_b4_b5 & Y(O(on_b5_b6 & Y(O(on_b6_b7)))))))))))
[2021-12-13 15:54:35,636][DEBUG]: mapping=None
[2021-12-13 15:54:35,636][DEBUG]: timeout=120.0
[2021-12-13 15:54:35,636][DEBUG]: tool=f4lp-fd-ff
[2021-12-13 15:54:35,636][DEBUG]: config={}
[2021-12-13 15:54:35,636][DEBUG]: working_dir=results/experiment-1-2021-12-13T15:54:29.210127/f4lp-fd-ff/p07
[2021-12-13 15:54:38,510][INFO]: name=p07
status=Status.SUCCESS
time_compilation=0.7362828254699707
time_tool=0.0167327
time_end2end=2.742526
nb_node_expanded=584
command=/home/marcofavorito/workfolder/planning-with-past-code/bin/fond4ltlfpltlf_wrapper -t fd -d results/experiment-1-2021-12-13T15:54:29.210127/domain.pddl -p results/experiment-1-2021-12-13T15:54:29.210127/p07.pddl -g O(on_b1_b2 & Y(O(on_b2_b3 & Y(O(on_b3_b4 & Y(O(on_b4_b5 & Y(O(on_b5_b6 & Y(O(on_b6_b7))))))))))) --working-dir results/experiment-1-2021-12-13T15:54:29.210127/f4lp-fd-ff/p07 --algorithm astar --heuristic ff
[2021-12-13 15:54:38,510][INFO]: ====================================================================================================
[2021-12-13 15:54:38,510][INFO]: Time: 2021-12-13 15:54:38.510647
[2021-12-13 15:54:38,510][INFO]: Processing problem results/experiment-1-2021-12-13T15:54:29.210127/p08.pddl
[2021-12-13 15:54:38,510][INFO]: Using formula: O(on_b1_b2 & Y(O(on_b2_b3 & Y(O(on_b3_b4 & Y(O(on_b4_b5 & Y(O(on_b5_b6 & Y(O(on_b6_b7 & Y(O(on_b7_b8)))))))))))))
[2021-12-13 15:54:38,511][DEBUG]: name=p08
[2021-12-13 15:54:38,511][DEBUG]: domain=results/experiment-1-2021-12-13T15:54:29.210127/domain.pddl
[2021-12-13 15:54:38,511][DEBUG]: problem=results/experiment-1-2021-12-13T15:54:29.210127/p08.pddl
[2021-12-13 15:54:38,511][DEBUG]: formula=O(on_b1_b2 & Y(O(on_b2_b3 & Y(O(on_b3_b4 & Y(O(on_b4_b5 & Y(O(on_b5_b6 & Y(O(on_b6_b7 & Y(O(on_b7_b8)))))))))))))
[2021-12-13 15:54:38,511][DEBUG]: mapping=None
[2021-12-13 15:54:38,511][DEBUG]: timeout=120.0
[2021-12-13 15:54:38,511][DEBUG]: tool=f4lp-fd-ff
[2021-12-13 15:54:38,511][DEBUG]: config={}
[2021-12-13 15:54:38,511][DEBUG]: working_dir=results/experiment-1-2021-12-13T15:54:29.210127/f4lp-fd-ff/p08
[2021-12-13 15:54:44,293][INFO]: name=p08
status=Status.SUCCESS
time_compilation=0.7095279693603516
time_tool=0.04773
time_end2end=5.662134
nb_node_expanded=1671
command=/home/marcofavorito/workfolder/planning-with-past-code/bin/fond4ltlfpltlf_wrapper -t fd -d results/experiment-1-2021-12-13T15:54:29.210127/domain.pddl -p results/experiment-1-2021-12-13T15:54:29.210127/p08.pddl -g O(on_b1_b2 & Y(O(on_b2_b3 & Y(O(on_b3_b4 & Y(O(on_b4_b5 & Y(O(on_b5_b6 & Y(O(on_b6_b7 & Y(O(on_b7_b8))))))))))))) --working-dir results/experiment-1-2021-12-13T15:54:29.210127/f4lp-fd-ff/p08 --algorithm astar --heuristic ff
[2021-12-13 15:54:44,293][INFO]: ====================================================================================================
[2021-12-13 15:54:44,293][INFO]: Time: 2021-12-13 15:54:44.293765
[2021-12-13 15:54:44,293][INFO]: Processing problem results/experiment-1-2021-12-13T15:54:29.210127/p09.pddl
[2021-12-13 15:54:44,293][INFO]: Using formula: O(on_b1_b2 & Y(O(on_b2_b3 & Y(O(on_b3_b4 & Y(O(on_b4_b5 & Y(O(on_b5_b6 & Y(O(on_b6_b7 & Y(O(on_b7_b8 & Y(O(on_b8_b9)))))))))))))))
[2021-12-13 15:54:44,294][DEBUG]: name=p09
[2021-12-13 15:54:44,294][DEBUG]: domain=results/experiment-1-2021-12-13T15:54:29.210127/domain.pddl
[2021-12-13 15:54:44,294][DEBUG]: problem=results/experiment-1-2021-12-13T15:54:29.210127/p09.pddl
[2021-12-13 15:54:44,294][DEBUG]: formula=O(on_b1_b2 & Y(O(on_b2_b3 & Y(O(on_b3_b4 & Y(O(on_b4_b5 & Y(O(on_b5_b6 & Y(O(on_b6_b7 & Y(O(on_b7_b8 & Y(O(on_b8_b9)))))))))))))))
[2021-12-13 15:54:44,294][DEBUG]: mapping=None
[2021-12-13 15:54:44,294][DEBUG]: timeout=120.0
[2021-12-13 15:54:44,294][DEBUG]: tool=f4lp-fd-ff
[2021-12-13 15:54:44,294][DEBUG]: config={}
[2021-12-13 15:54:44,294][DEBUG]: working_dir=results/experiment-1-2021-12-13T15:54:29.210127/f4lp-fd-ff/p09
[2021-12-13 15:54:57,692][INFO]: name=p09
status=Status.SUCCESS
time_compilation=0.6926059722900391
time_tool=0.177675
time_end2end=13.285012
nb_node_expanded=5346
command=/home/marcofavorito/workfolder/planning-with-past-code/bin/fond4ltlfpltlf_wrapper -t fd -d results/experiment-1-2021-12-13T15:54:29.210127/domain.pddl -p results/experiment-1-2021-12-13T15:54:29.210127/p09.pddl -g O(on_b1_b2 & Y(O(on_b2_b3 & Y(O(on_b3_b4 & Y(O(on_b4_b5 & Y(O(on_b5_b6 & Y(O(on_b6_b7 & Y(O(on_b7_b8 & Y(O(on_b8_b9))))))))))))))) --working-dir results/experiment-1-2021-12-13T15:54:29.210127/f4lp-fd-ff/p09 --algorithm astar --heuristic ff
[2021-12-13 15:54:57,692][INFO]: ====================================================================================================
[2021-12-13 15:54:57,693][INFO]: Time: 2021-12-13 15:54:57.693022
[2021-12-13 15:54:57,693][INFO]: Processing problem results/experiment-1-2021-12-13T15:54:29.210127/p10.pddl
[2021-12-13 15:54:57,693][INFO]: Using formula: O(on_b1_b2 & Y(O(on_b2_b3 & Y(O(on_b3_b4 & Y(O(on_b4_b5 & Y(O(on_b5_b6 & Y(O(on_b6_b7 & Y(O(on_b7_b8 & Y(O(on_b8_b9 & Y(O(on_b9_b10)))))))))))))))))
[2021-12-13 15:54:57,693][DEBUG]: name=p10
[2021-12-13 15:54:57,693][DEBUG]: domain=results/experiment-1-2021-12-13T15:54:29.210127/domain.pddl
[2021-12-13 15:54:57,693][DEBUG]: problem=results/experiment-1-2021-12-13T15:54:29.210127/p10.pddl
[2021-12-13 15:54:57,693][DEBUG]: formula=O(on_b1_b2 & Y(O(on_b2_b3 & Y(O(on_b3_b4 & Y(O(on_b4_b5 & Y(O(on_b5_b6 & Y(O(on_b6_b7 & Y(O(on_b7_b8 & Y(O(on_b8_b9 & Y(O(on_b9_b10)))))))))))))))))
[2021-12-13 15:54:57,693][DEBUG]: mapping=None
[2021-12-13 15:54:57,693][DEBUG]: timeout=120.0
[2021-12-13 15:54:57,693][DEBUG]: tool=f4lp-fd-ff
[2021-12-13 15:54:57,693][DEBUG]: config={}
[2021-12-13 15:54:57,694][DEBUG]: working_dir=results/experiment-1-2021-12-13T15:54:29.210127/f4lp-fd-ff/p10
[2021-12-13 15:55:40,280][INFO]: name=p10
status=Status.SUCCESS
time_compilation=0.7115170955657959
time_tool=0.850701
time_end2end=42.463155
nb_node_expanded=19221
command=/home/marcofavorito/workfolder/planning-with-past-code/bin/fond4ltlfpltlf_wrapper -t fd -d results/experiment-1-2021-12-13T15:54:29.210127/domain.pddl -p results/experiment-1-2021-12-13T15:54:29.210127/p10.pddl -g O(on_b1_b2 & Y(O(on_b2_b3 & Y(O(on_b3_b4 & Y(O(on_b4_b5 & Y(O(on_b5_b6 & Y(O(on_b6_b7 & Y(O(on_b7_b8 & Y(O(on_b8_b9 & Y(O(on_b9_b10))))))))))))))))) --working-dir results/experiment-1-2021-12-13T15:54:29.210127/f4lp-fd-ff/p10 --algorithm astar --heuristic ff
[2021-12-13 15:55:40,280][INFO]: ====================================================================================================
[2021-12-13 15:55:40,280][INFO]: Time: 2021-12-13 15:55:40.280493
[2021-12-13 15:55:40,280][INFO]: Processing problem results/experiment-1-2021-12-13T15:54:29.210127/p11.pddl
[2021-12-13 15:55:40,280][INFO]: Using formula: O(on_b1_b2 & Y(O(on_b2_b3 & Y(O(on_b3_b4 & Y(O(on_b4_b5 & Y(O(on_b5_b6 & Y(O(on_b6_b7 & Y(O(on_b7_b8 & Y(O(on_b8_b9 & Y(O(on_b9_b10 & Y(O(on_b10_b11)))))))))))))))))))
[2021-12-13 15:55:40,280][DEBUG]: name=p11
[2021-12-13 15:55:40,280][DEBUG]: domain=results/experiment-1-2021-12-13T15:54:29.210127/domain.pddl
[2021-12-13 15:55:40,281][DEBUG]: problem=results/experiment-1-2021-12-13T15:54:29.210127/p11.pddl
[2021-12-13 15:55:40,281][DEBUG]: formula=O(on_b1_b2 & Y(O(on_b2_b3 & Y(O(on_b3_b4 & Y(O(on_b4_b5 & Y(O(on_b5_b6 & Y(O(on_b6_b7 & Y(O(on_b7_b8 & Y(O(on_b8_b9 & Y(O(on_b9_b10 & Y(O(on_b10_b11)))))))))))))))))))
[2021-12-13 15:55:40,281][DEBUG]: mapping=None
[2021-12-13 15:55:40,281][DEBUG]: timeout=120.0
[2021-12-13 15:55:40,281][DEBUG]: tool=f4lp-fd-ff
[2021-12-13 15:55:40,281][DEBUG]: config={}
[2021-12-13 15:55:40,281][DEBUG]: working_dir=results/experiment-1-2021-12-13T15:54:29.210127/f4lp-fd-ff/p11
[2021-12-13 15:57:12,153][INFO]: name=p11
status=Status.SUCCESS
time_compilation=0.7055490016937256
time_tool=4.49137
time_end2end=91.740893
nb_node_expanded=91531
command=/home/marcofavorito/workfolder/planning-with-past-code/bin/fond4ltlfpltlf_wrapper -t fd -d results/experiment-1-2021-12-13T15:54:29.210127/domain.pddl -p results/experiment-1-2021-12-13T15:54:29.210127/p11.pddl -g O(on_b1_b2 & Y(O(on_b2_b3 & Y(O(on_b3_b4 & Y(O(on_b4_b5 & Y(O(on_b5_b6 & Y(O(on_b6_b7 & Y(O(on_b7_b8 & Y(O(on_b8_b9 & Y(O(on_b9_b10 & Y(O(on_b10_b11))))))))))))))))))) --working-dir results/experiment-1-2021-12-13T15:54:29.210127/f4lp-fd-ff/p11 --algorithm astar --heuristic ff
[2021-12-13 15:57:12,153][INFO]: ====================================================================================================
[2021-12-13 15:57:12,153][INFO]: Time: 2021-12-13 15:57:12.153512
[2021-12-13 15:57:12,153][INFO]: Processing problem results/experiment-1-2021-12-13T15:54:29.210127/p12.pddl
[2021-12-13 15:57:12,153][INFO]: Using formula: O(on_b1_b2 & Y(O(on_b2_b3 & Y(O(on_b3_b4 & Y(O(on_b4_b5 & Y(O(on_b5_b6 & Y(O(on_b6_b7 & Y(O(on_b7_b8 & Y(O(on_b8_b9 & Y(O(on_b9_b10 & Y(O(on_b10_b11 & Y(O(on_b11_b12)))))))))))))))))))))
[2021-12-13 15:57:12,153][DEBUG]: name=p12
[2021-12-13 15:57:12,153][DEBUG]: domain=results/experiment-1-2021-12-13T15:54:29.210127/domain.pddl
[2021-12-13 15:57:12,154][DEBUG]: problem=results/experiment-1-2021-12-13T15:54:29.210127/p12.pddl
[2021-12-13 15:57:12,154][DEBUG]: formula=O(on_b1_b2 & Y(O(on_b2_b3 & Y(O(on_b3_b4 & Y(O(on_b4_b5 & Y(O(on_b5_b6 & Y(O(on_b6_b7 & Y(O(on_b7_b8 & Y(O(on_b8_b9 & Y(O(on_b9_b10 & Y(O(on_b10_b11 & Y(O(on_b11_b12)))))))))))))))))))))
[2021-12-13 15:57:12,154][DEBUG]: mapping=None
[2021-12-13 15:57:12,154][DEBUG]: timeout=120.0
[2021-12-13 15:57:12,154][DEBUG]: tool=f4lp-fd-ff
[2021-12-13 15:57:12,154][DEBUG]: config={}
[2021-12-13 15:57:12,154][DEBUG]: working_dir=results/experiment-1-2021-12-13T15:54:29.210127/f4lp-fd-ff/p12
[2021-12-13 15:59:12,166][INFO]: name=p12
status=Status.TIMEOUT
time_compilation=-1.0
time_tool=-1.0
time_end2end=120.00387330300146
nb_node_expanded=None
command=/home/marcofavorito/workfolder/planning-with-past-code/bin/fond4ltlfpltlf_wrapper -t fd -d results/experiment-1-2021-12-13T15:54:29.210127/domain.pddl -p results/experiment-1-2021-12-13T15:54:29.210127/p12.pddl -g O(on_b1_b2 & Y(O(on_b2_b3 & Y(O(on_b3_b4 & Y(O(on_b4_b5 & Y(O(on_b5_b6 & Y(O(on_b6_b7 & Y(O(on_b7_b8 & Y(O(on_b8_b9 & Y(O(on_b9_b10 & Y(O(on_b10_b11 & Y(O(on_b11_b12))))))))))))))))))))) --working-dir results/experiment-1-2021-12-13T15:54:29.210127/f4lp-fd-ff/p12 --algorithm astar --heuristic ff
[2021-12-13 15:59:12,167][INFO]: ====================================================================================================
[2021-12-13 15:59:12,167][INFO]: Time: 2021-12-13 15:59:12.167281
[2021-12-13 15:59:12,167][INFO]: Processing problem results/experiment-1-2021-12-13T15:54:29.210127/p13.pddl
[2021-12-13 15:59:12,167][INFO]: Using formula: O(on_b1_b2 & Y(O(on_b2_b3 & Y(O(on_b3_b4 & Y(O(on_b4_b5 & Y(O(on_b5_b6 & Y(O(on_b6_b7 & Y(O(on_b7_b8 & Y(O(on_b8_b9 & Y(O(on_b9_b10 & Y(O(on_b10_b11 & Y(O(on_b11_b12 & Y(O(on_b12_b13)))))))))))))))))))))))
[2021-12-13 15:59:12,167][DEBUG]: name=p13
[2021-12-13 15:59:12,167][DEBUG]: domain=results/experiment-1-2021-12-13T15:54:29.210127/domain.pddl
[2021-12-13 15:59:12,167][DEBUG]: problem=results/experiment-1-2021-12-13T15:54:29.210127/p13.pddl
[2021-12-13 15:59:12,168][DEBUG]: formula=O(on_b1_b2 & Y(O(on_b2_b3 & Y(O(on_b3_b4 & Y(O(on_b4_b5 & Y(O(on_b5_b6 & Y(O(on_b6_b7 & Y(O(on_b7_b8 & Y(O(on_b8_b9 & Y(O(on_b9_b10 & Y(O(on_b10_b11 & Y(O(on_b11_b12 & Y(O(on_b12_b13)))))))))))))))))))))))
[2021-12-13 15:59:12,168][DEBUG]: mapping=None
[2021-12-13 15:59:12,168][DEBUG]: timeout=120.0
[2021-12-13 15:59:12,168][DEBUG]: tool=f4lp-fd-ff
[2021-12-13 15:59:12,168][DEBUG]: config={}
[2021-12-13 15:59:12,168][DEBUG]: working_dir=results/experiment-1-2021-12-13T15:54:29.210127/f4lp-fd-ff/p13
[2021-12-13 16:01:12,182][INFO]: name=p13
status=Status.TIMEOUT
time_compilation=-1.0
time_tool=-1.0
time_end2end=120.00370112499513
nb_node_expanded=None
command=/home/marcofavorito/workfolder/planning-with-past-code/bin/fond4ltlfpltlf_wrapper -t fd -d results/experiment-1-2021-12-13T15:54:29.210127/domain.pddl -p results/experiment-1-2021-12-13T15:54:29.210127/p13.pddl -g O(on_b1_b2 & Y(O(on_b2_b3 & Y(O(on_b3_b4 & Y(O(on_b4_b5 & Y(O(on_b5_b6 & Y(O(on_b6_b7 & Y(O(on_b7_b8 & Y(O(on_b8_b9 & Y(O(on_b9_b10 & Y(O(on_b10_b11 & Y(O(on_b11_b12 & Y(O(on_b12_b13))))))))))))))))))))))) --working-dir results/experiment-1-2021-12-13T15:54:29.210127/f4lp-fd-ff/p13 --algorithm astar --heuristic ff
[2021-12-13 16:01:12,183][INFO]: ====================================================================================================
[2021-12-13 16:01:12,183][INFO]: Time: 2021-12-13 16:01:12.183315
[2021-12-13 16:01:12,183][INFO]: Processing problem results/experiment-1-2021-12-13T15:54:29.210127/p14.pddl
[2021-12-13 16:01:12,183][INFO]: Using formula: O(on_b1_b2 & Y(O(on_b2_b3 & Y(O(on_b3_b4 & Y(O(on_b4_b5 & Y(O(on_b5_b6 & Y(O(on_b6_b7 & Y(O(on_b7_b8 & Y(O(on_b8_b9 & Y(O(on_b9_b10 & Y(O(on_b10_b11 & Y(O(on_b11_b12 & Y(O(on_b12_b13 & Y(O(on_b13_b14)))))))))))))))))))))))))
[2021-12-13 16:01:12,183][DEBUG]: name=p14
[2021-12-13 16:01:12,183][DEBUG]: domain=results/experiment-1-2021-12-13T15:54:29.210127/domain.pddl
[2021-12-13 16:01:12,183][DEBUG]: problem=results/experiment-1-2021-12-13T15:54:29.210127/p14.pddl
[2021-12-13 16:01:12,183][DEBUG]: formula=O(on_b1_b2 & Y(O(on_b2_b3 & Y(O(on_b3_b4 & Y(O(on_b4_b5 & Y(O(on_b5_b6 & Y(O(on_b6_b7 & Y(O(on_b7_b8 & Y(O(on_b8_b9 & Y(O(on_b9_b10 & Y(O(on_b10_b11 & Y(O(on_b11_b12 & Y(O(on_b12_b13 & Y(O(on_b13_b14)))))))))))))))))))))))))
[2021-12-13 16:01:12,183][DEBUG]: mapping=None
[2021-12-13 16:01:12,183][DEBUG]: timeout=120.0
[2021-12-13 16:01:12,184][DEBUG]: tool=f4lp-fd-ff
[2021-12-13 16:01:12,184][DEBUG]: config={}
[2021-12-13 16:01:12,184][DEBUG]: working_dir=results/experiment-1-2021-12-13T15:54:29.210127/f4lp-fd-ff/p14
[2021-12-13 16:02:03,066][INFO]: Interrupted!
