[2021-12-13 19:09:46,303][INFO]: Using timeout 60.0, writing to results/experiment-type-2-2021-12-13T19:09:46.296610
[2021-12-13 19:09:46,307][INFO]: ====================================================================================================
[2021-12-13 19:09:46,307][INFO]: Time: 2021-12-13 19:09:46.307502
[2021-12-13 19:09:46,307][INFO]: Processing problem data/deterministic/blocksworld/p-001.pddl
[2021-12-13 19:09:46,307][DEBUG]: name=p-001
[2021-12-13 19:09:46,307][DEBUG]: domain=data/deterministic/blocksworld/domain.pddl
[2021-12-13 19:09:46,308][DEBUG]: problem=data/deterministic/blocksworld/p-001.pddl
[2021-12-13 19:09:46,308][DEBUG]: formula=None
[2021-12-13 19:09:46,308][DEBUG]: mapping=None
[2021-12-13 19:09:46,308][DEBUG]: timeout=60.0
[2021-12-13 19:09:46,308][DEBUG]: tool=fd-ff
[2021-12-13 19:09:46,308][DEBUG]: config={}
[2021-12-13 19:09:46,308][DEBUG]: working_dir=results/experiment-type-2-2021-12-13T19:09:46.296610/fd-ff/p-001
[2021-12-13 19:09:47,181][INFO]: name=p-001
status=Status.SUCCESS
time_compilation=-1.0
time_tool=0.00200816
time_end2end=0.870281483992585
nb_node_expanded=7
command=/home/marcofavorito/workfolder/planning-with-past-code/bin/fd_wrapper -d data/deterministic/blocksworld/domain.pddl -p data/deterministic/blocksworld/p-001.pddl --algorithm astar --heuristic ff --working-dir results/experiment-type-2-2021-12-13T19:09:46.296610/fd-ff/p-001
[2021-12-13 19:09:47,182][INFO]: ====================================================================================================
[2021-12-13 19:09:47,182][INFO]: Time: 2021-12-13 19:09:47.182237
[2021-12-13 19:09:47,182][INFO]: Processing problem data/deterministic/blocksworld/p-002.pddl
[2021-12-13 19:09:47,182][DEBUG]: name=p-002
[2021-12-13 19:09:47,182][DEBUG]: domain=data/deterministic/blocksworld/domain.pddl
[2021-12-13 19:09:47,182][DEBUG]: problem=data/deterministic/blocksworld/p-002.pddl
[2021-12-13 19:09:47,182][DEBUG]: formula=None
[2021-12-13 19:09:47,182][DEBUG]: mapping=None
[2021-12-13 19:09:47,182][DEBUG]: timeout=60.0
[2021-12-13 19:09:47,182][DEBUG]: tool=fd-ff
[2021-12-13 19:09:47,182][DEBUG]: config={}
[2021-12-13 19:09:47,182][DEBUG]: working_dir=results/experiment-type-2-2021-12-13T19:09:46.296610/fd-ff/p-002
[2021-12-13 19:09:48,154][INFO]: name=p-002
status=Status.SUCCESS
time_compilation=-1.0
time_tool=0.00257127
time_end2end=0.9689513329940382
nb_node_expanded=13
command=/home/marcofavorito/workfolder/planning-with-past-code/bin/fd_wrapper -d data/deterministic/blocksworld/domain.pddl -p data/deterministic/blocksworld/p-002.pddl --algorithm astar --heuristic ff --working-dir results/experiment-type-2-2021-12-13T19:09:46.296610/fd-ff/p-002
[2021-12-13 19:09:48,154][INFO]: ====================================================================================================
[2021-12-13 19:09:48,155][INFO]: Time: 2021-12-13 19:09:48.154941
[2021-12-13 19:09:48,155][INFO]: Processing problem data/deterministic/blocksworld/p-003.pddl
[2021-12-13 19:09:48,155][DEBUG]: name=p-003
[2021-12-13 19:09:48,155][DEBUG]: domain=data/deterministic/blocksworld/domain.pddl
[2021-12-13 19:09:48,155][DEBUG]: problem=data/deterministic/blocksworld/p-003.pddl
[2021-12-13 19:09:48,156][DEBUG]: formula=None
[2021-12-13 19:09:48,156][DEBUG]: mapping=None
[2021-12-13 19:09:48,156][DEBUG]: timeout=60.0
[2021-12-13 19:09:48,156][DEBUG]: tool=fd-ff
[2021-12-13 19:09:48,156][DEBUG]: config={}
[2021-12-13 19:09:48,156][DEBUG]: working_dir=results/experiment-type-2-2021-12-13T19:09:46.296610/fd-ff/p-003
[2021-12-13 19:09:49,080][INFO]: name=p-003
status=Status.SUCCESS
time_compilation=-1.0
time_tool=0.00281476
time_end2end=0.9212067869957536
nb_node_expanded=10
command=/home/marcofavorito/workfolder/planning-with-past-code/bin/fd_wrapper -d data/deterministic/blocksworld/domain.pddl -p data/deterministic/blocksworld/p-003.pddl --algorithm astar --heuristic ff --working-dir results/experiment-type-2-2021-12-13T19:09:46.296610/fd-ff/p-003
[2021-12-13 19:09:49,080][INFO]: ====================================================================================================
[2021-12-13 19:09:49,080][INFO]: Time: 2021-12-13 19:09:49.080542
[2021-12-13 19:09:49,080][INFO]: Processing problem data/deterministic/blocksworld/p-004.pddl
[2021-12-13 19:09:49,080][DEBUG]: name=p-004
[2021-12-13 19:09:49,080][DEBUG]: domain=data/deterministic/blocksworld/domain.pddl
[2021-12-13 19:09:49,080][DEBUG]: problem=data/deterministic/blocksworld/p-004.pddl
[2021-12-13 19:09:49,080][DEBUG]: formula=None
[2021-12-13 19:09:49,080][DEBUG]: mapping=None
[2021-12-13 19:09:49,081][DEBUG]: timeout=60.0
[2021-12-13 19:09:49,081][DEBUG]: tool=fd-ff
[2021-12-13 19:09:49,081][DEBUG]: config={}
[2021-12-13 19:09:49,081][DEBUG]: working_dir=results/experiment-type-2-2021-12-13T19:09:46.296610/fd-ff/p-004
[2021-12-13 19:09:49,951][INFO]: name=p-004
status=Status.SUCCESS
time_compilation=-1.0
time_tool=0.00248268
time_end2end=0.8682962589955423
nb_node_expanded=26
command=/home/marcofavorito/workfolder/planning-with-past-code/bin/fd_wrapper -d data/deterministic/blocksworld/domain.pddl -p data/deterministic/blocksworld/p-004.pddl --algorithm astar --heuristic ff --working-dir results/experiment-type-2-2021-12-13T19:09:46.296610/fd-ff/p-004
[2021-12-13 19:09:49,951][INFO]: ====================================================================================================
[2021-12-13 19:09:49,951][INFO]: Time: 2021-12-13 19:09:49.951869
[2021-12-13 19:09:49,951][INFO]: Processing problem data/deterministic/blocksworld/p-005.pddl
[2021-12-13 19:09:49,952][DEBUG]: name=p-005
[2021-12-13 19:09:49,952][DEBUG]: domain=data/deterministic/blocksworld/domain.pddl
[2021-12-13 19:09:49,952][DEBUG]: problem=data/deterministic/blocksworld/p-005.pddl
[2021-12-13 19:09:49,952][DEBUG]: formula=None
[2021-12-13 19:09:49,952][DEBUG]: mapping=None
[2021-12-13 19:09:49,952][DEBUG]: timeout=60.0
[2021-12-13 19:09:49,952][DEBUG]: tool=fd-ff
[2021-12-13 19:09:49,952][DEBUG]: config={}
[2021-12-13 19:09:49,952][DEBUG]: working_dir=results/experiment-type-2-2021-12-13T19:09:46.296610/fd-ff/p-005
[2021-12-13 19:09:50,823][INFO]: name=p-005
status=Status.SUCCESS
time_compilation=-1.0
time_tool=0.00236528
time_end2end=0.8686746450111968
nb_node_expanded=26
command=/home/marcofavorito/workfolder/planning-with-past-code/bin/fd_wrapper -d data/deterministic/blocksworld/domain.pddl -p data/deterministic/blocksworld/p-005.pddl --algorithm astar --heuristic ff --working-dir results/experiment-type-2-2021-12-13T19:09:46.296610/fd-ff/p-005
[2021-12-13 19:09:50,823][INFO]: ====================================================================================================
[2021-12-13 19:09:50,823][INFO]: Time: 2021-12-13 19:09:50.823658
[2021-12-13 19:09:50,823][INFO]: Processing problem data/deterministic/blocksworld/p-006.pddl
[2021-12-13 19:09:50,823][DEBUG]: name=p-006
[2021-12-13 19:09:50,823][DEBUG]: domain=data/deterministic/blocksworld/domain.pddl
[2021-12-13 19:09:50,824][DEBUG]: problem=data/deterministic/blocksworld/p-006.pddl
[2021-12-13 19:09:50,824][DEBUG]: formula=None
[2021-12-13 19:09:50,824][DEBUG]: mapping=None
[2021-12-13 19:09:50,824][DEBUG]: timeout=60.0
[2021-12-13 19:09:50,824][DEBUG]: tool=fd-ff
[2021-12-13 19:09:50,824][DEBUG]: config={}
[2021-12-13 19:09:50,824][DEBUG]: working_dir=results/experiment-type-2-2021-12-13T19:09:46.296610/fd-ff/p-006
[2021-12-13 19:09:51,696][INFO]: name=p-006
status=Status.SUCCESS
time_compilation=-1.0
time_tool=0.00270237
time_end2end=0.8692573819862446
nb_node_expanded=50
command=/home/marcofavorito/workfolder/planning-with-past-code/bin/fd_wrapper -d data/deterministic/blocksworld/domain.pddl -p data/deterministic/blocksworld/p-006.pddl --algorithm astar --heuristic ff --working-dir results/experiment-type-2-2021-12-13T19:09:46.296610/fd-ff/p-006
[2021-12-13 19:09:51,696][INFO]: ====================================================================================================
[2021-12-13 19:09:51,696][INFO]: Time: 2021-12-13 19:09:51.696444
[2021-12-13 19:09:51,696][INFO]: Processing problem data/deterministic/blocksworld/p-007.pddl
[2021-12-13 19:09:51,696][DEBUG]: name=p-007
[2021-12-13 19:09:51,696][DEBUG]: domain=data/deterministic/blocksworld/domain.pddl
[2021-12-13 19:09:51,696][DEBUG]: problem=data/deterministic/blocksworld/p-007.pddl
[2021-12-13 19:09:51,696][DEBUG]: formula=None
[2021-12-13 19:09:51,697][DEBUG]: mapping=None
[2021-12-13 19:09:51,697][DEBUG]: timeout=60.0
[2021-12-13 19:09:51,697][DEBUG]: tool=fd-ff
[2021-12-13 19:09:51,697][DEBUG]: config={}
[2021-12-13 19:09:51,697][DEBUG]: working_dir=results/experiment-type-2-2021-12-13T19:09:46.296610/fd-ff/p-007
[2021-12-13 19:09:52,618][INFO]: name=p-007
status=Status.SUCCESS
time_compilation=-1.0
time_tool=0.00288312
time_end2end=0.9194672580051702
nb_node_expanded=18
command=/home/marcofavorito/workfolder/planning-with-past-code/bin/fd_wrapper -d data/deterministic/blocksworld/domain.pddl -p data/deterministic/blocksworld/p-007.pddl --algorithm astar --heuristic ff --working-dir results/experiment-type-2-2021-12-13T19:09:46.296610/fd-ff/p-007
[2021-12-13 19:09:52,618][INFO]: ====================================================================================================
[2021-12-13 19:09:52,619][INFO]: Time: 2021-12-13 19:09:52.619005
[2021-12-13 19:09:52,619][INFO]: Processing problem data/deterministic/blocksworld/p-008.pddl
[2021-12-13 19:09:52,619][DEBUG]: name=p-008
[2021-12-13 19:09:52,619][DEBUG]: domain=data/deterministic/blocksworld/domain.pddl
[2021-12-13 19:09:52,619][DEBUG]: problem=data/deterministic/blocksworld/p-008.pddl
[2021-12-13 19:09:52,619][DEBUG]: formula=None
[2021-12-13 19:09:52,619][DEBUG]: mapping=None
[2021-12-13 19:09:52,619][DEBUG]: timeout=60.0
[2021-12-13 19:09:52,619][DEBUG]: tool=fd-ff
[2021-12-13 19:09:52,619][DEBUG]: config={}
[2021-12-13 19:09:52,619][DEBUG]: working_dir=results/experiment-type-2-2021-12-13T19:09:46.296610/fd-ff/p-008
[2021-12-13 19:09:53,540][INFO]: name=p-008
status=Status.SUCCESS
time_compilation=-1.0
time_tool=0.00233334
time_end2end=0.9186910690041259
nb_node_expanded=13
command=/home/marcofavorito/workfolder/planning-with-past-code/bin/fd_wrapper -d data/deterministic/blocksworld/domain.pddl -p data/deterministic/blocksworld/p-008.pddl --algorithm astar --heuristic ff --working-dir results/experiment-type-2-2021-12-13T19:09:46.296610/fd-ff/p-008
[2021-12-13 19:09:53,540][INFO]: ====================================================================================================
[2021-12-13 19:09:53,540][INFO]: Time: 2021-12-13 19:09:53.540953
[2021-12-13 19:09:53,541][INFO]: Processing problem data/deterministic/blocksworld/p-009.pddl
[2021-12-13 19:09:53,541][DEBUG]: name=p-009
[2021-12-13 19:09:53,541][DEBUG]: domain=data/deterministic/blocksworld/domain.pddl
[2021-12-13 19:09:53,541][DEBUG]: problem=data/deterministic/blocksworld/p-009.pddl
[2021-12-13 19:09:53,541][DEBUG]: formula=None
[2021-12-13 19:09:53,541][DEBUG]: mapping=None
[2021-12-13 19:09:53,541][DEBUG]: timeout=60.0
[2021-12-13 19:09:53,541][DEBUG]: tool=fd-ff
[2021-12-13 19:09:53,541][DEBUG]: config={}
[2021-12-13 19:09:53,541][DEBUG]: working_dir=results/experiment-type-2-2021-12-13T19:09:46.296610/fd-ff/p-009
[2021-12-13 19:09:54,463][INFO]: name=p-009
status=Status.SUCCESS
time_compilation=-1.0
time_tool=0.00781685
time_end2end=0.9198017370072193
nb_node_expanded=438
command=/home/marcofavorito/workfolder/planning-with-past-code/bin/fd_wrapper -d data/deterministic/blocksworld/domain.pddl -p data/deterministic/blocksworld/p-009.pddl --algorithm astar --heuristic ff --working-dir results/experiment-type-2-2021-12-13T19:09:46.296610/fd-ff/p-009
[2021-12-13 19:09:54,463][INFO]: ====================================================================================================
[2021-12-13 19:09:54,463][INFO]: Time: 2021-12-13 19:09:54.463826
[2021-12-13 19:09:54,463][INFO]: Processing problem data/deterministic/blocksworld/p-010.pddl
[2021-12-13 19:09:54,464][DEBUG]: name=p-010
[2021-12-13 19:09:54,464][DEBUG]: domain=data/deterministic/blocksworld/domain.pddl
[2021-12-13 19:09:54,464][DEBUG]: problem=data/deterministic/blocksworld/p-010.pddl
[2021-12-13 19:09:54,464][DEBUG]: formula=None
[2021-12-13 19:09:54,464][DEBUG]: mapping=None
[2021-12-13 19:09:54,464][DEBUG]: timeout=60.0
[2021-12-13 19:09:54,464][DEBUG]: tool=fd-ff
[2021-12-13 19:09:54,464][DEBUG]: config={}
[2021-12-13 19:09:54,464][DEBUG]: working_dir=results/experiment-type-2-2021-12-13T19:09:46.296610/fd-ff/p-010
[2021-12-13 19:09:55,434][INFO]: name=p-010
status=Status.SUCCESS
time_compilation=-1.0
time_tool=0.00462136
time_end2end=0.9685115379979834
nb_node_expanded=130
command=/home/marcofavorito/workfolder/planning-with-past-code/bin/fd_wrapper -d data/deterministic/blocksworld/domain.pddl -p data/deterministic/blocksworld/p-010.pddl --algorithm astar --heuristic ff --working-dir results/experiment-type-2-2021-12-13T19:09:46.296610/fd-ff/p-010
[2021-12-13 19:09:55,525][INFO]: ====================================================================================================
[2021-12-13 19:09:55,525][INFO]: Time: 2021-12-13 19:09:55.525530
[2021-12-13 19:09:55,525][INFO]: Processing problem data/deterministic/blocksworld/p-001.pddl
[2021-12-13 19:09:55,525][DEBUG]: name=p-001
[2021-12-13 19:09:55,525][DEBUG]: domain=data/deterministic/blocksworld/domain.pddl
[2021-12-13 19:09:55,525][DEBUG]: problem=data/deterministic/blocksworld/p-001.pddl
[2021-12-13 19:09:55,525][DEBUG]: formula=on_d_c & on_c_b & on_b_a
[2021-12-13 19:09:55,525][DEBUG]: mapping=None
[2021-12-13 19:09:55,525][DEBUG]: timeout=60.0
[2021-12-13 19:09:55,525][DEBUG]: tool=p4p-fd-ff
[2021-12-13 19:09:55,525][DEBUG]: config={}
[2021-12-13 19:09:55,526][DEBUG]: working_dir=results/experiment-type-2-2021-12-13T19:09:46.296610/p4p-fd-ff/p-001
[2021-12-13 19:09:57,397][INFO]: name=p-001
status=Status.SUCCESS
time_compilation=0.582327127456665
time_tool=0.0019613
time_end2end=1.380823
nb_node_expanded=7
command=/home/marcofavorito/workfolder/planning-with-past-code/bin/plan4past -t fd --domain data/deterministic/blocksworld/domain.pddl --problem data/deterministic/blocksworld/p-001.pddl --formula on_d_c & on_c_b & on_b_a --working-dir results/experiment-type-2-2021-12-13T19:09:46.296610/p4p-fd-ff/p-001 --algorithm astar --heuristic ff
[2021-12-13 19:09:57,452][INFO]: ====================================================================================================
[2021-12-13 19:09:57,452][INFO]: Time: 2021-12-13 19:09:57.452497
[2021-12-13 19:09:57,452][INFO]: Processing problem data/deterministic/blocksworld/p-002.pddl
[2021-12-13 19:09:57,452][DEBUG]: name=p-002
[2021-12-13 19:09:57,452][DEBUG]: domain=data/deterministic/blocksworld/domain.pddl
[2021-12-13 19:09:57,452][DEBUG]: problem=data/deterministic/blocksworld/p-002.pddl
[2021-12-13 19:09:57,452][DEBUG]: formula=on_d_c & on_c_a & on_a_b
[2021-12-13 19:09:57,452][DEBUG]: mapping=None
[2021-12-13 19:09:57,452][DEBUG]: timeout=60.0
[2021-12-13 19:09:57,452][DEBUG]: tool=p4p-fd-ff
[2021-12-13 19:09:57,452][DEBUG]: config={}
[2021-12-13 19:09:57,452][DEBUG]: working_dir=results/experiment-type-2-2021-12-13T19:09:46.296610/p4p-fd-ff/p-002
[2021-12-13 19:09:59,124][INFO]: name=p-002
status=Status.SUCCESS
time_compilation=0.5575718879699707
time_tool=0.00216581
time_end2end=1.35762
nb_node_expanded=12
command=/home/marcofavorito/workfolder/planning-with-past-code/bin/plan4past -t fd --domain data/deterministic/blocksworld/domain.pddl --problem data/deterministic/blocksworld/p-002.pddl --formula on_d_c & on_c_a & on_a_b --working-dir results/experiment-type-2-2021-12-13T19:09:46.296610/p4p-fd-ff/p-002 --algorithm astar --heuristic ff
[2021-12-13 19:09:59,170][INFO]: ====================================================================================================
[2021-12-13 19:09:59,171][INFO]: Time: 2021-12-13 19:09:59.171004
[2021-12-13 19:09:59,171][INFO]: Processing problem data/deterministic/blocksworld/p-003.pddl
[2021-12-13 19:09:59,171][DEBUG]: name=p-003
[2021-12-13 19:09:59,171][DEBUG]: domain=data/deterministic/blocksworld/domain.pddl
[2021-12-13 19:09:59,171][DEBUG]: problem=data/deterministic/blocksworld/p-003.pddl
[2021-12-13 19:09:59,171][DEBUG]: formula=on_a_b & on_b_c & on_c_d
[2021-12-13 19:09:59,171][DEBUG]: mapping=None
[2021-12-13 19:09:59,171][DEBUG]: timeout=60.0
[2021-12-13 19:09:59,171][DEBUG]: tool=p4p-fd-ff
[2021-12-13 19:09:59,171][DEBUG]: config={}
[2021-12-13 19:09:59,171][DEBUG]: working_dir=results/experiment-type-2-2021-12-13T19:09:46.296610/p4p-fd-ff/p-003
[2021-12-13 19:10:00,948][INFO]: name=p-003
status=Status.SUCCESS
time_compilation=0.5563688278198242
time_tool=0.0029809
time_end2end=1.495274
nb_node_expanded=10
command=/home/marcofavorito/workfolder/planning-with-past-code/bin/plan4past -t fd --domain data/deterministic/blocksworld/domain.pddl --problem data/deterministic/blocksworld/p-003.pddl --formula on_a_b & on_b_c & on_c_d --working-dir results/experiment-type-2-2021-12-13T19:09:46.296610/p4p-fd-ff/p-003 --algorithm astar --heuristic ff
[2021-12-13 19:10:01,014][INFO]: ====================================================================================================
[2021-12-13 19:10:01,014][INFO]: Time: 2021-12-13 19:10:01.014646
[2021-12-13 19:10:01,014][INFO]: Processing problem data/deterministic/blocksworld/p-004.pddl
[2021-12-13 19:10:01,014][DEBUG]: name=p-004
[2021-12-13 19:10:01,014][DEBUG]: domain=data/deterministic/blocksworld/domain.pddl
[2021-12-13 19:10:01,014][DEBUG]: problem=data/deterministic/blocksworld/p-004.pddl
[2021-12-13 19:10:01,014][DEBUG]: formula=on_a_e & on_e_b & on_b_d & on_d_c
[2021-12-13 19:10:01,014][DEBUG]: mapping=None
[2021-12-13 19:10:01,014][DEBUG]: timeout=60.0
[2021-12-13 19:10:01,014][DEBUG]: tool=p4p-fd-ff
[2021-12-13 19:10:01,015][DEBUG]: config={}
[2021-12-13 19:10:01,015][DEBUG]: working_dir=results/experiment-type-2-2021-12-13T19:09:46.296610/p4p-fd-ff/p-004
[2021-12-13 19:10:02,785][INFO]: name=p-004
status=Status.SUCCESS
time_compilation=0.5600709915161133
time_tool=0.00237794
time_end2end=1.456566
nb_node_expanded=25
command=/home/marcofavorito/workfolder/planning-with-past-code/bin/plan4past -t fd --domain data/deterministic/blocksworld/domain.pddl --problem data/deterministic/blocksworld/p-004.pddl --formula on_a_e & on_e_b & on_b_d & on_d_c --working-dir results/experiment-type-2-2021-12-13T19:09:46.296610/p4p-fd-ff/p-004 --algorithm astar --heuristic ff
[2021-12-13 19:10:02,833][INFO]: ====================================================================================================
[2021-12-13 19:10:02,833][INFO]: Time: 2021-12-13 19:10:02.833511
[2021-12-13 19:10:02,833][INFO]: Processing problem data/deterministic/blocksworld/p-005.pddl
[2021-12-13 19:10:02,833][DEBUG]: name=p-005
[2021-12-13 19:10:02,833][DEBUG]: domain=data/deterministic/blocksworld/domain.pddl
[2021-12-13 19:10:02,833][DEBUG]: problem=data/deterministic/blocksworld/p-005.pddl
[2021-12-13 19:10:02,833][DEBUG]: formula=on_d_c & on_c_b & on_b_a & on_a_e
[2021-12-13 19:10:02,833][DEBUG]: mapping=None
[2021-12-13 19:10:02,833][DEBUG]: timeout=60.0
[2021-12-13 19:10:02,833][DEBUG]: tool=p4p-fd-ff
[2021-12-13 19:10:02,833][DEBUG]: config={}
[2021-12-13 19:10:02,833][DEBUG]: working_dir=results/experiment-type-2-2021-12-13T19:09:46.296610/p4p-fd-ff/p-005
[2021-12-13 19:10:04,505][INFO]: name=p-005
status=Status.SUCCESS
time_compilation=0.6093709468841553
time_tool=0.00223909
time_end2end=1.408797
nb_node_expanded=22
command=/home/marcofavorito/workfolder/planning-with-past-code/bin/plan4past -t fd --domain data/deterministic/blocksworld/domain.pddl --problem data/deterministic/blocksworld/p-005.pddl --formula on_d_c & on_c_b & on_b_a & on_a_e --working-dir results/experiment-type-2-2021-12-13T19:09:46.296610/p4p-fd-ff/p-005 --algorithm astar --heuristic ff
[2021-12-13 19:10:04,554][INFO]: ====================================================================================================
[2021-12-13 19:10:04,554][INFO]: Time: 2021-12-13 19:10:04.554548
[2021-12-13 19:10:04,554][INFO]: Processing problem data/deterministic/blocksworld/p-006.pddl
[2021-12-13 19:10:04,554][DEBUG]: name=p-006
[2021-12-13 19:10:04,554][DEBUG]: domain=data/deterministic/blocksworld/domain.pddl
[2021-12-13 19:10:04,554][DEBUG]: problem=data/deterministic/blocksworld/p-006.pddl
[2021-12-13 19:10:04,554][DEBUG]: formula=on_d_c & on_c_b & on_b_e & on_e_a
[2021-12-13 19:10:04,554][DEBUG]: mapping=None
[2021-12-13 19:10:04,554][DEBUG]: timeout=60.0
[2021-12-13 19:10:04,554][DEBUG]: tool=p4p-fd-ff
[2021-12-13 19:10:04,554][DEBUG]: config={}
[2021-12-13 19:10:04,554][DEBUG]: working_dir=results/experiment-type-2-2021-12-13T19:09:46.296610/p4p-fd-ff/p-006
[2021-12-13 19:10:06,176][INFO]: name=p-006
status=Status.SUCCESS
time_compilation=0.5561258792877197
time_tool=0.00270495
time_end2end=1.353579
nb_node_expanded=51
command=/home/marcofavorito/workfolder/planning-with-past-code/bin/plan4past -t fd --domain data/deterministic/blocksworld/domain.pddl --problem data/deterministic/blocksworld/p-006.pddl --formula on_d_c & on_c_b & on_b_e & on_e_a --working-dir results/experiment-type-2-2021-12-13T19:09:46.296610/p4p-fd-ff/p-006 --algorithm astar --heuristic ff
[2021-12-13 19:10:06,225][INFO]: ====================================================================================================
[2021-12-13 19:10:06,225][INFO]: Time: 2021-12-13 19:10:06.225972
[2021-12-13 19:10:06,226][INFO]: Processing problem data/deterministic/blocksworld/p-007.pddl
[2021-12-13 19:10:06,226][DEBUG]: name=p-007
[2021-12-13 19:10:06,226][DEBUG]: domain=data/deterministic/blocksworld/domain.pddl
[2021-12-13 19:10:06,226][DEBUG]: problem=data/deterministic/blocksworld/p-007.pddl
[2021-12-13 19:10:06,226][DEBUG]: formula=on_c_b & on_b_a & on_a_e & on_e_f & on_f_d
[2021-12-13 19:10:06,226][DEBUG]: mapping=None
[2021-12-13 19:10:06,226][DEBUG]: timeout=60.0
[2021-12-13 19:10:06,226][DEBUG]: tool=p4p-fd-ff
[2021-12-13 19:10:06,226][DEBUG]: config={}
[2021-12-13 19:10:06,226][DEBUG]: working_dir=results/experiment-type-2-2021-12-13T19:09:46.296610/p4p-fd-ff/p-007
[2021-12-13 19:10:07,847][INFO]: name=p-007
status=Status.SUCCESS
time_compilation=0.5667901039123535
time_tool=0.00246887
time_end2end=1.353619
nb_node_expanded=18
command=/home/marcofavorito/workfolder/planning-with-past-code/bin/plan4past -t fd --domain data/deterministic/blocksworld/domain.pddl --problem data/deterministic/blocksworld/p-007.pddl --formula on_c_b & on_b_a & on_a_e & on_e_f & on_f_d --working-dir results/experiment-type-2-2021-12-13T19:09:46.296610/p4p-fd-ff/p-007 --algorithm astar --heuristic ff
[2021-12-13 19:10:07,907][INFO]: ====================================================================================================
[2021-12-13 19:10:07,907][INFO]: Time: 2021-12-13 19:10:07.907379
[2021-12-13 19:10:07,907][INFO]: Processing problem data/deterministic/blocksworld/p-008.pddl
[2021-12-13 19:10:07,907][DEBUG]: name=p-008
[2021-12-13 19:10:07,907][DEBUG]: domain=data/deterministic/blocksworld/domain.pddl
[2021-12-13 19:10:07,907][DEBUG]: problem=data/deterministic/blocksworld/p-008.pddl
[2021-12-13 19:10:07,907][DEBUG]: formula=on_e_f & on_f_c & on_c_b & on_b_a & on_a_d
[2021-12-13 19:10:07,907][DEBUG]: mapping=None
[2021-12-13 19:10:07,907][DEBUG]: timeout=60.0
[2021-12-13 19:10:07,907][DEBUG]: tool=p4p-fd-ff
[2021-12-13 19:10:07,907][DEBUG]: config={}
[2021-12-13 19:10:07,907][DEBUG]: working_dir=results/experiment-type-2-2021-12-13T19:09:46.296610/p4p-fd-ff/p-008
[2021-12-13 19:10:09,580][INFO]: name=p-008
status=Status.SUCCESS
time_compilation=0.5694990158081055
time_tool=0.00235887
time_end2end=1.368925
nb_node_expanded=13
command=/home/marcofavorito/workfolder/planning-with-past-code/bin/plan4past -t fd --domain data/deterministic/blocksworld/domain.pddl --problem data/deterministic/blocksworld/p-008.pddl --formula on_e_f & on_f_c & on_c_b & on_b_a & on_a_d --working-dir results/experiment-type-2-2021-12-13T19:09:46.296610/p4p-fd-ff/p-008 --algorithm astar --heuristic ff
[2021-12-13 19:10:09,642][INFO]: ====================================================================================================
[2021-12-13 19:10:09,642][INFO]: Time: 2021-12-13 19:10:09.642559
[2021-12-13 19:10:09,642][INFO]: Processing problem data/deterministic/blocksworld/p-009.pddl
[2021-12-13 19:10:09,642][DEBUG]: name=p-009
[2021-12-13 19:10:09,642][DEBUG]: domain=data/deterministic/blocksworld/domain.pddl
[2021-12-13 19:10:09,642][DEBUG]: problem=data/deterministic/blocksworld/p-009.pddl
[2021-12-13 19:10:09,642][DEBUG]: formula=on_e_f & on_f_a & on_a_b & on_b_c & on_c_d
[2021-12-13 19:10:09,642][DEBUG]: mapping=None
[2021-12-13 19:10:09,642][DEBUG]: timeout=60.0
[2021-12-13 19:10:09,642][DEBUG]: tool=p4p-fd-ff
[2021-12-13 19:10:09,642][DEBUG]: config={}
[2021-12-13 19:10:09,642][DEBUG]: working_dir=results/experiment-type-2-2021-12-13T19:09:46.296610/p4p-fd-ff/p-009
[2021-12-13 19:10:11,315][INFO]: name=p-009
status=Status.SUCCESS
time_compilation=0.5702879428863525
time_tool=0.00689975
time_end2end=1.374811
nb_node_expanded=407
command=/home/marcofavorito/workfolder/planning-with-past-code/bin/plan4past -t fd --domain data/deterministic/blocksworld/domain.pddl --problem data/deterministic/blocksworld/p-009.pddl --formula on_e_f & on_f_a & on_a_b & on_b_c & on_c_d --working-dir results/experiment-type-2-2021-12-13T19:09:46.296610/p4p-fd-ff/p-009 --algorithm astar --heuristic ff
[2021-12-13 19:10:11,383][INFO]: ====================================================================================================
[2021-12-13 19:10:11,383][INFO]: Time: 2021-12-13 19:10:11.383162
[2021-12-13 19:10:11,383][INFO]: Processing problem data/deterministic/blocksworld/p-010.pddl
[2021-12-13 19:10:11,383][DEBUG]: name=p-010
[2021-12-13 19:10:11,383][DEBUG]: domain=data/deterministic/blocksworld/domain.pddl
[2021-12-13 19:10:11,383][DEBUG]: problem=data/deterministic/blocksworld/p-010.pddl
[2021-12-13 19:10:11,383][DEBUG]: formula=on_a_g & on_g_d & on_d_b & on_b_c & on_c_f & on_f_e
[2021-12-13 19:10:11,383][DEBUG]: mapping=None
[2021-12-13 19:10:11,383][DEBUG]: timeout=60.0
[2021-12-13 19:10:11,383][DEBUG]: tool=p4p-fd-ff
[2021-12-13 19:10:11,383][DEBUG]: config={}
[2021-12-13 19:10:11,383][DEBUG]: working_dir=results/experiment-type-2-2021-12-13T19:09:46.296610/p4p-fd-ff/p-010
[2021-12-13 19:10:13,055][INFO]: name=p-010
status=Status.SUCCESS
time_compilation=0.566896915435791
time_tool=0.00420549
time_end2end=1.376495
nb_node_expanded=105
command=/home/marcofavorito/workfolder/planning-with-past-code/bin/plan4past -t fd --domain data/deterministic/blocksworld/domain.pddl --problem data/deterministic/blocksworld/p-010.pddl --formula on_a_g & on_g_d & on_d_b & on_b_c & on_c_f & on_f_e --working-dir results/experiment-type-2-2021-12-13T19:09:46.296610/p4p-fd-ff/p-010 --algorithm astar --heuristic ff
