[2021-12-13 10:44:20,364][INFO]: Using timeout 60.0, writing to results/blocksworld1b-2021-12-13T10:44:20.363147
[2021-12-13 10:44:20,364][INFO]: Tools: ('f4lp-mynd-sc-ff', 'p4p-mynd-sc-ff', 'lf2f-mynd-sc-ff')
[2021-12-13 10:44:20,367][INFO]: ====================================================================================================
[2021-12-13 10:44:20,367][INFO]: Time: 2021-12-13 10:44:20.367174
[2021-12-13 10:44:20,367][INFO]: Processing problem results/blocksworld1b-2021-12-13T10:44:20.363147/p03.pddl
[2021-12-13 10:44:20,367][INFO]: Using formula: O(on_b2_b3 & Y(O(on_b1_b2)))
[2021-12-13 10:44:20,367][DEBUG]: name=p03
[2021-12-13 10:44:20,367][DEBUG]: domain=results/blocksworld1b-2021-12-13T10:44:20.363147/domain.pddl
[2021-12-13 10:44:20,367][DEBUG]: problem=results/blocksworld1b-2021-12-13T10:44:20.363147/p03.pddl
[2021-12-13 10:44:20,367][DEBUG]: formula=O(on_b2_b3 & Y(O(on_b1_b2)))
[2021-12-13 10:44:20,367][DEBUG]: mapping=None
[2021-12-13 10:44:20,367][DEBUG]: timeout=60.0
[2021-12-13 10:44:20,367][DEBUG]: tool=f4lp-mynd-sc-ff
[2021-12-13 10:44:21,891][INFO]: name=p03
status=Status.SUCCESS
time_compilation=0.43333911895751953
time_tool=1.011351
time_end2end=1.44469
nb_node_expanded=38
command=/home/marcofavorito/workfolder/planning-with-past-code/bin/fond4ltlfpltlf_wrapper -t mynd -d results/blocksworld1b-2021-12-13T10:44:20.363147/domain.pddl -p results/blocksworld1b-2021-12-13T10:44:20.363147/p03.pddl -g O(on_b2_b3 & Y(O(on_b1_b2))) --working-dir results/blocksworld1b-2021-12-13T10:44:20.363147/f4lp-mynd-sc-ff/p03 --algorithm laostar --heuristic ff
[2021-12-13 10:44:21,891][INFO]: ====================================================================================================
[2021-12-13 10:44:21,892][INFO]: Time: 2021-12-13 10:44:21.891997
[2021-12-13 10:44:21,892][INFO]: Processing problem results/blocksworld1b-2021-12-13T10:44:20.363147/p04.pddl
[2021-12-13 10:44:21,892][INFO]: Using formula: O(on_b3_b4 & Y(O(on_b2_b3 & Y(O(on_b1_b2)))))
[2021-12-13 10:44:21,892][DEBUG]: name=p04
[2021-12-13 10:44:21,892][DEBUG]: domain=results/blocksworld1b-2021-12-13T10:44:20.363147/domain.pddl
[2021-12-13 10:44:21,892][DEBUG]: problem=results/blocksworld1b-2021-12-13T10:44:20.363147/p04.pddl
[2021-12-13 10:44:21,892][DEBUG]: formula=O(on_b3_b4 & Y(O(on_b2_b3 & Y(O(on_b1_b2)))))
[2021-12-13 10:44:21,892][DEBUG]: mapping=None
[2021-12-13 10:44:21,892][DEBUG]: timeout=60.0
[2021-12-13 10:44:21,892][DEBUG]: tool=f4lp-mynd-sc-ff
[2021-12-13 10:44:22,813][INFO]: name=p04
status=Status.SUCCESS
time_compilation=0.4223458766937256
time_tool=0.406038
time_end2end=0.828384
nb_node_expanded=77
command=/home/marcofavorito/workfolder/planning-with-past-code/bin/fond4ltlfpltlf_wrapper -t mynd -d results/blocksworld1b-2021-12-13T10:44:20.363147/domain.pddl -p results/blocksworld1b-2021-12-13T10:44:20.363147/p04.pddl -g O(on_b3_b4 & Y(O(on_b2_b3 & Y(O(on_b1_b2))))) --working-dir results/blocksworld1b-2021-12-13T10:44:20.363147/f4lp-mynd-sc-ff/p04 --algorithm laostar --heuristic ff
[2021-12-13 10:44:22,813][INFO]: ====================================================================================================
[2021-12-13 10:44:22,814][INFO]: Time: 2021-12-13 10:44:22.814023
[2021-12-13 10:44:22,814][INFO]: Processing problem results/blocksworld1b-2021-12-13T10:44:20.363147/p05.pddl
[2021-12-13 10:44:22,814][INFO]: Using formula: O(on_b4_b5 & Y(O(on_b3_b4 & Y(O(on_b2_b3 & Y(O(on_b1_b2)))))))
[2021-12-13 10:44:22,814][DEBUG]: name=p05
[2021-12-13 10:44:22,814][DEBUG]: domain=results/blocksworld1b-2021-12-13T10:44:20.363147/domain.pddl
[2021-12-13 10:44:22,814][DEBUG]: problem=results/blocksworld1b-2021-12-13T10:44:20.363147/p05.pddl
[2021-12-13 10:44:22,814][DEBUG]: formula=O(on_b4_b5 & Y(O(on_b3_b4 & Y(O(on_b2_b3 & Y(O(on_b1_b2)))))))
[2021-12-13 10:44:22,814][DEBUG]: mapping=None
[2021-12-13 10:44:22,814][DEBUG]: timeout=60.0
[2021-12-13 10:44:22,814][DEBUG]: tool=f4lp-mynd-sc-ff
[2021-12-13 10:44:24,235][INFO]: name=p05
status=Status.SUCCESS
time_compilation=0.42789697647094727
time_tool=0.918068
time_end2end=1.345965
nb_node_expanded=354
command=/home/marcofavorito/workfolder/planning-with-past-code/bin/fond4ltlfpltlf_wrapper -t mynd -d results/blocksworld1b-2021-12-13T10:44:20.363147/domain.pddl -p results/blocksworld1b-2021-12-13T10:44:20.363147/p05.pddl -g O(on_b4_b5 & Y(O(on_b3_b4 & Y(O(on_b2_b3 & Y(O(on_b1_b2))))))) --working-dir results/blocksworld1b-2021-12-13T10:44:20.363147/f4lp-mynd-sc-ff/p05 --algorithm laostar --heuristic ff
[2021-12-13 10:44:24,236][INFO]: ====================================================================================================
[2021-12-13 10:44:24,236][INFO]: Time: 2021-12-13 10:44:24.236279
[2021-12-13 10:44:24,236][INFO]: Processing problem results/blocksworld1b-2021-12-13T10:44:20.363147/p06.pddl
[2021-12-13 10:44:24,236][INFO]: Using formula: O(on_b5_b6 & Y(O(on_b4_b5 & Y(O(on_b3_b4 & Y(O(on_b2_b3 & Y(O(on_b1_b2)))))))))
[2021-12-13 10:44:24,236][DEBUG]: name=p06
[2021-12-13 10:44:24,236][DEBUG]: domain=results/blocksworld1b-2021-12-13T10:44:20.363147/domain.pddl
[2021-12-13 10:44:24,236][DEBUG]: problem=results/blocksworld1b-2021-12-13T10:44:20.363147/p06.pddl
[2021-12-13 10:44:24,236][DEBUG]: formula=O(on_b5_b6 & Y(O(on_b4_b5 & Y(O(on_b3_b4 & Y(O(on_b2_b3 & Y(O(on_b1_b2)))))))))
[2021-12-13 10:44:24,236][DEBUG]: mapping=None
[2021-12-13 10:44:24,236][DEBUG]: timeout=60.0
[2021-12-13 10:44:24,236][DEBUG]: tool=f4lp-mynd-sc-ff
[2021-12-13 10:44:26,703][INFO]: name=p06
status=Status.SUCCESS
time_compilation=0.44390201568603516
time_tool=1.893505
time_end2end=2.337407
nb_node_expanded=724
command=/home/marcofavorito/workfolder/planning-with-past-code/bin/fond4ltlfpltlf_wrapper -t mynd -d results/blocksworld1b-2021-12-13T10:44:20.363147/domain.pddl -p results/blocksworld1b-2021-12-13T10:44:20.363147/p06.pddl -g O(on_b5_b6 & Y(O(on_b4_b5 & Y(O(on_b3_b4 & Y(O(on_b2_b3 & Y(O(on_b1_b2))))))))) --working-dir results/blocksworld1b-2021-12-13T10:44:20.363147/f4lp-mynd-sc-ff/p06 --algorithm laostar --heuristic ff
[2021-12-13 10:44:26,703][INFO]: ====================================================================================================
[2021-12-13 10:44:26,704][INFO]: Time: 2021-12-13 10:44:26.703986
[2021-12-13 10:44:26,704][INFO]: Processing problem results/blocksworld1b-2021-12-13T10:44:20.363147/p07.pddl
[2021-12-13 10:44:26,704][INFO]: Using formula: O(on_b6_b7 & Y(O(on_b5_b6 & Y(O(on_b4_b5 & Y(O(on_b3_b4 & Y(O(on_b2_b3 & Y(O(on_b1_b2)))))))))))
[2021-12-13 10:44:26,704][DEBUG]: name=p07
[2021-12-13 10:44:26,705][DEBUG]: domain=results/blocksworld1b-2021-12-13T10:44:20.363147/domain.pddl
[2021-12-13 10:44:26,705][DEBUG]: problem=results/blocksworld1b-2021-12-13T10:44:20.363147/p07.pddl
[2021-12-13 10:44:26,705][DEBUG]: formula=O(on_b6_b7 & Y(O(on_b5_b6 & Y(O(on_b4_b5 & Y(O(on_b3_b4 & Y(O(on_b2_b3 & Y(O(on_b1_b2)))))))))))
[2021-12-13 10:44:26,705][DEBUG]: mapping=None
[2021-12-13 10:44:26,705][DEBUG]: timeout=60.0
[2021-12-13 10:44:26,706][DEBUG]: tool=f4lp-mynd-sc-ff
[2021-12-13 10:44:34,056][INFO]: name=p07
status=Status.SUCCESS
time_compilation=0.42796802520751953
time_tool=6.782207
time_end2end=7.210175
nb_node_expanded=1646
command=/home/marcofavorito/workfolder/planning-with-past-code/bin/fond4ltlfpltlf_wrapper -t mynd -d results/blocksworld1b-2021-12-13T10:44:20.363147/domain.pddl -p results/blocksworld1b-2021-12-13T10:44:20.363147/p07.pddl -g O(on_b6_b7 & Y(O(on_b5_b6 & Y(O(on_b4_b5 & Y(O(on_b3_b4 & Y(O(on_b2_b3 & Y(O(on_b1_b2))))))))))) --working-dir results/blocksworld1b-2021-12-13T10:44:20.363147/f4lp-mynd-sc-ff/p07 --algorithm laostar --heuristic ff
[2021-12-13 10:44:34,056][INFO]: ====================================================================================================
[2021-12-13 10:44:34,057][INFO]: Time: 2021-12-13 10:44:34.056963
[2021-12-13 10:44:34,057][INFO]: Processing problem results/blocksworld1b-2021-12-13T10:44:20.363147/p08.pddl
[2021-12-13 10:44:34,057][INFO]: Using formula: O(on_b7_b8 & Y(O(on_b6_b7 & Y(O(on_b5_b6 & Y(O(on_b4_b5 & Y(O(on_b3_b4 & Y(O(on_b2_b3 & Y(O(on_b1_b2)))))))))))))
[2021-12-13 10:44:34,057][DEBUG]: name=p08
[2021-12-13 10:44:34,057][DEBUG]: domain=results/blocksworld1b-2021-12-13T10:44:20.363147/domain.pddl
[2021-12-13 10:44:34,057][DEBUG]: problem=results/blocksworld1b-2021-12-13T10:44:20.363147/p08.pddl
[2021-12-13 10:44:34,057][DEBUG]: formula=O(on_b7_b8 & Y(O(on_b6_b7 & Y(O(on_b5_b6 & Y(O(on_b4_b5 & Y(O(on_b3_b4 & Y(O(on_b2_b3 & Y(O(on_b1_b2)))))))))))))
[2021-12-13 10:44:34,058][DEBUG]: mapping=None
[2021-12-13 10:44:34,058][DEBUG]: timeout=60.0
[2021-12-13 10:44:34,058][DEBUG]: tool=f4lp-mynd-sc-ff
[2021-12-13 10:45:34,088][INFO]: name=p08
status=Status.TIMEOUT
time_compilation=-1.0
time_tool=-1.0
time_end2end=60.00538473299821
nb_node_expanded=None
command=/home/marcofavorito/workfolder/planning-with-past-code/bin/fond4ltlfpltlf_wrapper -t mynd -d results/blocksworld1b-2021-12-13T10:44:20.363147/domain.pddl -p results/blocksworld1b-2021-12-13T10:44:20.363147/p08.pddl -g O(on_b7_b8 & Y(O(on_b6_b7 & Y(O(on_b5_b6 & Y(O(on_b4_b5 & Y(O(on_b3_b4 & Y(O(on_b2_b3 & Y(O(on_b1_b2))))))))))))) --working-dir results/blocksworld1b-2021-12-13T10:44:20.363147/f4lp-mynd-sc-ff/p08 --algorithm laostar --heuristic ff
[2021-12-13 10:45:34,088][INFO]: ====================================================================================================
[2021-12-13 10:45:34,088][INFO]: Time: 2021-12-13 10:45:34.088682
[2021-12-13 10:45:34,088][INFO]: Processing problem results/blocksworld1b-2021-12-13T10:44:20.363147/p09.pddl
[2021-12-13 10:45:34,088][INFO]: Using formula: O(on_b8_b9 & Y(O(on_b7_b8 & Y(O(on_b6_b7 & Y(O(on_b5_b6 & Y(O(on_b4_b5 & Y(O(on_b3_b4 & Y(O(on_b2_b3 & Y(O(on_b1_b2)))))))))))))))
[2021-12-13 10:45:34,088][DEBUG]: name=p09
[2021-12-13 10:45:34,089][DEBUG]: domain=results/blocksworld1b-2021-12-13T10:44:20.363147/domain.pddl
[2021-12-13 10:45:34,089][DEBUG]: problem=results/blocksworld1b-2021-12-13T10:44:20.363147/p09.pddl
[2021-12-13 10:45:34,089][DEBUG]: formula=O(on_b8_b9 & Y(O(on_b7_b8 & Y(O(on_b6_b7 & Y(O(on_b5_b6 & Y(O(on_b4_b5 & Y(O(on_b3_b4 & Y(O(on_b2_b3 & Y(O(on_b1_b2)))))))))))))))
[2021-12-13 10:45:34,089][DEBUG]: mapping=None
[2021-12-13 10:45:34,089][DEBUG]: timeout=60.0
[2021-12-13 10:45:34,089][DEBUG]: tool=f4lp-mynd-sc-ff
[2021-12-13 10:46:00,368][INFO]: name=p09
status=Status.SUCCESS
time_compilation=0.4291951656341553
time_tool=25.774883
time_end2end=26.204078
nb_node_expanded=2398
command=/home/marcofavorito/workfolder/planning-with-past-code/bin/fond4ltlfpltlf_wrapper -t mynd -d results/blocksworld1b-2021-12-13T10:44:20.363147/domain.pddl -p results/blocksworld1b-2021-12-13T10:44:20.363147/p09.pddl -g O(on_b8_b9 & Y(O(on_b7_b8 & Y(O(on_b6_b7 & Y(O(on_b5_b6 & Y(O(on_b4_b5 & Y(O(on_b3_b4 & Y(O(on_b2_b3 & Y(O(on_b1_b2))))))))))))))) --working-dir results/blocksworld1b-2021-12-13T10:44:20.363147/f4lp-mynd-sc-ff/p09 --algorithm laostar --heuristic ff
[2021-12-13 10:46:00,368][INFO]: ====================================================================================================
[2021-12-13 10:46:00,368][INFO]: Time: 2021-12-13 10:46:00.368551
[2021-12-13 10:46:00,368][INFO]: Processing problem results/blocksworld1b-2021-12-13T10:44:20.363147/p10.pddl
[2021-12-13 10:46:00,368][INFO]: Using formula: O(on_b9_b10 & Y(O(on_b8_b9 & Y(O(on_b7_b8 & Y(O(on_b6_b7 & Y(O(on_b5_b6 & Y(O(on_b4_b5 & Y(O(on_b3_b4 & Y(O(on_b2_b3 & Y(O(on_b1_b2)))))))))))))))))
[2021-12-13 10:46:00,368][DEBUG]: name=p10
[2021-12-13 10:46:00,368][DEBUG]: domain=results/blocksworld1b-2021-12-13T10:44:20.363147/domain.pddl
[2021-12-13 10:46:00,368][DEBUG]: problem=results/blocksworld1b-2021-12-13T10:44:20.363147/p10.pddl
[2021-12-13 10:46:00,369][DEBUG]: formula=O(on_b9_b10 & Y(O(on_b8_b9 & Y(O(on_b7_b8 & Y(O(on_b6_b7 & Y(O(on_b5_b6 & Y(O(on_b4_b5 & Y(O(on_b3_b4 & Y(O(on_b2_b3 & Y(O(on_b1_b2)))))))))))))))))
[2021-12-13 10:46:00,369][DEBUG]: mapping=None
[2021-12-13 10:46:00,369][DEBUG]: timeout=60.0
[2021-12-13 10:46:00,369][DEBUG]: tool=f4lp-mynd-sc-ff
[2021-12-13 10:47:00,385][INFO]: name=p10
status=Status.TIMEOUT
time_compilation=-1.0
time_tool=-1.0
time_end2end=60.0033488179979
nb_node_expanded=None
command=/home/marcofavorito/workfolder/planning-with-past-code/bin/fond4ltlfpltlf_wrapper -t mynd -d results/blocksworld1b-2021-12-13T10:44:20.363147/domain.pddl -p results/blocksworld1b-2021-12-13T10:44:20.363147/p10.pddl -g O(on_b9_b10 & Y(O(on_b8_b9 & Y(O(on_b7_b8 & Y(O(on_b6_b7 & Y(O(on_b5_b6 & Y(O(on_b4_b5 & Y(O(on_b3_b4 & Y(O(on_b2_b3 & Y(O(on_b1_b2))))))))))))))))) --working-dir results/blocksworld1b-2021-12-13T10:44:20.363147/f4lp-mynd-sc-ff/p10 --algorithm laostar --heuristic ff
[2021-12-13 10:47:00,386][INFO]: ====================================================================================================
[2021-12-13 10:47:00,386][INFO]: Time: 2021-12-13 10:47:00.386789
[2021-12-13 10:47:00,386][INFO]: Processing problem results/blocksworld1b-2021-12-13T10:44:20.363147/p03.pddl
[2021-12-13 10:47:00,386][INFO]: Using formula: O(on_b2_b3 & Y(O(on_b1_b2)))
[2021-12-13 10:47:00,387][DEBUG]: name=p03
[2021-12-13 10:47:00,387][DEBUG]: domain=results/blocksworld1b-2021-12-13T10:44:20.363147/domain.pddl
[2021-12-13 10:47:00,387][DEBUG]: problem=results/blocksworld1b-2021-12-13T10:44:20.363147/p03.pddl
[2021-12-13 10:47:00,387][DEBUG]: formula=O(on_b2_b3 & Y(O(on_b1_b2)))
[2021-12-13 10:47:00,387][DEBUG]: mapping=None
[2021-12-13 10:47:00,387][DEBUG]: timeout=60.0
[2021-12-13 10:47:00,387][DEBUG]: tool=p4p-mynd-sc-ff
[2021-12-13 10:47:01,135][INFO]: name=p03
status=Status.SUCCESS
time_compilation=0.35183000564575195
time_tool=0.282797
time_end2end=0.634627
nb_node_expanded=19
command=/home/marcofavorito/workfolder/planning-with-past-code/bin/plan4past -t mynd --domain results/blocksworld1b-2021-12-13T10:44:20.363147/domain.pddl --problem results/blocksworld1b-2021-12-13T10:44:20.363147/p03.pddl --formula O(on_b2_b3 & Y(O(on_b1_b2))) --working-dir results/blocksworld1b-2021-12-13T10:44:20.363147/p4p-mynd-sc-ff/p03 --algorithm laostar --heuristic ff
[2021-12-13 10:47:01,136][INFO]: ====================================================================================================
[2021-12-13 10:47:01,136][INFO]: Time: 2021-12-13 10:47:01.136432
[2021-12-13 10:47:01,136][INFO]: Processing problem results/blocksworld1b-2021-12-13T10:44:20.363147/p04.pddl
[2021-12-13 10:47:01,136][INFO]: Using formula: O(on_b3_b4 & Y(O(on_b2_b3 & Y(O(on_b1_b2)))))
[2021-12-13 10:47:01,137][DEBUG]: name=p04
[2021-12-13 10:47:01,137][DEBUG]: domain=results/blocksworld1b-2021-12-13T10:44:20.363147/domain.pddl
[2021-12-13 10:47:01,137][DEBUG]: problem=results/blocksworld1b-2021-12-13T10:44:20.363147/p04.pddl
[2021-12-13 10:47:01,137][DEBUG]: formula=O(on_b3_b4 & Y(O(on_b2_b3 & Y(O(on_b1_b2)))))
[2021-12-13 10:47:01,137][DEBUG]: mapping=None
[2021-12-13 10:47:01,137][DEBUG]: timeout=60.0
[2021-12-13 10:47:01,138][DEBUG]: tool=p4p-mynd-sc-ff
[2021-12-13 10:47:01,959][INFO]: name=p04
status=Status.SUCCESS
time_compilation=0.352308988571167
time_tool=0.373237
time_end2end=0.725546
nb_node_expanded=79
command=/home/marcofavorito/workfolder/planning-with-past-code/bin/plan4past -t mynd --domain results/blocksworld1b-2021-12-13T10:44:20.363147/domain.pddl --problem results/blocksworld1b-2021-12-13T10:44:20.363147/p04.pddl --formula O(on_b3_b4 & Y(O(on_b2_b3 & Y(O(on_b1_b2))))) --working-dir results/blocksworld1b-2021-12-13T10:44:20.363147/p4p-mynd-sc-ff/p04 --algorithm laostar --heuristic ff
[2021-12-13 10:47:01,959][INFO]: ====================================================================================================
[2021-12-13 10:47:01,960][INFO]: Time: 2021-12-13 10:47:01.960022
[2021-12-13 10:47:01,960][INFO]: Processing problem results/blocksworld1b-2021-12-13T10:44:20.363147/p05.pddl
[2021-12-13 10:47:01,960][INFO]: Using formula: O(on_b4_b5 & Y(O(on_b3_b4 & Y(O(on_b2_b3 & Y(O(on_b1_b2)))))))
[2021-12-13 10:47:01,960][DEBUG]: name=p05
[2021-12-13 10:47:01,960][DEBUG]: domain=results/blocksworld1b-2021-12-13T10:44:20.363147/domain.pddl
[2021-12-13 10:47:01,960][DEBUG]: problem=results/blocksworld1b-2021-12-13T10:44:20.363147/p05.pddl
[2021-12-13 10:47:01,960][DEBUG]: formula=O(on_b4_b5 & Y(O(on_b3_b4 & Y(O(on_b2_b3 & Y(O(on_b1_b2)))))))
[2021-12-13 10:47:01,960][DEBUG]: mapping=None
[2021-12-13 10:47:01,960][DEBUG]: timeout=60.0
[2021-12-13 10:47:01,960][DEBUG]: tool=p4p-mynd-sc-ff
[2021-12-13 10:47:03,132][INFO]: name=p05
status=Status.SUCCESS
time_compilation=0.35211706161499023
time_tool=0.702382
time_end2end=1.054499
nb_node_expanded=250
command=/home/marcofavorito/workfolder/planning-with-past-code/bin/plan4past -t mynd --domain results/blocksworld1b-2021-12-13T10:44:20.363147/domain.pddl --problem results/blocksworld1b-2021-12-13T10:44:20.363147/p05.pddl --formula O(on_b4_b5 & Y(O(on_b3_b4 & Y(O(on_b2_b3 & Y(O(on_b1_b2))))))) --working-dir results/blocksworld1b-2021-12-13T10:44:20.363147/p4p-mynd-sc-ff/p05 --algorithm laostar --heuristic ff
[2021-12-13 10:47:03,132][INFO]: ====================================================================================================
[2021-12-13 10:47:03,132][INFO]: Time: 2021-12-13 10:47:03.132473
[2021-12-13 10:47:03,132][INFO]: Processing problem results/blocksworld1b-2021-12-13T10:44:20.363147/p06.pddl
[2021-12-13 10:47:03,132][INFO]: Using formula: O(on_b5_b6 & Y(O(on_b4_b5 & Y(O(on_b3_b4 & Y(O(on_b2_b3 & Y(O(on_b1_b2)))))))))
[2021-12-13 10:47:03,132][DEBUG]: name=p06
[2021-12-13 10:47:03,132][DEBUG]: domain=results/blocksworld1b-2021-12-13T10:44:20.363147/domain.pddl
[2021-12-13 10:47:03,132][DEBUG]: problem=results/blocksworld1b-2021-12-13T10:44:20.363147/p06.pddl
[2021-12-13 10:47:03,133][DEBUG]: formula=O(on_b5_b6 & Y(O(on_b4_b5 & Y(O(on_b3_b4 & Y(O(on_b2_b3 & Y(O(on_b1_b2)))))))))
[2021-12-13 10:47:03,133][DEBUG]: mapping=None
[2021-12-13 10:47:03,133][DEBUG]: timeout=60.0
[2021-12-13 10:47:03,133][DEBUG]: tool=p4p-mynd-sc-ff
[2021-12-13 10:47:05,458][INFO]: name=p06
status=Status.SUCCESS
time_compilation=0.362598180770874
time_tool=1.810913
time_end2end=2.173511
nb_node_expanded=522
command=/home/marcofavorito/workfolder/planning-with-past-code/bin/plan4past -t mynd --domain results/blocksworld1b-2021-12-13T10:44:20.363147/domain.pddl --problem results/blocksworld1b-2021-12-13T10:44:20.363147/p06.pddl --formula O(on_b5_b6 & Y(O(on_b4_b5 & Y(O(on_b3_b4 & Y(O(on_b2_b3 & Y(O(on_b1_b2))))))))) --working-dir results/blocksworld1b-2021-12-13T10:44:20.363147/p4p-mynd-sc-ff/p06 --algorithm laostar --heuristic ff
[2021-12-13 10:47:05,458][INFO]: ====================================================================================================
[2021-12-13 10:47:05,458][INFO]: Time: 2021-12-13 10:47:05.458436
[2021-12-13 10:47:05,458][INFO]: Processing problem results/blocksworld1b-2021-12-13T10:44:20.363147/p07.pddl
[2021-12-13 10:47:05,458][INFO]: Using formula: O(on_b6_b7 & Y(O(on_b5_b6 & Y(O(on_b4_b5 & Y(O(on_b3_b4 & Y(O(on_b2_b3 & Y(O(on_b1_b2)))))))))))
[2021-12-13 10:47:05,458][DEBUG]: name=p07
[2021-12-13 10:47:05,458][DEBUG]: domain=results/blocksworld1b-2021-12-13T10:44:20.363147/domain.pddl
[2021-12-13 10:47:05,458][DEBUG]: problem=results/blocksworld1b-2021-12-13T10:44:20.363147/p07.pddl
[2021-12-13 10:47:05,459][DEBUG]: formula=O(on_b6_b7 & Y(O(on_b5_b6 & Y(O(on_b4_b5 & Y(O(on_b3_b4 & Y(O(on_b2_b3 & Y(O(on_b1_b2)))))))))))
[2021-12-13 10:47:05,459][DEBUG]: mapping=None
[2021-12-13 10:47:05,459][DEBUG]: timeout=60.0
[2021-12-13 10:47:05,459][DEBUG]: tool=p4p-mynd-sc-ff
[2021-12-13 10:47:16,354][INFO]: name=p07
status=Status.SUCCESS
time_compilation=0.35734987258911133
time_tool=10.468974
time_end2end=10.826324
nb_node_expanded=1242
command=/home/marcofavorito/workfolder/planning-with-past-code/bin/plan4past -t mynd --domain results/blocksworld1b-2021-12-13T10:44:20.363147/domain.pddl --problem results/blocksworld1b-2021-12-13T10:44:20.363147/p07.pddl --formula O(on_b6_b7 & Y(O(on_b5_b6 & Y(O(on_b4_b5 & Y(O(on_b3_b4 & Y(O(on_b2_b3 & Y(O(on_b1_b2))))))))))) --working-dir results/blocksworld1b-2021-12-13T10:44:20.363147/p4p-mynd-sc-ff/p07 --algorithm laostar --heuristic ff
[2021-12-13 10:47:16,354][INFO]: ====================================================================================================
[2021-12-13 10:47:16,354][INFO]: Time: 2021-12-13 10:47:16.354472
[2021-12-13 10:47:16,354][INFO]: Processing problem results/blocksworld1b-2021-12-13T10:44:20.363147/p08.pddl
[2021-12-13 10:47:16,354][INFO]: Using formula: O(on_b7_b8 & Y(O(on_b6_b7 & Y(O(on_b5_b6 & Y(O(on_b4_b5 & Y(O(on_b3_b4 & Y(O(on_b2_b3 & Y(O(on_b1_b2)))))))))))))
[2021-12-13 10:47:16,354][DEBUG]: name=p08
[2021-12-13 10:47:16,354][DEBUG]: domain=results/blocksworld1b-2021-12-13T10:44:20.363147/domain.pddl
[2021-12-13 10:47:16,354][DEBUG]: problem=results/blocksworld1b-2021-12-13T10:44:20.363147/p08.pddl
[2021-12-13 10:47:16,354][DEBUG]: formula=O(on_b7_b8 & Y(O(on_b6_b7 & Y(O(on_b5_b6 & Y(O(on_b4_b5 & Y(O(on_b3_b4 & Y(O(on_b2_b3 & Y(O(on_b1_b2)))))))))))))
[2021-12-13 10:47:16,354][DEBUG]: mapping=None
[2021-12-13 10:47:16,354][DEBUG]: timeout=60.0
[2021-12-13 10:47:16,354][DEBUG]: tool=p4p-mynd-sc-ff
[2021-12-13 10:48:16,365][INFO]: name=p08
status=Status.TIMEOUT
time_compilation=-1.0
time_tool=-1.0
time_end2end=60.00283954200131
nb_node_expanded=None
command=/home/marcofavorito/workfolder/planning-with-past-code/bin/plan4past -t mynd --domain results/blocksworld1b-2021-12-13T10:44:20.363147/domain.pddl --problem results/blocksworld1b-2021-12-13T10:44:20.363147/p08.pddl --formula O(on_b7_b8 & Y(O(on_b6_b7 & Y(O(on_b5_b6 & Y(O(on_b4_b5 & Y(O(on_b3_b4 & Y(O(on_b2_b3 & Y(O(on_b1_b2))))))))))))) --working-dir results/blocksworld1b-2021-12-13T10:44:20.363147/p4p-mynd-sc-ff/p08 --algorithm laostar --heuristic ff
[2021-12-13 10:48:16,365][INFO]: ====================================================================================================
[2021-12-13 10:48:16,365][INFO]: Time: 2021-12-13 10:48:16.365811
[2021-12-13 10:48:16,365][INFO]: Processing problem results/blocksworld1b-2021-12-13T10:44:20.363147/p09.pddl
[2021-12-13 10:48:16,365][INFO]: Using formula: O(on_b8_b9 & Y(O(on_b7_b8 & Y(O(on_b6_b7 & Y(O(on_b5_b6 & Y(O(on_b4_b5 & Y(O(on_b3_b4 & Y(O(on_b2_b3 & Y(O(on_b1_b2)))))))))))))))
[2021-12-13 10:48:16,365][DEBUG]: name=p09
[2021-12-13 10:48:16,366][DEBUG]: domain=results/blocksworld1b-2021-12-13T10:44:20.363147/domain.pddl
[2021-12-13 10:48:16,366][DEBUG]: problem=results/blocksworld1b-2021-12-13T10:44:20.363147/p09.pddl
[2021-12-13 10:48:16,366][DEBUG]: formula=O(on_b8_b9 & Y(O(on_b7_b8 & Y(O(on_b6_b7 & Y(O(on_b5_b6 & Y(O(on_b4_b5 & Y(O(on_b3_b4 & Y(O(on_b2_b3 & Y(O(on_b1_b2)))))))))))))))
[2021-12-13 10:48:16,366][DEBUG]: mapping=None
[2021-12-13 10:48:16,366][DEBUG]: timeout=60.0
[2021-12-13 10:48:16,366][DEBUG]: tool=p4p-mynd-sc-ff
[2021-12-13 10:49:16,375][INFO]: name=p09
status=Status.TIMEOUT
time_compilation=-1.0
time_tool=-1.0
time_end2end=60.002713557994866
nb_node_expanded=None
command=/home/marcofavorito/workfolder/planning-with-past-code/bin/plan4past -t mynd --domain results/blocksworld1b-2021-12-13T10:44:20.363147/domain.pddl --problem results/blocksworld1b-2021-12-13T10:44:20.363147/p09.pddl --formula O(on_b8_b9 & Y(O(on_b7_b8 & Y(O(on_b6_b7 & Y(O(on_b5_b6 & Y(O(on_b4_b5 & Y(O(on_b3_b4 & Y(O(on_b2_b3 & Y(O(on_b1_b2))))))))))))))) --working-dir results/blocksworld1b-2021-12-13T10:44:20.363147/p4p-mynd-sc-ff/p09 --algorithm laostar --heuristic ff
[2021-12-13 10:49:16,376][INFO]: ====================================================================================================
[2021-12-13 10:49:16,376][INFO]: Time: 2021-12-13 10:49:16.376088
[2021-12-13 10:49:16,376][INFO]: Processing problem results/blocksworld1b-2021-12-13T10:44:20.363147/p10.pddl
[2021-12-13 10:49:16,376][INFO]: Using formula: O(on_b9_b10 & Y(O(on_b8_b9 & Y(O(on_b7_b8 & Y(O(on_b6_b7 & Y(O(on_b5_b6 & Y(O(on_b4_b5 & Y(O(on_b3_b4 & Y(O(on_b2_b3 & Y(O(on_b1_b2)))))))))))))))))
[2021-12-13 10:49:16,376][DEBUG]: name=p10
[2021-12-13 10:49:16,376][DEBUG]: domain=results/blocksworld1b-2021-12-13T10:44:20.363147/domain.pddl
[2021-12-13 10:49:16,376][DEBUG]: problem=results/blocksworld1b-2021-12-13T10:44:20.363147/p10.pddl
[2021-12-13 10:49:16,376][DEBUG]: formula=O(on_b9_b10 & Y(O(on_b8_b9 & Y(O(on_b7_b8 & Y(O(on_b6_b7 & Y(O(on_b5_b6 & Y(O(on_b4_b5 & Y(O(on_b3_b4 & Y(O(on_b2_b3 & Y(O(on_b1_b2)))))))))))))))))
[2021-12-13 10:49:16,376][DEBUG]: mapping=None
[2021-12-13 10:49:16,376][DEBUG]: timeout=60.0
[2021-12-13 10:49:16,376][DEBUG]: tool=p4p-mynd-sc-ff
[2021-12-13 10:50:16,386][INFO]: name=p10
status=Status.TIMEOUT
time_compilation=-1.0
time_tool=-1.0
time_end2end=60.00262881200615
nb_node_expanded=None
command=/home/marcofavorito/workfolder/planning-with-past-code/bin/plan4past -t mynd --domain results/blocksworld1b-2021-12-13T10:44:20.363147/domain.pddl --problem results/blocksworld1b-2021-12-13T10:44:20.363147/p10.pddl --formula O(on_b9_b10 & Y(O(on_b8_b9 & Y(O(on_b7_b8 & Y(O(on_b6_b7 & Y(O(on_b5_b6 & Y(O(on_b4_b5 & Y(O(on_b3_b4 & Y(O(on_b2_b3 & Y(O(on_b1_b2))))))))))))))))) --working-dir results/blocksworld1b-2021-12-13T10:44:20.363147/p4p-mynd-sc-ff/p10 --algorithm laostar --heuristic ff
[2021-12-13 10:50:16,387][INFO]: ====================================================================================================
[2021-12-13 10:50:16,387][INFO]: Time: 2021-12-13 10:50:16.387558
[2021-12-13 10:50:16,387][INFO]: Processing problem results/blocksworld1b-2021-12-13T10:44:20.363147/p03.pddl
[2021-12-13 10:50:16,387][INFO]: Using formula: F("on b2 b3"&X(F("on b1 b2")))
[2021-12-13 10:50:16,387][DEBUG]: name=p03
[2021-12-13 10:50:16,387][DEBUG]: domain=results/blocksworld1b-2021-12-13T10:44:20.363147/domain.pddl
[2021-12-13 10:50:16,387][DEBUG]: problem=results/blocksworld1b-2021-12-13T10:44:20.363147/p03.pddl
[2021-12-13 10:50:16,387][DEBUG]: formula=F("on b2 b3"&X(F("on b1 b2")))
[2021-12-13 10:50:16,387][DEBUG]: mapping=None
[2021-12-13 10:50:16,387][DEBUG]: timeout=60.0
[2021-12-13 10:50:16,388][DEBUG]: tool=lf2f-mynd-sc-ff
[2021-12-13 10:50:26,531][INFO]: name=p03
status=Status.SUCCESS
time_compilation=0.1672971248626709
time_tool=9.908668
time_end2end=10.075965
nb_node_expanded=74
command=/home/marcofavorito/workfolder/planning-with-past-code/bin/ltlfond2fond_wrapper -t mynd -d results/blocksworld1b-2021-12-13T10:44:20.363147/domain.pddl -p results/blocksworld1b-2021-12-13T10:44:20.363147/p03.pddl -g F("on b2 b3"&X(F("on b1 b2"))) --working-dir results/blocksworld1b-2021-12-13T10:44:20.363147/lf2f-mynd-sc-ff/p03 --algorithm laostar --heuristic ff
[2021-12-13 10:50:26,531][INFO]: ====================================================================================================
[2021-12-13 10:50:26,531][INFO]: Time: 2021-12-13 10:50:26.531971
[2021-12-13 10:50:26,532][INFO]: Processing problem results/blocksworld1b-2021-12-13T10:44:20.363147/p04.pddl
[2021-12-13 10:50:26,532][INFO]: Using formula: F("on b3 b4"&X(F("on b2 b3"&X(F("on b1 b2")))))
[2021-12-13 10:50:26,532][DEBUG]: name=p04
[2021-12-13 10:50:26,532][DEBUG]: domain=results/blocksworld1b-2021-12-13T10:44:20.363147/domain.pddl
[2021-12-13 10:50:26,532][DEBUG]: problem=results/blocksworld1b-2021-12-13T10:44:20.363147/p04.pddl
[2021-12-13 10:50:26,532][DEBUG]: formula=F("on b3 b4"&X(F("on b2 b3"&X(F("on b1 b2")))))
[2021-12-13 10:50:26,532][DEBUG]: mapping=None
[2021-12-13 10:50:26,532][DEBUG]: timeout=60.0
[2021-12-13 10:50:26,532][DEBUG]: tool=lf2f-mynd-sc-ff
[2021-12-13 10:51:18,147][INFO]: name=p04
status=Status.SUCCESS
time_compilation=0.07427787780761719
time_tool=51.414639
time_end2end=51.488917
nb_node_expanded=282
command=/home/marcofavorito/workfolder/planning-with-past-code/bin/ltlfond2fond_wrapper -t mynd -d results/blocksworld1b-2021-12-13T10:44:20.363147/domain.pddl -p results/blocksworld1b-2021-12-13T10:44:20.363147/p04.pddl -g F("on b3 b4"&X(F("on b2 b3"&X(F("on b1 b2"))))) --working-dir results/blocksworld1b-2021-12-13T10:44:20.363147/lf2f-mynd-sc-ff/p04 --algorithm laostar --heuristic ff
[2021-12-13 10:51:18,147][INFO]: ====================================================================================================
[2021-12-13 10:51:18,147][INFO]: Time: 2021-12-13 10:51:18.147737
[2021-12-13 10:51:18,147][INFO]: Processing problem results/blocksworld1b-2021-12-13T10:44:20.363147/p05.pddl
[2021-12-13 10:51:18,147][INFO]: Using formula: F("on b4 b5"&X(F("on b3 b4"&X(F("on b2 b3"&X(F("on b1 b2")))))))
[2021-12-13 10:51:18,148][DEBUG]: name=p05
[2021-12-13 10:51:18,148][DEBUG]: domain=results/blocksworld1b-2021-12-13T10:44:20.363147/domain.pddl
[2021-12-13 10:51:18,148][DEBUG]: problem=results/blocksworld1b-2021-12-13T10:44:20.363147/p05.pddl
[2021-12-13 10:51:18,148][DEBUG]: formula=F("on b4 b5"&X(F("on b3 b4"&X(F("on b2 b3"&X(F("on b1 b2")))))))
[2021-12-13 10:51:18,148][DEBUG]: mapping=None
[2021-12-13 10:51:18,148][DEBUG]: timeout=60.0
[2021-12-13 10:51:18,148][DEBUG]: tool=lf2f-mynd-sc-ff
[2021-12-13 10:52:18,295][INFO]: name=p05
status=Status.TIMEOUT
time_compilation=-1.0
time_tool=-1.0
time_end2end=60.004427637002664
nb_node_expanded=None
command=/home/marcofavorito/workfolder/planning-with-past-code/bin/ltlfond2fond_wrapper -t mynd -d results/blocksworld1b-2021-12-13T10:44:20.363147/domain.pddl -p results/blocksworld1b-2021-12-13T10:44:20.363147/p05.pddl -g F("on b4 b5"&X(F("on b3 b4"&X(F("on b2 b3"&X(F("on b1 b2"))))))) --working-dir results/blocksworld1b-2021-12-13T10:44:20.363147/lf2f-mynd-sc-ff/p05 --algorithm laostar --heuristic ff
[2021-12-13 10:52:18,295][INFO]: ====================================================================================================
[2021-12-13 10:52:18,295][INFO]: Time: 2021-12-13 10:52:18.295502
[2021-12-13 10:52:18,295][INFO]: Processing problem results/blocksworld1b-2021-12-13T10:44:20.363147/p06.pddl
[2021-12-13 10:52:18,295][INFO]: Using formula: F("on b5 b6"&X(F("on b4 b5"&X(F("on b3 b4"&X(F("on b2 b3"&X(F("on b1 b2")))))))))
[2021-12-13 10:52:18,295][DEBUG]: name=p06
[2021-12-13 10:52:18,295][DEBUG]: domain=results/blocksworld1b-2021-12-13T10:44:20.363147/domain.pddl
[2021-12-13 10:52:18,295][DEBUG]: problem=results/blocksworld1b-2021-12-13T10:44:20.363147/p06.pddl
[2021-12-13 10:52:18,295][DEBUG]: formula=F("on b5 b6"&X(F("on b4 b5"&X(F("on b3 b4"&X(F("on b2 b3"&X(F("on b1 b2")))))))))
[2021-12-13 10:52:18,295][DEBUG]: mapping=None
[2021-12-13 10:52:18,295][DEBUG]: timeout=60.0
[2021-12-13 10:52:18,296][DEBUG]: tool=lf2f-mynd-sc-ff
[2021-12-13 10:53:18,439][INFO]: name=p06
status=Status.TIMEOUT
time_compilation=-1.0
time_tool=-1.0
time_end2end=60.0030430859988
nb_node_expanded=None
command=/home/marcofavorito/workfolder/planning-with-past-code/bin/ltlfond2fond_wrapper -t mynd -d results/blocksworld1b-2021-12-13T10:44:20.363147/domain.pddl -p results/blocksworld1b-2021-12-13T10:44:20.363147/p06.pddl -g F("on b5 b6"&X(F("on b4 b5"&X(F("on b3 b4"&X(F("on b2 b3"&X(F("on b1 b2"))))))))) --working-dir results/blocksworld1b-2021-12-13T10:44:20.363147/lf2f-mynd-sc-ff/p06 --algorithm laostar --heuristic ff
[2021-12-13 10:53:18,440][INFO]: ====================================================================================================
[2021-12-13 10:53:18,440][INFO]: Time: 2021-12-13 10:53:18.440126
[2021-12-13 10:53:18,440][INFO]: Processing problem results/blocksworld1b-2021-12-13T10:44:20.363147/p07.pddl
[2021-12-13 10:53:18,440][INFO]: Using formula: F("on b6 b7"&X(F("on b5 b6"&X(F("on b4 b5"&X(F("on b3 b4"&X(F("on b2 b3"&X(F("on b1 b2")))))))))))
[2021-12-13 10:53:18,440][DEBUG]: name=p07
[2021-12-13 10:53:18,440][DEBUG]: domain=results/blocksworld1b-2021-12-13T10:44:20.363147/domain.pddl
[2021-12-13 10:53:18,440][DEBUG]: problem=results/blocksworld1b-2021-12-13T10:44:20.363147/p07.pddl
[2021-12-13 10:53:18,440][DEBUG]: formula=F("on b6 b7"&X(F("on b5 b6"&X(F("on b4 b5"&X(F("on b3 b4"&X(F("on b2 b3"&X(F("on b1 b2")))))))))))
[2021-12-13 10:53:18,440][DEBUG]: mapping=None
[2021-12-13 10:53:18,440][DEBUG]: timeout=60.0
[2021-12-13 10:53:18,440][DEBUG]: tool=lf2f-mynd-sc-ff
[2021-12-13 10:53:21,462][INFO]: Interrupted!
