[2021-12-12 21:46:57,659][INFO]: Using timeout 60.0, writing to results/blocksworld1a-2021-12-12T21:46:57.657819
[2021-12-12 21:46:57,659][INFO]: Tools: ('f4lp-mynd-sc-ff', 'p4p-mynd-sc-ff', 'lf2f-mynd-sc-ff')
[2021-12-12 21:46:57,663][INFO]: ====================================================================================================
[2021-12-12 21:46:57,663][INFO]: Time: 2021-12-12 21:46:57.663973
[2021-12-12 21:46:57,664][INFO]: Processing problem results/blocksworld1a-2021-12-12T21:46:57.657819/p03.pddl
[2021-12-12 21:46:57,664][INFO]: Using formula: O(on_b1_b2 & Y(O(on_b2_b3)))
[2021-12-12 21:46:57,664][DEBUG]: name=p03
[2021-12-12 21:46:57,664][DEBUG]: domain=results/blocksworld1a-2021-12-12T21:46:57.657819/domain.pddl
[2021-12-12 21:46:57,664][DEBUG]: problem=results/blocksworld1a-2021-12-12T21:46:57.657819/p03.pddl
[2021-12-12 21:46:57,664][DEBUG]: formula=O(on_b1_b2 & Y(O(on_b2_b3)))
[2021-12-12 21:46:57,664][DEBUG]: mapping=None
[2021-12-12 21:46:57,664][DEBUG]: timeout=60.0
[2021-12-12 21:46:57,664][DEBUG]: tool=f4lp-mynd-sc-ff
[2021-12-12 21:46:58,486][INFO]: name=p03
status=Status.SUCCESS
time_compilation=0.43566107749938965
time_tool=0.297028
time_end2end=0.732689
nb_node_expanded=21
command=/home/marcofavorito/workfolder/planning-with-past-code/bin/fond4ltlfpltlf_wrapper -t mynd -d results/blocksworld1a-2021-12-12T21:46:57.657819/domain.pddl -p results/blocksworld1a-2021-12-12T21:46:57.657819/p03.pddl -g O(on_b1_b2 & Y(O(on_b2_b3))) --working-dir results/blocksworld1a-2021-12-12T21:46:57.657819/f4lp-mynd-sc-ff/p03 --algorithm laostar --heuristic ff
[2021-12-12 21:46:58,486][INFO]: ====================================================================================================
[2021-12-12 21:46:58,486][INFO]: Time: 2021-12-12 21:46:58.486517
[2021-12-12 21:46:58,486][INFO]: Processing problem results/blocksworld1a-2021-12-12T21:46:57.657819/p04.pddl
[2021-12-12 21:46:58,486][INFO]: Using formula: O(on_b1_b2 & Y(O(on_b2_b3)))
[2021-12-12 21:46:58,487][DEBUG]: name=p04
[2021-12-12 21:46:58,487][DEBUG]: domain=results/blocksworld1a-2021-12-12T21:46:57.657819/domain.pddl
[2021-12-12 21:46:58,487][DEBUG]: problem=results/blocksworld1a-2021-12-12T21:46:57.657819/p04.pddl
[2021-12-12 21:46:58,487][DEBUG]: formula=O(on_b1_b2 & Y(O(on_b2_b3)))
[2021-12-12 21:46:58,487][DEBUG]: mapping=None
[2021-12-12 21:46:58,487][DEBUG]: timeout=60.0
[2021-12-12 21:46:58,487][DEBUG]: tool=f4lp-mynd-sc-ff
[2021-12-12 21:46:59,412][INFO]: name=p04
status=Status.SUCCESS
time_compilation=0.4367098808288574
time_tool=0.354567
time_end2end=0.791277
nb_node_expanded=38
command=/home/marcofavorito/workfolder/planning-with-past-code/bin/fond4ltlfpltlf_wrapper -t mynd -d results/blocksworld1a-2021-12-12T21:46:57.657819/domain.pddl -p results/blocksworld1a-2021-12-12T21:46:57.657819/p04.pddl -g O(on_b1_b2 & Y(O(on_b2_b3))) --working-dir results/blocksworld1a-2021-12-12T21:46:57.657819/f4lp-mynd-sc-ff/p04 --algorithm laostar --heuristic ff
[2021-12-12 21:46:59,413][INFO]: ====================================================================================================
[2021-12-12 21:46:59,413][INFO]: Time: 2021-12-12 21:46:59.413505
[2021-12-12 21:46:59,413][INFO]: Processing problem results/blocksworld1a-2021-12-12T21:46:57.657819/p05.pddl
[2021-12-12 21:46:59,413][INFO]: Using formula: O(on_b1_b2 & Y(O(on_b2_b3)))
[2021-12-12 21:46:59,414][DEBUG]: name=p05
[2021-12-12 21:46:59,414][DEBUG]: domain=results/blocksworld1a-2021-12-12T21:46:57.657819/domain.pddl
[2021-12-12 21:46:59,414][DEBUG]: problem=results/blocksworld1a-2021-12-12T21:46:57.657819/p05.pddl
[2021-12-12 21:46:59,414][DEBUG]: formula=O(on_b1_b2 & Y(O(on_b2_b3)))
[2021-12-12 21:46:59,415][DEBUG]: mapping=None
[2021-12-12 21:46:59,415][DEBUG]: timeout=60.0
[2021-12-12 21:46:59,415][DEBUG]: tool=f4lp-mynd-sc-ff
[2021-12-12 21:47:00,338][INFO]: name=p05
status=Status.SUCCESS
time_compilation=0.44397401809692383
time_tool=0.376981
time_end2end=0.820955
nb_node_expanded=23
command=/home/marcofavorito/workfolder/planning-with-past-code/bin/fond4ltlfpltlf_wrapper -t mynd -d results/blocksworld1a-2021-12-12T21:46:57.657819/domain.pddl -p results/blocksworld1a-2021-12-12T21:46:57.657819/p05.pddl -g O(on_b1_b2 & Y(O(on_b2_b3))) --working-dir results/blocksworld1a-2021-12-12T21:46:57.657819/f4lp-mynd-sc-ff/p05 --algorithm laostar --heuristic ff
[2021-12-12 21:47:00,339][INFO]: ====================================================================================================
[2021-12-12 21:47:00,339][INFO]: Time: 2021-12-12 21:47:00.339164
[2021-12-12 21:47:00,339][INFO]: Processing problem results/blocksworld1a-2021-12-12T21:46:57.657819/p06.pddl
[2021-12-12 21:47:00,339][INFO]: Using formula: O(on_b1_b2 & Y(O(on_b2_b3)))
[2021-12-12 21:47:00,339][DEBUG]: name=p06
[2021-12-12 21:47:00,339][DEBUG]: domain=results/blocksworld1a-2021-12-12T21:46:57.657819/domain.pddl
[2021-12-12 21:47:00,339][DEBUG]: problem=results/blocksworld1a-2021-12-12T21:46:57.657819/p06.pddl
[2021-12-12 21:47:00,339][DEBUG]: formula=O(on_b1_b2 & Y(O(on_b2_b3)))
[2021-12-12 21:47:00,339][DEBUG]: mapping=None
[2021-12-12 21:47:00,339][DEBUG]: timeout=60.0
[2021-12-12 21:47:00,339][DEBUG]: tool=f4lp-mynd-sc-ff
[2021-12-12 21:47:01,258][INFO]: name=p06
status=Status.SUCCESS
time_compilation=0.43575286865234375
time_tool=0.422217
time_end2end=0.85797
nb_node_expanded=21
command=/home/marcofavorito/workfolder/planning-with-past-code/bin/fond4ltlfpltlf_wrapper -t mynd -d results/blocksworld1a-2021-12-12T21:46:57.657819/domain.pddl -p results/blocksworld1a-2021-12-12T21:46:57.657819/p06.pddl -g O(on_b1_b2 & Y(O(on_b2_b3))) --working-dir results/blocksworld1a-2021-12-12T21:46:57.657819/f4lp-mynd-sc-ff/p06 --algorithm laostar --heuristic ff
[2021-12-12 21:47:01,258][INFO]: ====================================================================================================
[2021-12-12 21:47:01,258][INFO]: Time: 2021-12-12 21:47:01.258959
[2021-12-12 21:47:01,259][INFO]: Processing problem results/blocksworld1a-2021-12-12T21:46:57.657819/p07.pddl
[2021-12-12 21:47:01,259][INFO]: Using formula: O(on_b1_b2 & Y(O(on_b2_b3)))
[2021-12-12 21:47:01,259][DEBUG]: name=p07
[2021-12-12 21:47:01,259][DEBUG]: domain=results/blocksworld1a-2021-12-12T21:46:57.657819/domain.pddl
[2021-12-12 21:47:01,259][DEBUG]: problem=results/blocksworld1a-2021-12-12T21:46:57.657819/p07.pddl
[2021-12-12 21:47:01,259][DEBUG]: formula=O(on_b1_b2 & Y(O(on_b2_b3)))
[2021-12-12 21:47:01,259][DEBUG]: mapping=None
[2021-12-12 21:47:01,259][DEBUG]: timeout=60.0
[2021-12-12 21:47:01,259][DEBUG]: tool=f4lp-mynd-sc-ff
[2021-12-12 21:47:02,530][INFO]: name=p07
status=Status.SUCCESS
time_compilation=0.43646693229675293
time_tool=0.771543
time_end2end=1.20801
nb_node_expanded=62
command=/home/marcofavorito/workfolder/planning-with-past-code/bin/fond4ltlfpltlf_wrapper -t mynd -d results/blocksworld1a-2021-12-12T21:46:57.657819/domain.pddl -p results/blocksworld1a-2021-12-12T21:46:57.657819/p07.pddl -g O(on_b1_b2 & Y(O(on_b2_b3))) --working-dir results/blocksworld1a-2021-12-12T21:46:57.657819/f4lp-mynd-sc-ff/p07 --algorithm laostar --heuristic ff
[2021-12-12 21:47:02,530][INFO]: ====================================================================================================
[2021-12-12 21:47:02,530][INFO]: Time: 2021-12-12 21:47:02.530368
[2021-12-12 21:47:02,530][INFO]: Processing problem results/blocksworld1a-2021-12-12T21:46:57.657819/p08.pddl
[2021-12-12 21:47:02,530][INFO]: Using formula: O(on_b1_b2 & Y(O(on_b2_b3)))
[2021-12-12 21:47:02,530][DEBUG]: name=p08
[2021-12-12 21:47:02,530][DEBUG]: domain=results/blocksworld1a-2021-12-12T21:46:57.657819/domain.pddl
[2021-12-12 21:47:02,530][DEBUG]: problem=results/blocksworld1a-2021-12-12T21:46:57.657819/p08.pddl
[2021-12-12 21:47:02,530][DEBUG]: formula=O(on_b1_b2 & Y(O(on_b2_b3)))
[2021-12-12 21:47:02,530][DEBUG]: mapping=None
[2021-12-12 21:47:02,530][DEBUG]: timeout=60.0
[2021-12-12 21:47:02,530][DEBUG]: tool=f4lp-mynd-sc-ff
[2021-12-12 21:47:03,751][INFO]: name=p08
status=Status.SUCCESS
time_compilation=0.44792699813842773
time_tool=0.669831
time_end2end=1.117758
nb_node_expanded=55
command=/home/marcofavorito/workfolder/planning-with-past-code/bin/fond4ltlfpltlf_wrapper -t mynd -d results/blocksworld1a-2021-12-12T21:46:57.657819/domain.pddl -p results/blocksworld1a-2021-12-12T21:46:57.657819/p08.pddl -g O(on_b1_b2 & Y(O(on_b2_b3))) --working-dir results/blocksworld1a-2021-12-12T21:46:57.657819/f4lp-mynd-sc-ff/p08 --algorithm laostar --heuristic ff
[2021-12-12 21:47:03,751][INFO]: ====================================================================================================
[2021-12-12 21:47:03,751][INFO]: Time: 2021-12-12 21:47:03.751464
[2021-12-12 21:47:03,751][INFO]: Processing problem results/blocksworld1a-2021-12-12T21:46:57.657819/p09.pddl
[2021-12-12 21:47:03,751][INFO]: Using formula: O(on_b1_b2 & Y(O(on_b2_b3)))
[2021-12-12 21:47:03,751][DEBUG]: name=p09
[2021-12-12 21:47:03,751][DEBUG]: domain=results/blocksworld1a-2021-12-12T21:46:57.657819/domain.pddl
[2021-12-12 21:47:03,751][DEBUG]: problem=results/blocksworld1a-2021-12-12T21:46:57.657819/p09.pddl
[2021-12-12 21:47:03,752][DEBUG]: formula=O(on_b1_b2 & Y(O(on_b2_b3)))
[2021-12-12 21:47:03,752][DEBUG]: mapping=None
[2021-12-12 21:47:03,752][DEBUG]: timeout=60.0
[2021-12-12 21:47:03,752][DEBUG]: tool=f4lp-mynd-sc-ff
[2021-12-12 21:47:05,025][INFO]: name=p09
status=Status.SUCCESS
time_compilation=0.43119096755981445
time_tool=0.725769
time_end2end=1.15696
nb_node_expanded=27
command=/home/marcofavorito/workfolder/planning-with-past-code/bin/fond4ltlfpltlf_wrapper -t mynd -d results/blocksworld1a-2021-12-12T21:46:57.657819/domain.pddl -p results/blocksworld1a-2021-12-12T21:46:57.657819/p09.pddl -g O(on_b1_b2 & Y(O(on_b2_b3))) --working-dir results/blocksworld1a-2021-12-12T21:46:57.657819/f4lp-mynd-sc-ff/p09 --algorithm laostar --heuristic ff
[2021-12-12 21:47:05,025][INFO]: ====================================================================================================
[2021-12-12 21:47:05,025][INFO]: Time: 2021-12-12 21:47:05.025570
[2021-12-12 21:47:05,025][INFO]: Processing problem results/blocksworld1a-2021-12-12T21:46:57.657819/p10.pddl
[2021-12-12 21:47:05,025][INFO]: Using formula: O(on_b1_b2 & Y(O(on_b2_b3)))
[2021-12-12 21:47:05,025][DEBUG]: name=p10
[2021-12-12 21:47:05,025][DEBUG]: domain=results/blocksworld1a-2021-12-12T21:46:57.657819/domain.pddl
[2021-12-12 21:47:05,025][DEBUG]: problem=results/blocksworld1a-2021-12-12T21:46:57.657819/p10.pddl
[2021-12-12 21:47:05,025][DEBUG]: formula=O(on_b1_b2 & Y(O(on_b2_b3)))
[2021-12-12 21:47:05,026][DEBUG]: mapping=None
[2021-12-12 21:47:05,026][DEBUG]: timeout=60.0
[2021-12-12 21:47:05,026][DEBUG]: tool=f4lp-mynd-sc-ff
[2021-12-12 21:47:06,647][INFO]: name=p10
status=Status.SUCCESS
time_compilation=0.5181729793548584
time_tool=1.027103
time_end2end=1.545276
nb_node_expanded=23
command=/home/marcofavorito/workfolder/planning-with-past-code/bin/fond4ltlfpltlf_wrapper -t mynd -d results/blocksworld1a-2021-12-12T21:46:57.657819/domain.pddl -p results/blocksworld1a-2021-12-12T21:46:57.657819/p10.pddl -g O(on_b1_b2 & Y(O(on_b2_b3))) --working-dir results/blocksworld1a-2021-12-12T21:46:57.657819/f4lp-mynd-sc-ff/p10 --algorithm laostar --heuristic ff
[2021-12-12 21:47:06,647][INFO]: ====================================================================================================
[2021-12-12 21:47:06,647][INFO]: Time: 2021-12-12 21:47:06.647264
[2021-12-12 21:47:06,647][INFO]: Processing problem results/blocksworld1a-2021-12-12T21:46:57.657819/p11.pddl
[2021-12-12 21:47:06,647][INFO]: Using formula: O(on_b1_b2 & Y(O(on_b2_b3)))
[2021-12-12 21:47:06,647][DEBUG]: name=p11
[2021-12-12 21:47:06,647][DEBUG]: domain=results/blocksworld1a-2021-12-12T21:46:57.657819/domain.pddl
[2021-12-12 21:47:06,647][DEBUG]: problem=results/blocksworld1a-2021-12-12T21:46:57.657819/p11.pddl
[2021-12-12 21:47:06,647][DEBUG]: formula=O(on_b1_b2 & Y(O(on_b2_b3)))
[2021-12-12 21:47:06,647][DEBUG]: mapping=None
[2021-12-12 21:47:06,647][DEBUG]: timeout=60.0
[2021-12-12 21:47:06,647][DEBUG]: tool=f4lp-mynd-sc-ff
[2021-12-12 21:47:08,369][INFO]: name=p11
status=Status.SUCCESS
time_compilation=0.4669368267059326
time_tool=1.164605
time_end2end=1.631542
nb_node_expanded=25
command=/home/marcofavorito/workfolder/planning-with-past-code/bin/fond4ltlfpltlf_wrapper -t mynd -d results/blocksworld1a-2021-12-12T21:46:57.657819/domain.pddl -p results/blocksworld1a-2021-12-12T21:46:57.657819/p11.pddl -g O(on_b1_b2 & Y(O(on_b2_b3))) --working-dir results/blocksworld1a-2021-12-12T21:46:57.657819/f4lp-mynd-sc-ff/p11 --algorithm laostar --heuristic ff
[2021-12-12 21:47:08,369][INFO]: ====================================================================================================
[2021-12-12 21:47:08,369][INFO]: Time: 2021-12-12 21:47:08.369450
[2021-12-12 21:47:08,369][INFO]: Processing problem results/blocksworld1a-2021-12-12T21:46:57.657819/p12.pddl
[2021-12-12 21:47:08,369][INFO]: Using formula: O(on_b1_b2 & Y(O(on_b2_b3)))
[2021-12-12 21:47:08,369][DEBUG]: name=p12
[2021-12-12 21:47:08,369][DEBUG]: domain=results/blocksworld1a-2021-12-12T21:46:57.657819/domain.pddl
[2021-12-12 21:47:08,369][DEBUG]: problem=results/blocksworld1a-2021-12-12T21:46:57.657819/p12.pddl
[2021-12-12 21:47:08,369][DEBUG]: formula=O(on_b1_b2 & Y(O(on_b2_b3)))
[2021-12-12 21:47:08,370][DEBUG]: mapping=None
[2021-12-12 21:47:08,370][DEBUG]: timeout=60.0
[2021-12-12 21:47:08,370][DEBUG]: tool=f4lp-mynd-sc-ff
[2021-12-12 21:47:10,544][INFO]: name=p12
status=Status.SUCCESS
time_compilation=0.45977187156677246
time_tool=1.578621
time_end2end=2.038393
nb_node_expanded=57
command=/home/marcofavorito/workfolder/planning-with-past-code/bin/fond4ltlfpltlf_wrapper -t mynd -d results/blocksworld1a-2021-12-12T21:46:57.657819/domain.pddl -p results/blocksworld1a-2021-12-12T21:46:57.657819/p12.pddl -g O(on_b1_b2 & Y(O(on_b2_b3))) --working-dir results/blocksworld1a-2021-12-12T21:46:57.657819/f4lp-mynd-sc-ff/p12 --algorithm laostar --heuristic ff
[2021-12-12 21:47:10,545][INFO]: ====================================================================================================
[2021-12-12 21:47:10,545][INFO]: Time: 2021-12-12 21:47:10.545246
[2021-12-12 21:47:10,545][INFO]: Processing problem results/blocksworld1a-2021-12-12T21:46:57.657819/p13.pddl
[2021-12-12 21:47:10,545][INFO]: Using formula: O(on_b1_b2 & Y(O(on_b2_b3)))
[2021-12-12 21:47:10,545][DEBUG]: name=p13
[2021-12-12 21:47:10,546][DEBUG]: domain=results/blocksworld1a-2021-12-12T21:46:57.657819/domain.pddl
[2021-12-12 21:47:10,546][DEBUG]: problem=results/blocksworld1a-2021-12-12T21:46:57.657819/p13.pddl
[2021-12-12 21:47:10,546][DEBUG]: formula=O(on_b1_b2 & Y(O(on_b2_b3)))
[2021-12-12 21:47:10,546][DEBUG]: mapping=None
[2021-12-12 21:47:10,546][DEBUG]: timeout=60.0
[2021-12-12 21:47:10,546][DEBUG]: tool=f4lp-mynd-sc-ff
[2021-12-12 21:47:13,374][INFO]: name=p13
status=Status.SUCCESS
time_compilation=0.4613339900970459
time_tool=2.240509
time_end2end=2.701843
nb_node_expanded=93
command=/home/marcofavorito/workfolder/planning-with-past-code/bin/fond4ltlfpltlf_wrapper -t mynd -d results/blocksworld1a-2021-12-12T21:46:57.657819/domain.pddl -p results/blocksworld1a-2021-12-12T21:46:57.657819/p13.pddl -g O(on_b1_b2 & Y(O(on_b2_b3))) --working-dir results/blocksworld1a-2021-12-12T21:46:57.657819/f4lp-mynd-sc-ff/p13 --algorithm laostar --heuristic ff
[2021-12-12 21:47:13,374][INFO]: ====================================================================================================
[2021-12-12 21:47:13,374][INFO]: Time: 2021-12-12 21:47:13.374346
[2021-12-12 21:47:13,374][INFO]: Processing problem results/blocksworld1a-2021-12-12T21:46:57.657819/p14.pddl
[2021-12-12 21:47:13,374][INFO]: Using formula: O(on_b1_b2 & Y(O(on_b2_b3)))
[2021-12-12 21:47:13,374][DEBUG]: name=p14
[2021-12-12 21:47:13,374][DEBUG]: domain=results/blocksworld1a-2021-12-12T21:46:57.657819/domain.pddl
[2021-12-12 21:47:13,375][DEBUG]: problem=results/blocksworld1a-2021-12-12T21:46:57.657819/p14.pddl
[2021-12-12 21:47:13,375][DEBUG]: formula=O(on_b1_b2 & Y(O(on_b2_b3)))
[2021-12-12 21:47:13,375][DEBUG]: mapping=None
[2021-12-12 21:47:13,375][DEBUG]: timeout=60.0
[2021-12-12 21:47:13,375][DEBUG]: tool=f4lp-mynd-sc-ff
[2021-12-12 21:47:17,953][INFO]: name=p14
status=Status.SUCCESS
time_compilation=0.457244873046875
time_tool=4.036977
time_end2end=4.494222
nb_node_expanded=179
command=/home/marcofavorito/workfolder/planning-with-past-code/bin/fond4ltlfpltlf_wrapper -t mynd -d results/blocksworld1a-2021-12-12T21:46:57.657819/domain.pddl -p results/blocksworld1a-2021-12-12T21:46:57.657819/p14.pddl -g O(on_b1_b2 & Y(O(on_b2_b3))) --working-dir results/blocksworld1a-2021-12-12T21:46:57.657819/f4lp-mynd-sc-ff/p14 --algorithm laostar --heuristic ff
[2021-12-12 21:47:17,953][INFO]: ====================================================================================================
[2021-12-12 21:47:17,953][INFO]: Time: 2021-12-12 21:47:17.953482
[2021-12-12 21:47:17,953][INFO]: Processing problem results/blocksworld1a-2021-12-12T21:46:57.657819/p15.pddl
[2021-12-12 21:47:17,953][INFO]: Using formula: O(on_b1_b2 & Y(O(on_b2_b3)))
[2021-12-12 21:47:17,953][DEBUG]: name=p15
[2021-12-12 21:47:17,953][DEBUG]: domain=results/blocksworld1a-2021-12-12T21:46:57.657819/domain.pddl
[2021-12-12 21:47:17,953][DEBUG]: problem=results/blocksworld1a-2021-12-12T21:46:57.657819/p15.pddl
[2021-12-12 21:47:17,953][DEBUG]: formula=O(on_b1_b2 & Y(O(on_b2_b3)))
[2021-12-12 21:47:17,953][DEBUG]: mapping=None
[2021-12-12 21:47:17,954][DEBUG]: timeout=60.0
[2021-12-12 21:47:17,954][DEBUG]: tool=f4lp-mynd-sc-ff
[2021-12-12 21:47:21,101][INFO]: name=p15
status=Status.SUCCESS
time_compilation=0.4371461868286133
time_tool=2.594492
time_end2end=3.031638
nb_node_expanded=39
command=/home/marcofavorito/workfolder/planning-with-past-code/bin/fond4ltlfpltlf_wrapper -t mynd -d results/blocksworld1a-2021-12-12T21:46:57.657819/domain.pddl -p results/blocksworld1a-2021-12-12T21:46:57.657819/p15.pddl -g O(on_b1_b2 & Y(O(on_b2_b3))) --working-dir results/blocksworld1a-2021-12-12T21:46:57.657819/f4lp-mynd-sc-ff/p15 --algorithm laostar --heuristic ff
[2021-12-12 21:47:21,101][INFO]: ====================================================================================================
[2021-12-12 21:47:21,102][INFO]: Time: 2021-12-12 21:47:21.102090
[2021-12-12 21:47:21,102][INFO]: Processing problem results/blocksworld1a-2021-12-12T21:46:57.657819/p16.pddl
[2021-12-12 21:47:21,102][INFO]: Using formula: O(on_b1_b2 & Y(O(on_b2_b3)))
[2021-12-12 21:47:21,103][DEBUG]: name=p16
[2021-12-12 21:47:21,103][DEBUG]: domain=results/blocksworld1a-2021-12-12T21:46:57.657819/domain.pddl
[2021-12-12 21:47:21,103][DEBUG]: problem=results/blocksworld1a-2021-12-12T21:46:57.657819/p16.pddl
[2021-12-12 21:47:21,103][DEBUG]: formula=O(on_b1_b2 & Y(O(on_b2_b3)))
[2021-12-12 21:47:21,103][DEBUG]: mapping=None
[2021-12-12 21:47:21,103][DEBUG]: timeout=60.0
[2021-12-12 21:47:21,103][DEBUG]: tool=f4lp-mynd-sc-ff
[2021-12-12 21:47:26,337][INFO]: name=p16
status=Status.SUCCESS
time_compilation=0.43646788597106934
time_tool=4.706087
time_end2end=5.142555
nb_node_expanded=135
command=/home/marcofavorito/workfolder/planning-with-past-code/bin/fond4ltlfpltlf_wrapper -t mynd -d results/blocksworld1a-2021-12-12T21:46:57.657819/domain.pddl -p results/blocksworld1a-2021-12-12T21:46:57.657819/p16.pddl -g O(on_b1_b2 & Y(O(on_b2_b3))) --working-dir results/blocksworld1a-2021-12-12T21:46:57.657819/f4lp-mynd-sc-ff/p16 --algorithm laostar --heuristic ff
[2021-12-12 21:47:26,337][INFO]: ====================================================================================================
[2021-12-12 21:47:26,337][INFO]: Time: 2021-12-12 21:47:26.337718
[2021-12-12 21:47:26,337][INFO]: Processing problem results/blocksworld1a-2021-12-12T21:46:57.657819/p17.pddl
[2021-12-12 21:47:26,337][INFO]: Using formula: O(on_b1_b2 & Y(O(on_b2_b3)))
[2021-12-12 21:47:26,337][DEBUG]: name=p17
[2021-12-12 21:47:26,338][DEBUG]: domain=results/blocksworld1a-2021-12-12T21:46:57.657819/domain.pddl
[2021-12-12 21:47:26,338][DEBUG]: problem=results/blocksworld1a-2021-12-12T21:46:57.657819/p17.pddl
[2021-12-12 21:47:26,338][DEBUG]: formula=O(on_b1_b2 & Y(O(on_b2_b3)))
[2021-12-12 21:47:26,338][DEBUG]: mapping=None
[2021-12-12 21:47:26,338][DEBUG]: timeout=60.0
[2021-12-12 21:47:26,338][DEBUG]: tool=f4lp-mynd-sc-ff
[2021-12-12 21:47:30,699][INFO]: name=p17
status=Status.SUCCESS
time_compilation=0.4355759620666504
time_tool=3.813956
time_end2end=4.249532
nb_node_expanded=39
command=/home/marcofavorito/workfolder/planning-with-past-code/bin/fond4ltlfpltlf_wrapper -t mynd -d results/blocksworld1a-2021-12-12T21:46:57.657819/domain.pddl -p results/blocksworld1a-2021-12-12T21:46:57.657819/p17.pddl -g O(on_b1_b2 & Y(O(on_b2_b3))) --working-dir results/blocksworld1a-2021-12-12T21:46:57.657819/f4lp-mynd-sc-ff/p17 --algorithm laostar --heuristic ff
[2021-12-12 21:47:30,700][INFO]: ====================================================================================================
[2021-12-12 21:47:30,700][INFO]: Time: 2021-12-12 21:47:30.700454
[2021-12-12 21:47:30,700][INFO]: Processing problem results/blocksworld1a-2021-12-12T21:46:57.657819/p18.pddl
[2021-12-12 21:47:30,700][INFO]: Using formula: O(on_b1_b2 & Y(O(on_b2_b3)))
[2021-12-12 21:47:30,701][DEBUG]: name=p18
[2021-12-12 21:47:30,701][DEBUG]: domain=results/blocksworld1a-2021-12-12T21:46:57.657819/domain.pddl
[2021-12-12 21:47:30,701][DEBUG]: problem=results/blocksworld1a-2021-12-12T21:46:57.657819/p18.pddl
[2021-12-12 21:47:30,701][DEBUG]: formula=O(on_b1_b2 & Y(O(on_b2_b3)))
[2021-12-12 21:47:30,701][DEBUG]: mapping=None
[2021-12-12 21:47:30,701][DEBUG]: timeout=60.0
[2021-12-12 21:47:30,702][DEBUG]: tool=f4lp-mynd-sc-ff
[2021-12-12 21:47:38,950][INFO]: name=p18
status=Status.SUCCESS
time_compilation=0.4462251663208008
time_tool=7.686674
time_end2end=8.132899
nb_node_expanded=129
command=/home/marcofavorito/workfolder/planning-with-past-code/bin/fond4ltlfpltlf_wrapper -t mynd -d results/blocksworld1a-2021-12-12T21:46:57.657819/domain.pddl -p results/blocksworld1a-2021-12-12T21:46:57.657819/p18.pddl -g O(on_b1_b2 & Y(O(on_b2_b3))) --working-dir results/blocksworld1a-2021-12-12T21:46:57.657819/f4lp-mynd-sc-ff/p18 --algorithm laostar --heuristic ff
[2021-12-12 21:47:38,951][INFO]: ====================================================================================================
[2021-12-12 21:47:38,951][INFO]: Time: 2021-12-12 21:47:38.951115
[2021-12-12 21:47:38,951][INFO]: Processing problem results/blocksworld1a-2021-12-12T21:46:57.657819/p19.pddl
[2021-12-12 21:47:38,951][INFO]: Using formula: O(on_b1_b2 & Y(O(on_b2_b3)))
[2021-12-12 21:47:38,951][DEBUG]: name=p19
[2021-12-12 21:47:38,951][DEBUG]: domain=results/blocksworld1a-2021-12-12T21:46:57.657819/domain.pddl
[2021-12-12 21:47:38,951][DEBUG]: problem=results/blocksworld1a-2021-12-12T21:46:57.657819/p19.pddl
[2021-12-12 21:47:38,951][DEBUG]: formula=O(on_b1_b2 & Y(O(on_b2_b3)))
[2021-12-12 21:47:38,951][DEBUG]: mapping=None
[2021-12-12 21:47:38,951][DEBUG]: timeout=60.0
[2021-12-12 21:47:38,951][DEBUG]: tool=f4lp-mynd-sc-ff
[2021-12-12 21:47:50,049][INFO]: name=p19
status=Status.SUCCESS
time_compilation=0.49353718757629395
time_tool=10.498955
time_end2end=10.992492
nb_node_expanded=171
command=/home/marcofavorito/workfolder/planning-with-past-code/bin/fond4ltlfpltlf_wrapper -t mynd -d results/blocksworld1a-2021-12-12T21:46:57.657819/domain.pddl -p results/blocksworld1a-2021-12-12T21:46:57.657819/p19.pddl -g O(on_b1_b2 & Y(O(on_b2_b3))) --working-dir results/blocksworld1a-2021-12-12T21:46:57.657819/f4lp-mynd-sc-ff/p19 --algorithm laostar --heuristic ff
[2021-12-12 21:47:50,049][INFO]: ====================================================================================================
[2021-12-12 21:47:50,050][INFO]: Time: 2021-12-12 21:47:50.050099
[2021-12-12 21:47:50,050][INFO]: Processing problem results/blocksworld1a-2021-12-12T21:46:57.657819/p20.pddl
[2021-12-12 21:47:50,050][INFO]: Using formula: O(on_b1_b2 & Y(O(on_b2_b3)))
[2021-12-12 21:47:50,050][DEBUG]: name=p20
[2021-12-12 21:47:50,050][DEBUG]: domain=results/blocksworld1a-2021-12-12T21:46:57.657819/domain.pddl
[2021-12-12 21:47:50,051][DEBUG]: problem=results/blocksworld1a-2021-12-12T21:46:57.657819/p20.pddl
[2021-12-12 21:47:50,051][DEBUG]: formula=O(on_b1_b2 & Y(O(on_b2_b3)))
[2021-12-12 21:47:50,051][DEBUG]: mapping=None
[2021-12-12 21:47:50,051][DEBUG]: timeout=60.0
[2021-12-12 21:47:50,051][DEBUG]: tool=f4lp-mynd-sc-ff
[2021-12-12 21:48:11,378][INFO]: name=p20
status=Status.SUCCESS
time_compilation=0.43251585960388184
time_tool=20.77037
time_end2end=21.202886
nb_node_expanded=329
command=/home/marcofavorito/workfolder/planning-with-past-code/bin/fond4ltlfpltlf_wrapper -t mynd -d results/blocksworld1a-2021-12-12T21:46:57.657819/domain.pddl -p results/blocksworld1a-2021-12-12T21:46:57.657819/p20.pddl -g O(on_b1_b2 & Y(O(on_b2_b3))) --working-dir results/blocksworld1a-2021-12-12T21:46:57.657819/f4lp-mynd-sc-ff/p20 --algorithm laostar --heuristic ff
[2021-12-12 21:48:11,380][INFO]: ====================================================================================================
[2021-12-12 21:48:11,380][INFO]: Time: 2021-12-12 21:48:11.380671
[2021-12-12 21:48:11,381][INFO]: Processing problem results/blocksworld1a-2021-12-12T21:46:57.657819/p03.pddl
[2021-12-12 21:48:11,381][INFO]: Using formula: O(on_b1_b2 & Y(O(on_b2_b3)))
[2021-12-12 21:48:11,381][DEBUG]: name=p03
[2021-12-12 21:48:11,381][DEBUG]: domain=results/blocksworld1a-2021-12-12T21:46:57.657819/domain.pddl
[2021-12-12 21:48:11,382][DEBUG]: problem=results/blocksworld1a-2021-12-12T21:46:57.657819/p03.pddl
[2021-12-12 21:48:11,382][DEBUG]: formula=O(on_b1_b2 & Y(O(on_b2_b3)))
[2021-12-12 21:48:11,382][DEBUG]: mapping=None
[2021-12-12 21:48:11,382][DEBUG]: timeout=60.0
[2021-12-12 21:48:11,382][DEBUG]: tool=p4p-mynd-sc-ff
[2021-12-12 21:48:12,205][INFO]: name=p03
status=Status.SUCCESS
time_compilation=0.3619401454925537
time_tool=0.366312
time_end2end=0.728252
nb_node_expanded=21
command=/home/marcofavorito/workfolder/planning-with-past-code/bin/plan4past --domain results/blocksworld1a-2021-12-12T21:46:57.657819/domain.pddl --problem results/blocksworld1a-2021-12-12T21:46:57.657819/p03.pddl --formula O(on_b1_b2 & Y(O(on_b2_b3))) --working-dir results/blocksworld1a-2021-12-12T21:46:57.657819/p4p-mynd-sc-ff/p03 --algorithm laostar --heuristic ff
[2021-12-12 21:48:12,205][INFO]: ====================================================================================================
[2021-12-12 21:48:12,205][INFO]: Time: 2021-12-12 21:48:12.205863
[2021-12-12 21:48:12,205][INFO]: Processing problem results/blocksworld1a-2021-12-12T21:46:57.657819/p04.pddl
[2021-12-12 21:48:12,206][INFO]: Using formula: O(on_b1_b2 & Y(O(on_b2_b3)))
[2021-12-12 21:48:12,206][DEBUG]: name=p04
[2021-12-12 21:48:12,206][DEBUG]: domain=results/blocksworld1a-2021-12-12T21:46:57.657819/domain.pddl
[2021-12-12 21:48:12,206][DEBUG]: problem=results/blocksworld1a-2021-12-12T21:46:57.657819/p04.pddl
[2021-12-12 21:48:12,206][DEBUG]: formula=O(on_b1_b2 & Y(O(on_b2_b3)))
[2021-12-12 21:48:12,206][DEBUG]: mapping=None
[2021-12-12 21:48:12,206][DEBUG]: timeout=60.0
[2021-12-12 21:48:12,206][DEBUG]: tool=p4p-mynd-sc-ff
[2021-12-12 21:48:12,976][INFO]: name=p04
status=Status.SUCCESS
time_compilation=0.3489418029785156
time_tool=0.335585
time_end2end=0.684527
nb_node_expanded=38
command=/home/marcofavorito/workfolder/planning-with-past-code/bin/plan4past --domain results/blocksworld1a-2021-12-12T21:46:57.657819/domain.pddl --problem results/blocksworld1a-2021-12-12T21:46:57.657819/p04.pddl --formula O(on_b1_b2 & Y(O(on_b2_b3))) --working-dir results/blocksworld1a-2021-12-12T21:46:57.657819/p4p-mynd-sc-ff/p04 --algorithm laostar --heuristic ff
[2021-12-12 21:48:12,976][INFO]: ====================================================================================================
[2021-12-12 21:48:12,976][INFO]: Time: 2021-12-12 21:48:12.976610
[2021-12-12 21:48:12,976][INFO]: Processing problem results/blocksworld1a-2021-12-12T21:46:57.657819/p05.pddl
[2021-12-12 21:48:12,976][INFO]: Using formula: O(on_b1_b2 & Y(O(on_b2_b3)))
[2021-12-12 21:48:12,976][DEBUG]: name=p05
[2021-12-12 21:48:12,976][DEBUG]: domain=results/blocksworld1a-2021-12-12T21:46:57.657819/domain.pddl
[2021-12-12 21:48:12,976][DEBUG]: problem=results/blocksworld1a-2021-12-12T21:46:57.657819/p05.pddl
[2021-12-12 21:48:12,977][DEBUG]: formula=O(on_b1_b2 & Y(O(on_b2_b3)))
[2021-12-12 21:48:12,977][DEBUG]: mapping=None
[2021-12-12 21:48:12,977][DEBUG]: timeout=60.0
[2021-12-12 21:48:12,977][DEBUG]: tool=p4p-mynd-sc-ff
[2021-12-12 21:48:13,796][INFO]: name=p05
status=Status.SUCCESS
time_compilation=0.34812211990356445
time_tool=0.371262
time_end2end=0.719384
nb_node_expanded=46
command=/home/marcofavorito/workfolder/planning-with-past-code/bin/plan4past --domain results/blocksworld1a-2021-12-12T21:46:57.657819/domain.pddl --problem results/blocksworld1a-2021-12-12T21:46:57.657819/p05.pddl --formula O(on_b1_b2 & Y(O(on_b2_b3))) --working-dir results/blocksworld1a-2021-12-12T21:46:57.657819/p4p-mynd-sc-ff/p05 --algorithm laostar --heuristic ff
[2021-12-12 21:48:13,797][INFO]: ====================================================================================================
[2021-12-12 21:48:13,797][INFO]: Time: 2021-12-12 21:48:13.797372
[2021-12-12 21:48:13,797][INFO]: Processing problem results/blocksworld1a-2021-12-12T21:46:57.657819/p06.pddl
[2021-12-12 21:48:13,797][INFO]: Using formula: O(on_b1_b2 & Y(O(on_b2_b3)))
[2021-12-12 21:48:13,797][DEBUG]: name=p06
[2021-12-12 21:48:13,798][DEBUG]: domain=results/blocksworld1a-2021-12-12T21:46:57.657819/domain.pddl
[2021-12-12 21:48:13,798][DEBUG]: problem=results/blocksworld1a-2021-12-12T21:46:57.657819/p06.pddl
[2021-12-12 21:48:13,798][DEBUG]: formula=O(on_b1_b2 & Y(O(on_b2_b3)))
[2021-12-12 21:48:13,798][DEBUG]: mapping=None
[2021-12-12 21:48:13,798][DEBUG]: timeout=60.0
[2021-12-12 21:48:13,798][DEBUG]: tool=p4p-mynd-sc-ff
[2021-12-12 21:48:14,669][INFO]: name=p06
status=Status.SUCCESS
time_compilation=0.35094714164733887
time_tool=0.429541
time_end2end=0.780488
nb_node_expanded=21
command=/home/marcofavorito/workfolder/planning-with-past-code/bin/plan4past --domain results/blocksworld1a-2021-12-12T21:46:57.657819/domain.pddl --problem results/blocksworld1a-2021-12-12T21:46:57.657819/p06.pddl --formula O(on_b1_b2 & Y(O(on_b2_b3))) --working-dir results/blocksworld1a-2021-12-12T21:46:57.657819/p4p-mynd-sc-ff/p06 --algorithm laostar --heuristic ff
[2021-12-12 21:48:14,669][INFO]: ====================================================================================================
[2021-12-12 21:48:14,669][INFO]: Time: 2021-12-12 21:48:14.669815
[2021-12-12 21:48:14,669][INFO]: Processing problem results/blocksworld1a-2021-12-12T21:46:57.657819/p07.pddl
[2021-12-12 21:48:14,669][INFO]: Using formula: O(on_b1_b2 & Y(O(on_b2_b3)))
[2021-12-12 21:48:14,670][DEBUG]: name=p07
[2021-12-12 21:48:14,670][DEBUG]: domain=results/blocksworld1a-2021-12-12T21:46:57.657819/domain.pddl
[2021-12-12 21:48:14,670][DEBUG]: problem=results/blocksworld1a-2021-12-12T21:46:57.657819/p07.pddl
[2021-12-12 21:48:14,670][DEBUG]: formula=O(on_b1_b2 & Y(O(on_b2_b3)))
[2021-12-12 21:48:14,670][DEBUG]: mapping=None
[2021-12-12 21:48:14,670][DEBUG]: timeout=60.0
[2021-12-12 21:48:14,670][DEBUG]: tool=p4p-mynd-sc-ff
[2021-12-12 21:48:15,791][INFO]: name=p07
status=Status.SUCCESS
time_compilation=0.35628318786621094
time_tool=0.669815
time_end2end=1.026098
nb_node_expanded=62
command=/home/marcofavorito/workfolder/planning-with-past-code/bin/plan4past --domain results/blocksworld1a-2021-12-12T21:46:57.657819/domain.pddl --problem results/blocksworld1a-2021-12-12T21:46:57.657819/p07.pddl --formula O(on_b1_b2 & Y(O(on_b2_b3))) --working-dir results/blocksworld1a-2021-12-12T21:46:57.657819/p4p-mynd-sc-ff/p07 --algorithm laostar --heuristic ff
[2021-12-12 21:48:15,791][INFO]: ====================================================================================================
[2021-12-12 21:48:15,791][INFO]: Time: 2021-12-12 21:48:15.791491
[2021-12-12 21:48:15,791][INFO]: Processing problem results/blocksworld1a-2021-12-12T21:46:57.657819/p08.pddl
[2021-12-12 21:48:15,791][INFO]: Using formula: O(on_b1_b2 & Y(O(on_b2_b3)))
[2021-12-12 21:48:15,791][DEBUG]: name=p08
[2021-12-12 21:48:15,792][DEBUG]: domain=results/blocksworld1a-2021-12-12T21:46:57.657819/domain.pddl
[2021-12-12 21:48:15,792][DEBUG]: problem=results/blocksworld1a-2021-12-12T21:46:57.657819/p08.pddl
[2021-12-12 21:48:15,792][DEBUG]: formula=O(on_b1_b2 & Y(O(on_b2_b3)))
[2021-12-12 21:48:15,792][DEBUG]: mapping=None
[2021-12-12 21:48:15,792][DEBUG]: timeout=60.0
[2021-12-12 21:48:15,792][DEBUG]: tool=p4p-mynd-sc-ff
[2021-12-12 21:48:16,913][INFO]: name=p08
status=Status.SUCCESS
time_compilation=0.3565189838409424
time_tool=0.652133
time_end2end=1.008652
nb_node_expanded=70
command=/home/marcofavorito/workfolder/planning-with-past-code/bin/plan4past --domain results/blocksworld1a-2021-12-12T21:46:57.657819/domain.pddl --problem results/blocksworld1a-2021-12-12T21:46:57.657819/p08.pddl --formula O(on_b1_b2 & Y(O(on_b2_b3))) --working-dir results/blocksworld1a-2021-12-12T21:46:57.657819/p4p-mynd-sc-ff/p08 --algorithm laostar --heuristic ff
[2021-12-12 21:48:16,914][INFO]: ====================================================================================================
[2021-12-12 21:48:16,914][INFO]: Time: 2021-12-12 21:48:16.914246
[2021-12-12 21:48:16,914][INFO]: Processing problem results/blocksworld1a-2021-12-12T21:46:57.657819/p09.pddl
[2021-12-12 21:48:16,914][INFO]: Using formula: O(on_b1_b2 & Y(O(on_b2_b3)))
[2021-12-12 21:48:16,914][DEBUG]: name=p09
[2021-12-12 21:48:16,914][DEBUG]: domain=results/blocksworld1a-2021-12-12T21:46:57.657819/domain.pddl
[2021-12-12 21:48:16,914][DEBUG]: problem=results/blocksworld1a-2021-12-12T21:46:57.657819/p09.pddl
[2021-12-12 21:48:16,914][DEBUG]: formula=O(on_b1_b2 & Y(O(on_b2_b3)))
[2021-12-12 21:48:16,914][DEBUG]: mapping=None
[2021-12-12 21:48:16,914][DEBUG]: timeout=60.0
[2021-12-12 21:48:16,914][DEBUG]: tool=p4p-mynd-sc-ff
[2021-12-12 21:48:18,231][INFO]: name=p09
status=Status.SUCCESS
time_compilation=0.35135507583618164
time_tool=0.827706
time_end2end=1.179061
nb_node_expanded=82
command=/home/marcofavorito/workfolder/planning-with-past-code/bin/plan4past --domain results/blocksworld1a-2021-12-12T21:46:57.657819/domain.pddl --problem results/blocksworld1a-2021-12-12T21:46:57.657819/p09.pddl --formula O(on_b1_b2 & Y(O(on_b2_b3))) --working-dir results/blocksworld1a-2021-12-12T21:46:57.657819/p4p-mynd-sc-ff/p09 --algorithm laostar --heuristic ff
[2021-12-12 21:48:18,231][INFO]: ====================================================================================================
[2021-12-12 21:48:18,231][INFO]: Time: 2021-12-12 21:48:18.231909
[2021-12-12 21:48:18,232][INFO]: Processing problem results/blocksworld1a-2021-12-12T21:46:57.657819/p10.pddl
[2021-12-12 21:48:18,232][INFO]: Using formula: O(on_b1_b2 & Y(O(on_b2_b3)))
[2021-12-12 21:48:18,232][DEBUG]: name=p10
[2021-12-12 21:48:18,232][DEBUG]: domain=results/blocksworld1a-2021-12-12T21:46:57.657819/domain.pddl
[2021-12-12 21:48:18,232][DEBUG]: problem=results/blocksworld1a-2021-12-12T21:46:57.657819/p10.pddl
[2021-12-12 21:48:18,232][DEBUG]: formula=O(on_b1_b2 & Y(O(on_b2_b3)))
[2021-12-12 21:48:18,232][DEBUG]: mapping=None
[2021-12-12 21:48:18,232][DEBUG]: timeout=60.0
[2021-12-12 21:48:18,233][DEBUG]: tool=p4p-mynd-sc-ff
[2021-12-12 21:48:20,307][INFO]: name=p10
status=Status.SUCCESS
time_compilation=0.3546409606933594
time_tool=1.585775
time_end2end=1.940416
nb_node_expanded=113
command=/home/marcofavorito/workfolder/planning-with-past-code/bin/plan4past --domain results/blocksworld1a-2021-12-12T21:46:57.657819/domain.pddl --problem results/blocksworld1a-2021-12-12T21:46:57.657819/p10.pddl --formula O(on_b1_b2 & Y(O(on_b2_b3))) --working-dir results/blocksworld1a-2021-12-12T21:46:57.657819/p4p-mynd-sc-ff/p10 --algorithm laostar --heuristic ff
[2021-12-12 21:48:20,307][INFO]: ====================================================================================================
[2021-12-12 21:48:20,308][INFO]: Time: 2021-12-12 21:48:20.308080
[2021-12-12 21:48:20,308][INFO]: Processing problem results/blocksworld1a-2021-12-12T21:46:57.657819/p11.pddl
[2021-12-12 21:48:20,308][INFO]: Using formula: O(on_b1_b2 & Y(O(on_b2_b3)))
[2021-12-12 21:48:20,308][DEBUG]: name=p11
[2021-12-12 21:48:20,308][DEBUG]: domain=results/blocksworld1a-2021-12-12T21:46:57.657819/domain.pddl
[2021-12-12 21:48:20,308][DEBUG]: problem=results/blocksworld1a-2021-12-12T21:46:57.657819/p11.pddl
[2021-12-12 21:48:20,308][DEBUG]: formula=O(on_b1_b2 & Y(O(on_b2_b3)))
[2021-12-12 21:48:20,308][DEBUG]: mapping=None
[2021-12-12 21:48:20,308][DEBUG]: timeout=60.0
[2021-12-12 21:48:20,309][DEBUG]: tool=p4p-mynd-sc-ff
[2021-12-12 21:48:22,031][INFO]: name=p11
status=Status.SUCCESS
time_compilation=0.3673880100250244
time_tool=1.216101
time_end2end=1.583489
nb_node_expanded=25
command=/home/marcofavorito/workfolder/planning-with-past-code/bin/plan4past --domain results/blocksworld1a-2021-12-12T21:46:57.657819/domain.pddl --problem results/blocksworld1a-2021-12-12T21:46:57.657819/p11.pddl --formula O(on_b1_b2 & Y(O(on_b2_b3))) --working-dir results/blocksworld1a-2021-12-12T21:46:57.657819/p4p-mynd-sc-ff/p11 --algorithm laostar --heuristic ff
[2021-12-12 21:48:22,031][INFO]: ====================================================================================================
[2021-12-12 21:48:22,031][INFO]: Time: 2021-12-12 21:48:22.031626
[2021-12-12 21:48:22,031][INFO]: Processing problem results/blocksworld1a-2021-12-12T21:46:57.657819/p12.pddl
[2021-12-12 21:48:22,031][INFO]: Using formula: O(on_b1_b2 & Y(O(on_b2_b3)))
[2021-12-12 21:48:22,031][DEBUG]: name=p12
[2021-12-12 21:48:22,031][DEBUG]: domain=results/blocksworld1a-2021-12-12T21:46:57.657819/domain.pddl
[2021-12-12 21:48:22,031][DEBUG]: problem=results/blocksworld1a-2021-12-12T21:46:57.657819/p12.pddl
[2021-12-12 21:48:22,032][DEBUG]: formula=O(on_b1_b2 & Y(O(on_b2_b3)))
[2021-12-12 21:48:22,032][DEBUG]: mapping=None
[2021-12-12 21:48:22,032][DEBUG]: timeout=60.0
[2021-12-12 21:48:22,032][DEBUG]: tool=p4p-mynd-sc-ff
[2021-12-12 21:48:24,404][INFO]: name=p12
status=Status.SUCCESS
time_compilation=0.3757338523864746
time_tool=1.87125
time_end2end=2.246984
nb_node_expanded=115
command=/home/marcofavorito/workfolder/planning-with-past-code/bin/plan4past --domain results/blocksworld1a-2021-12-12T21:46:57.657819/domain.pddl --problem results/blocksworld1a-2021-12-12T21:46:57.657819/p12.pddl --formula O(on_b1_b2 & Y(O(on_b2_b3))) --working-dir results/blocksworld1a-2021-12-12T21:46:57.657819/p4p-mynd-sc-ff/p12 --algorithm laostar --heuristic ff
[2021-12-12 21:48:24,404][INFO]: ====================================================================================================
[2021-12-12 21:48:24,404][INFO]: Time: 2021-12-12 21:48:24.404736
[2021-12-12 21:48:24,404][INFO]: Processing problem results/blocksworld1a-2021-12-12T21:46:57.657819/p13.pddl
[2021-12-12 21:48:24,405][INFO]: Using formula: O(on_b1_b2 & Y(O(on_b2_b3)))
[2021-12-12 21:48:24,405][DEBUG]: name=p13
[2021-12-12 21:48:24,405][DEBUG]: domain=results/blocksworld1a-2021-12-12T21:46:57.657819/domain.pddl
[2021-12-12 21:48:24,405][DEBUG]: problem=results/blocksworld1a-2021-12-12T21:46:57.657819/p13.pddl
[2021-12-12 21:48:24,405][DEBUG]: formula=O(on_b1_b2 & Y(O(on_b2_b3)))
[2021-12-12 21:48:24,405][DEBUG]: mapping=None
[2021-12-12 21:48:24,405][DEBUG]: timeout=60.0
[2021-12-12 21:48:24,406][DEBUG]: tool=p4p-mynd-sc-ff
[2021-12-12 21:48:27,233][INFO]: name=p13
status=Status.SUCCESS
time_compilation=0.38201189041137695
time_tool=2.306076
time_end2end=2.688088
nb_node_expanded=99
command=/home/marcofavorito/workfolder/planning-with-past-code/bin/plan4past --domain results/blocksworld1a-2021-12-12T21:46:57.657819/domain.pddl --problem results/blocksworld1a-2021-12-12T21:46:57.657819/p13.pddl --formula O(on_b1_b2 & Y(O(on_b2_b3))) --working-dir results/blocksworld1a-2021-12-12T21:46:57.657819/p4p-mynd-sc-ff/p13 --algorithm laostar --heuristic ff
[2021-12-12 21:48:27,233][INFO]: ====================================================================================================
[2021-12-12 21:48:27,233][INFO]: Time: 2021-12-12 21:48:27.233803
[2021-12-12 21:48:27,233][INFO]: Processing problem results/blocksworld1a-2021-12-12T21:46:57.657819/p14.pddl
[2021-12-12 21:48:27,233][INFO]: Using formula: O(on_b1_b2 & Y(O(on_b2_b3)))
[2021-12-12 21:48:27,234][DEBUG]: name=p14
[2021-12-12 21:48:27,234][DEBUG]: domain=results/blocksworld1a-2021-12-12T21:46:57.657819/domain.pddl
[2021-12-12 21:48:27,234][DEBUG]: problem=results/blocksworld1a-2021-12-12T21:46:57.657819/p14.pddl
[2021-12-12 21:48:27,234][DEBUG]: formula=O(on_b1_b2 & Y(O(on_b2_b3)))
[2021-12-12 21:48:27,234][DEBUG]: mapping=None
[2021-12-12 21:48:27,234][DEBUG]: timeout=60.0
[2021-12-12 21:48:27,234][DEBUG]: tool=p4p-mynd-sc-ff
[2021-12-12 21:48:31,915][INFO]: name=p14
status=Status.SUCCESS
time_compilation=0.3887350559234619
time_tool=4.152413
time_end2end=4.541148
nb_node_expanded=175
command=/home/marcofavorito/workfolder/planning-with-past-code/bin/plan4past --domain results/blocksworld1a-2021-12-12T21:46:57.657819/domain.pddl --problem results/blocksworld1a-2021-12-12T21:46:57.657819/p14.pddl --formula O(on_b1_b2 & Y(O(on_b2_b3))) --working-dir results/blocksworld1a-2021-12-12T21:46:57.657819/p4p-mynd-sc-ff/p14 --algorithm laostar --heuristic ff
[2021-12-12 21:48:31,915][INFO]: ====================================================================================================
[2021-12-12 21:48:31,915][INFO]: Time: 2021-12-12 21:48:31.915441
[2021-12-12 21:48:31,915][INFO]: Processing problem results/blocksworld1a-2021-12-12T21:46:57.657819/p15.pddl
[2021-12-12 21:48:31,915][INFO]: Using formula: O(on_b1_b2 & Y(O(on_b2_b3)))
[2021-12-12 21:48:31,915][DEBUG]: name=p15
[2021-12-12 21:48:31,915][DEBUG]: domain=results/blocksworld1a-2021-12-12T21:46:57.657819/domain.pddl
[2021-12-12 21:48:31,916][DEBUG]: problem=results/blocksworld1a-2021-12-12T21:46:57.657819/p15.pddl
[2021-12-12 21:48:31,916][DEBUG]: formula=O(on_b1_b2 & Y(O(on_b2_b3)))
[2021-12-12 21:48:31,916][DEBUG]: mapping=None
[2021-12-12 21:48:31,916][DEBUG]: timeout=60.0
[2021-12-12 21:48:31,916][DEBUG]: tool=p4p-mynd-sc-ff
[2021-12-12 21:48:36,346][INFO]: name=p15
status=Status.SUCCESS
time_compilation=0.40786218643188477
time_tool=3.91298
time_end2end=4.320842
nb_node_expanded=127
command=/home/marcofavorito/workfolder/planning-with-past-code/bin/plan4past --domain results/blocksworld1a-2021-12-12T21:46:57.657819/domain.pddl --problem results/blocksworld1a-2021-12-12T21:46:57.657819/p15.pddl --formula O(on_b1_b2 & Y(O(on_b2_b3))) --working-dir results/blocksworld1a-2021-12-12T21:46:57.657819/p4p-mynd-sc-ff/p15 --algorithm laostar --heuristic ff
[2021-12-12 21:48:36,347][INFO]: ====================================================================================================
[2021-12-12 21:48:36,347][INFO]: Time: 2021-12-12 21:48:36.347227
[2021-12-12 21:48:36,347][INFO]: Processing problem results/blocksworld1a-2021-12-12T21:46:57.657819/p16.pddl
[2021-12-12 21:48:36,347][INFO]: Using formula: O(on_b1_b2 & Y(O(on_b2_b3)))
[2021-12-12 21:48:36,348][DEBUG]: name=p16
[2021-12-12 21:48:36,348][DEBUG]: domain=results/blocksworld1a-2021-12-12T21:46:57.657819/domain.pddl
[2021-12-12 21:48:36,348][DEBUG]: problem=results/blocksworld1a-2021-12-12T21:46:57.657819/p16.pddl
[2021-12-12 21:48:36,348][DEBUG]: formula=O(on_b1_b2 & Y(O(on_b2_b3)))
[2021-12-12 21:48:36,348][DEBUG]: mapping=None
[2021-12-12 21:48:36,348][DEBUG]: timeout=60.0
[2021-12-12 21:48:36,349][DEBUG]: tool=p4p-mynd-sc-ff
[2021-12-12 21:48:41,010][INFO]: name=p16
status=Status.SUCCESS
time_compilation=0.3813300132751465
time_tool=4.142854
time_end2end=4.524184
nb_node_expanded=89
command=/home/marcofavorito/workfolder/planning-with-past-code/bin/plan4past --domain results/blocksworld1a-2021-12-12T21:46:57.657819/domain.pddl --problem results/blocksworld1a-2021-12-12T21:46:57.657819/p16.pddl --formula O(on_b1_b2 & Y(O(on_b2_b3))) --working-dir results/blocksworld1a-2021-12-12T21:46:57.657819/p4p-mynd-sc-ff/p16 --algorithm laostar --heuristic ff
[2021-12-12 21:48:41,010][INFO]: ====================================================================================================
[2021-12-12 21:48:41,011][INFO]: Time: 2021-12-12 21:48:41.011043
[2021-12-12 21:48:41,011][INFO]: Processing problem results/blocksworld1a-2021-12-12T21:46:57.657819/p17.pddl
[2021-12-12 21:48:41,011][INFO]: Using formula: O(on_b1_b2 & Y(O(on_b2_b3)))
[2021-12-12 21:48:41,011][DEBUG]: name=p17
[2021-12-12 21:48:41,011][DEBUG]: domain=results/blocksworld1a-2021-12-12T21:46:57.657819/domain.pddl
[2021-12-12 21:48:41,011][DEBUG]: problem=results/blocksworld1a-2021-12-12T21:46:57.657819/p17.pddl
[2021-12-12 21:48:41,011][DEBUG]: formula=O(on_b1_b2 & Y(O(on_b2_b3)))
[2021-12-12 21:48:41,011][DEBUG]: mapping=None
[2021-12-12 21:48:41,011][DEBUG]: timeout=60.0
[2021-12-12 21:48:41,011][DEBUG]: tool=p4p-mynd-sc-ff
[2021-12-12 21:48:45,743][INFO]: name=p17
status=Status.SUCCESS
time_compilation=0.3844268321990967
time_tool=4.2378
time_end2end=4.622227
nb_node_expanded=37
command=/home/marcofavorito/workfolder/planning-with-past-code/bin/plan4past --domain results/blocksworld1a-2021-12-12T21:46:57.657819/domain.pddl --problem results/blocksworld1a-2021-12-12T21:46:57.657819/p17.pddl --formula O(on_b1_b2 & Y(O(on_b2_b3))) --working-dir results/blocksworld1a-2021-12-12T21:46:57.657819/p4p-mynd-sc-ff/p17 --algorithm laostar --heuristic ff
[2021-12-12 21:48:45,744][INFO]: ====================================================================================================
[2021-12-12 21:48:45,744][INFO]: Time: 2021-12-12 21:48:45.744432
[2021-12-12 21:48:45,744][INFO]: Processing problem results/blocksworld1a-2021-12-12T21:46:57.657819/p18.pddl
[2021-12-12 21:48:45,744][INFO]: Using formula: O(on_b1_b2 & Y(O(on_b2_b3)))
[2021-12-12 21:48:45,745][DEBUG]: name=p18
[2021-12-12 21:48:45,745][DEBUG]: domain=results/blocksworld1a-2021-12-12T21:46:57.657819/domain.pddl
[2021-12-12 21:48:45,745][DEBUG]: problem=results/blocksworld1a-2021-12-12T21:46:57.657819/p18.pddl
[2021-12-12 21:48:45,745][DEBUG]: formula=O(on_b1_b2 & Y(O(on_b2_b3)))
[2021-12-12 21:48:45,745][DEBUG]: mapping=None
[2021-12-12 21:48:45,745][DEBUG]: timeout=60.0
[2021-12-12 21:48:45,745][DEBUG]: tool=p4p-mynd-sc-ff
[2021-12-12 21:48:52,732][INFO]: name=p18
status=Status.SUCCESS
time_compilation=0.38454604148864746
time_tool=6.443016
time_end2end=6.827562
nb_node_expanded=103
command=/home/marcofavorito/workfolder/planning-with-past-code/bin/plan4past --domain results/blocksworld1a-2021-12-12T21:46:57.657819/domain.pddl --problem results/blocksworld1a-2021-12-12T21:46:57.657819/p18.pddl --formula O(on_b1_b2 & Y(O(on_b2_b3))) --working-dir results/blocksworld1a-2021-12-12T21:46:57.657819/p4p-mynd-sc-ff/p18 --algorithm laostar --heuristic ff
[2021-12-12 21:48:52,732][INFO]: ====================================================================================================
[2021-12-12 21:48:52,732][INFO]: Time: 2021-12-12 21:48:52.732561
[2021-12-12 21:48:52,732][INFO]: Processing problem results/blocksworld1a-2021-12-12T21:46:57.657819/p19.pddl
[2021-12-12 21:48:52,733][INFO]: Using formula: O(on_b1_b2 & Y(O(on_b2_b3)))
[2021-12-12 21:48:52,733][DEBUG]: name=p19
[2021-12-12 21:48:52,733][DEBUG]: domain=results/blocksworld1a-2021-12-12T21:46:57.657819/domain.pddl
[2021-12-12 21:48:52,733][DEBUG]: problem=results/blocksworld1a-2021-12-12T21:46:57.657819/p19.pddl
[2021-12-12 21:48:52,733][DEBUG]: formula=O(on_b1_b2 & Y(O(on_b2_b3)))
[2021-12-12 21:48:52,734][DEBUG]: mapping=None
[2021-12-12 21:48:52,734][DEBUG]: timeout=60.0
[2021-12-12 21:48:52,734][DEBUG]: tool=p4p-mynd-sc-ff
[2021-12-12 21:49:04,420][INFO]: name=p19
status=Status.SUCCESS
time_compilation=0.41840100288391113
time_tool=11.136825
time_end2end=11.555226
nb_node_expanded=161
command=/home/marcofavorito/workfolder/planning-with-past-code/bin/plan4past --domain results/blocksworld1a-2021-12-12T21:46:57.657819/domain.pddl --problem results/blocksworld1a-2021-12-12T21:46:57.657819/p19.pddl --formula O(on_b1_b2 & Y(O(on_b2_b3))) --working-dir results/blocksworld1a-2021-12-12T21:46:57.657819/p4p-mynd-sc-ff/p19 --algorithm laostar --heuristic ff
[2021-12-12 21:49:04,421][INFO]: ====================================================================================================
[2021-12-12 21:49:04,421][INFO]: Time: 2021-12-12 21:49:04.421547
[2021-12-12 21:49:04,421][INFO]: Processing problem results/blocksworld1a-2021-12-12T21:46:57.657819/p20.pddl
[2021-12-12 21:49:04,421][INFO]: Using formula: O(on_b1_b2 & Y(O(on_b2_b3)))
[2021-12-12 21:49:04,422][DEBUG]: name=p20
[2021-12-12 21:49:04,422][DEBUG]: domain=results/blocksworld1a-2021-12-12T21:46:57.657819/domain.pddl
[2021-12-12 21:49:04,422][DEBUG]: problem=results/blocksworld1a-2021-12-12T21:46:57.657819/p20.pddl
[2021-12-12 21:49:04,422][DEBUG]: formula=O(on_b1_b2 & Y(O(on_b2_b3)))
[2021-12-12 21:49:04,422][DEBUG]: mapping=None
[2021-12-12 21:49:04,423][DEBUG]: timeout=60.0
[2021-12-12 21:49:04,423][DEBUG]: tool=p4p-mynd-sc-ff
[2021-12-12 21:49:19,530][INFO]: name=p20
status=Status.SUCCESS
time_compilation=0.3655359745025635
time_tool=14.630285
time_end2end=14.995821
nb_node_expanded=203
command=/home/marcofavorito/workfolder/planning-with-past-code/bin/plan4past --domain results/blocksworld1a-2021-12-12T21:46:57.657819/domain.pddl --problem results/blocksworld1a-2021-12-12T21:46:57.657819/p20.pddl --formula O(on_b1_b2 & Y(O(on_b2_b3))) --working-dir results/blocksworld1a-2021-12-12T21:46:57.657819/p4p-mynd-sc-ff/p20 --algorithm laostar --heuristic ff
[2021-12-12 21:49:19,532][INFO]: ====================================================================================================
[2021-12-12 21:49:19,532][INFO]: Time: 2021-12-12 21:49:19.532656
[2021-12-12 21:49:19,532][INFO]: Processing problem results/blocksworld1a-2021-12-12T21:46:57.657819/p03.pddl
[2021-12-12 21:49:19,533][INFO]: Using formula: F("on b2 b3"&X(F("on b1 b2")))
[2021-12-12 21:49:19,533][DEBUG]: name=p03
[2021-12-12 21:49:19,533][DEBUG]: domain=results/blocksworld1a-2021-12-12T21:46:57.657819/domain.pddl
[2021-12-12 21:49:19,533][DEBUG]: problem=results/blocksworld1a-2021-12-12T21:46:57.657819/p03.pddl
[2021-12-12 21:49:19,533][DEBUG]: formula=F("on b2 b3"&X(F("on b1 b2")))
[2021-12-12 21:49:19,533][DEBUG]: mapping=None
[2021-12-12 21:49:19,533][DEBUG]: timeout=60.0
[2021-12-12 21:49:19,534][DEBUG]: tool=lf2f-mynd-sc-ff
[2021-12-12 21:49:29,849][INFO]: name=p03
status=Status.SUCCESS
time_compilation=0.10552692413330078
time_tool=10.068013
time_end2end=10.17354
nb_node_expanded=74
command=/home/marcofavorito/workfolder/planning-with-past-code/bin/ltlfond2fond_wrapper -t mynd -d results/blocksworld1a-2021-12-12T21:46:57.657819/domain.pddl -p results/blocksworld1a-2021-12-12T21:46:57.657819/p03.pddl -g F("on b2 b3"&X(F("on b1 b2"))) --working-dir results/blocksworld1a-2021-12-12T21:46:57.657819/lf2f-mynd-sc-ff/p03 --algorithm laostar --heuristic ff
[2021-12-12 21:49:29,849][INFO]: ====================================================================================================
[2021-12-12 21:49:29,849][INFO]: Time: 2021-12-12 21:49:29.849617
[2021-12-12 21:49:29,849][INFO]: Processing problem results/blocksworld1a-2021-12-12T21:46:57.657819/p04.pddl
[2021-12-12 21:49:29,849][INFO]: Using formula: F("on b2 b3"&X(F("on b1 b2")))
[2021-12-12 21:49:29,850][DEBUG]: name=p04
[2021-12-12 21:49:29,850][DEBUG]: domain=results/blocksworld1a-2021-12-12T21:46:57.657819/domain.pddl
[2021-12-12 21:49:29,850][DEBUG]: problem=results/blocksworld1a-2021-12-12T21:46:57.657819/p04.pddl
[2021-12-12 21:49:29,850][DEBUG]: formula=F("on b2 b3"&X(F("on b1 b2")))
[2021-12-12 21:49:29,850][DEBUG]: mapping=None
[2021-12-12 21:49:29,850][DEBUG]: timeout=60.0
[2021-12-12 21:49:29,850][DEBUG]: tool=lf2f-mynd-sc-ff
[2021-12-12 21:49:57,018][INFO]: name=p04
status=Status.SUCCESS
time_compilation=0.07599782943725586
time_tool=26.960597
time_end2end=27.036595
nb_node_expanded=62
command=/home/marcofavorito/workfolder/planning-with-past-code/bin/ltlfond2fond_wrapper -t mynd -d results/blocksworld1a-2021-12-12T21:46:57.657819/domain.pddl -p results/blocksworld1a-2021-12-12T21:46:57.657819/p04.pddl -g F("on b2 b3"&X(F("on b1 b2"))) --working-dir results/blocksworld1a-2021-12-12T21:46:57.657819/lf2f-mynd-sc-ff/p04 --algorithm laostar --heuristic ff
[2021-12-12 21:49:57,019][INFO]: ====================================================================================================
[2021-12-12 21:49:57,019][INFO]: Time: 2021-12-12 21:49:57.019345
[2021-12-12 21:49:57,019][INFO]: Processing problem results/blocksworld1a-2021-12-12T21:46:57.657819/p05.pddl
[2021-12-12 21:49:57,019][INFO]: Using formula: F("on b2 b3"&X(F("on b1 b2")))
[2021-12-12 21:49:57,019][DEBUG]: name=p05
[2021-12-12 21:49:57,020][DEBUG]: domain=results/blocksworld1a-2021-12-12T21:46:57.657819/domain.pddl
[2021-12-12 21:49:57,020][DEBUG]: problem=results/blocksworld1a-2021-12-12T21:46:57.657819/p05.pddl
[2021-12-12 21:49:57,020][DEBUG]: formula=F("on b2 b3"&X(F("on b1 b2")))
[2021-12-12 21:49:57,020][DEBUG]: mapping=None
[2021-12-12 21:49:57,020][DEBUG]: timeout=60.0
[2021-12-12 21:49:57,020][DEBUG]: tool=lf2f-mynd-sc-ff
[2021-12-12 21:50:57,148][INFO]: name=p05
status=Status.TIMEOUT
time_compilation=-1.0
time_tool=-1.0
time_end2end=60.00439708100021
nb_node_expanded=None
command=/home/marcofavorito/workfolder/planning-with-past-code/bin/ltlfond2fond_wrapper -t mynd -d results/blocksworld1a-2021-12-12T21:46:57.657819/domain.pddl -p results/blocksworld1a-2021-12-12T21:46:57.657819/p05.pddl -g F("on b2 b3"&X(F("on b1 b2"))) --working-dir results/blocksworld1a-2021-12-12T21:46:57.657819/lf2f-mynd-sc-ff/p05 --algorithm laostar --heuristic ff
[2021-12-12 21:50:57,148][INFO]: ====================================================================================================
[2021-12-12 21:50:57,149][INFO]: Time: 2021-12-12 21:50:57.149088
[2021-12-12 21:50:57,149][INFO]: Processing problem results/blocksworld1a-2021-12-12T21:46:57.657819/p06.pddl
[2021-12-12 21:50:57,149][INFO]: Using formula: F("on b2 b3"&X(F("on b1 b2")))
[2021-12-12 21:50:57,149][DEBUG]: name=p06
[2021-12-12 21:50:57,149][DEBUG]: domain=results/blocksworld1a-2021-12-12T21:46:57.657819/domain.pddl
[2021-12-12 21:50:57,149][DEBUG]: problem=results/blocksworld1a-2021-12-12T21:46:57.657819/p06.pddl
[2021-12-12 21:50:57,149][DEBUG]: formula=F("on b2 b3"&X(F("on b1 b2")))
[2021-12-12 21:50:57,149][DEBUG]: mapping=None
[2021-12-12 21:50:57,149][DEBUG]: timeout=60.0
[2021-12-12 21:50:57,149][DEBUG]: tool=lf2f-mynd-sc-ff
[2021-12-12 21:51:57,397][INFO]: name=p06
status=Status.TIMEOUT
time_compilation=-1.0
time_tool=-1.0
time_end2end=60.003355893000844
nb_node_expanded=None
command=/home/marcofavorito/workfolder/planning-with-past-code/bin/ltlfond2fond_wrapper -t mynd -d results/blocksworld1a-2021-12-12T21:46:57.657819/domain.pddl -p results/blocksworld1a-2021-12-12T21:46:57.657819/p06.pddl -g F("on b2 b3"&X(F("on b1 b2"))) --working-dir results/blocksworld1a-2021-12-12T21:46:57.657819/lf2f-mynd-sc-ff/p06 --algorithm laostar --heuristic ff
[2021-12-12 21:51:57,402][INFO]: ====================================================================================================
[2021-12-12 21:51:57,402][INFO]: Time: 2021-12-12 21:51:57.402453
[2021-12-12 21:51:57,402][INFO]: Processing problem results/blocksworld1a-2021-12-12T21:46:57.657819/p07.pddl
[2021-12-12 21:51:57,402][INFO]: Using formula: F("on b2 b3"&X(F("on b1 b2")))
[2021-12-12 21:51:57,403][DEBUG]: name=p07
[2021-12-12 21:51:57,403][DEBUG]: domain=results/blocksworld1a-2021-12-12T21:46:57.657819/domain.pddl
[2021-12-12 21:51:57,403][DEBUG]: problem=results/blocksworld1a-2021-12-12T21:46:57.657819/p07.pddl
[2021-12-12 21:51:57,403][DEBUG]: formula=F("on b2 b3"&X(F("on b1 b2")))
[2021-12-12 21:51:57,403][DEBUG]: mapping=None
[2021-12-12 21:51:57,403][DEBUG]: timeout=60.0
[2021-12-12 21:51:57,404][DEBUG]: tool=lf2f-mynd-sc-ff
[2021-12-12 21:52:57,621][INFO]: name=p07
status=Status.TIMEOUT
time_compilation=-1.0
time_tool=-1.0
time_end2end=60.00553741000476
nb_node_expanded=None
command=/home/marcofavorito/workfolder/planning-with-past-code/bin/ltlfond2fond_wrapper -t mynd -d results/blocksworld1a-2021-12-12T21:46:57.657819/domain.pddl -p results/blocksworld1a-2021-12-12T21:46:57.657819/p07.pddl -g F("on b2 b3"&X(F("on b1 b2"))) --working-dir results/blocksworld1a-2021-12-12T21:46:57.657819/lf2f-mynd-sc-ff/p07 --algorithm laostar --heuristic ff
[2021-12-12 21:52:57,621][INFO]: ====================================================================================================
[2021-12-12 21:52:57,621][INFO]: Time: 2021-12-12 21:52:57.621665
[2021-12-12 21:52:57,621][INFO]: Processing problem results/blocksworld1a-2021-12-12T21:46:57.657819/p08.pddl
[2021-12-12 21:52:57,621][INFO]: Using formula: F("on b2 b3"&X(F("on b1 b2")))
[2021-12-12 21:52:57,622][DEBUG]: name=p08
[2021-12-12 21:52:57,622][DEBUG]: domain=results/blocksworld1a-2021-12-12T21:46:57.657819/domain.pddl
[2021-12-12 21:52:57,622][DEBUG]: problem=results/blocksworld1a-2021-12-12T21:46:57.657819/p08.pddl
[2021-12-12 21:52:57,622][DEBUG]: formula=F("on b2 b3"&X(F("on b1 b2")))
[2021-12-12 21:52:57,622][DEBUG]: mapping=None
[2021-12-12 21:52:57,622][DEBUG]: timeout=60.0
[2021-12-12 21:52:57,622][DEBUG]: tool=lf2f-mynd-sc-ff
[2021-12-12 21:53:57,815][INFO]: name=p08
status=Status.TIMEOUT
time_compilation=-1.0
time_tool=-1.0
time_end2end=60.00396421300684
nb_node_expanded=None
command=/home/marcofavorito/workfolder/planning-with-past-code/bin/ltlfond2fond_wrapper -t mynd -d results/blocksworld1a-2021-12-12T21:46:57.657819/domain.pddl -p results/blocksworld1a-2021-12-12T21:46:57.657819/p08.pddl -g F("on b2 b3"&X(F("on b1 b2"))) --working-dir results/blocksworld1a-2021-12-12T21:46:57.657819/lf2f-mynd-sc-ff/p08 --algorithm laostar --heuristic ff
[2021-12-12 21:53:57,815][INFO]: ====================================================================================================
[2021-12-12 21:53:57,815][INFO]: Time: 2021-12-12 21:53:57.815380
[2021-12-12 21:53:57,815][INFO]: Processing problem results/blocksworld1a-2021-12-12T21:46:57.657819/p09.pddl
[2021-12-12 21:53:57,815][INFO]: Using formula: F("on b2 b3"&X(F("on b1 b2")))
[2021-12-12 21:53:57,815][DEBUG]: name=p09
[2021-12-12 21:53:57,815][DEBUG]: domain=results/blocksworld1a-2021-12-12T21:46:57.657819/domain.pddl
[2021-12-12 21:53:57,816][DEBUG]: problem=results/blocksworld1a-2021-12-12T21:46:57.657819/p09.pddl
[2021-12-12 21:53:57,816][DEBUG]: formula=F("on b2 b3"&X(F("on b1 b2")))
[2021-12-12 21:53:57,816][DEBUG]: mapping=None
[2021-12-12 21:53:57,816][DEBUG]: timeout=60.0
[2021-12-12 21:53:57,816][DEBUG]: tool=lf2f-mynd-sc-ff
[2021-12-12 21:54:57,999][INFO]: name=p09
status=Status.TIMEOUT
time_compilation=-1.0
time_tool=-1.0
time_end2end=60.00365472800331
nb_node_expanded=None
command=/home/marcofavorito/workfolder/planning-with-past-code/bin/ltlfond2fond_wrapper -t mynd -d results/blocksworld1a-2021-12-12T21:46:57.657819/domain.pddl -p results/blocksworld1a-2021-12-12T21:46:57.657819/p09.pddl -g F("on b2 b3"&X(F("on b1 b2"))) --working-dir results/blocksworld1a-2021-12-12T21:46:57.657819/lf2f-mynd-sc-ff/p09 --algorithm laostar --heuristic ff
[2021-12-12 21:54:57,999][INFO]: ====================================================================================================
[2021-12-12 21:54:57,999][INFO]: Time: 2021-12-12 21:54:57.999363
[2021-12-12 21:54:57,999][INFO]: Processing problem results/blocksworld1a-2021-12-12T21:46:57.657819/p10.pddl
[2021-12-12 21:54:57,999][INFO]: Using formula: F("on b2 b3"&X(F("on b1 b2")))
[2021-12-12 21:54:57,999][DEBUG]: name=p10
[2021-12-12 21:54:57,999][DEBUG]: domain=results/blocksworld1a-2021-12-12T21:46:57.657819/domain.pddl
[2021-12-12 21:54:57,999][DEBUG]: problem=results/blocksworld1a-2021-12-12T21:46:57.657819/p10.pddl
[2021-12-12 21:54:58,000][DEBUG]: formula=F("on b2 b3"&X(F("on b1 b2")))
[2021-12-12 21:54:58,000][DEBUG]: mapping=None
[2021-12-12 21:54:58,000][DEBUG]: timeout=60.0
[2021-12-12 21:54:58,000][DEBUG]: tool=lf2f-mynd-sc-ff
[2021-12-12 21:55:58,210][INFO]: name=p10
status=Status.TIMEOUT
time_compilation=-1.0
time_tool=-1.0
time_end2end=60.004185722005786
nb_node_expanded=None
command=/home/marcofavorito/workfolder/planning-with-past-code/bin/ltlfond2fond_wrapper -t mynd -d results/blocksworld1a-2021-12-12T21:46:57.657819/domain.pddl -p results/blocksworld1a-2021-12-12T21:46:57.657819/p10.pddl -g F("on b2 b3"&X(F("on b1 b2"))) --working-dir results/blocksworld1a-2021-12-12T21:46:57.657819/lf2f-mynd-sc-ff/p10 --algorithm laostar --heuristic ff
[2021-12-12 21:55:58,211][INFO]: ====================================================================================================
[2021-12-12 21:55:58,211][INFO]: Time: 2021-12-12 21:55:58.211205
[2021-12-12 21:55:58,211][INFO]: Processing problem results/blocksworld1a-2021-12-12T21:46:57.657819/p11.pddl
[2021-12-12 21:55:58,211][INFO]: Using formula: F("on b2 b3"&X(F("on b1 b2")))
[2021-12-12 21:55:58,211][DEBUG]: name=p11
[2021-12-12 21:55:58,211][DEBUG]: domain=results/blocksworld1a-2021-12-12T21:46:57.657819/domain.pddl
[2021-12-12 21:55:58,211][DEBUG]: problem=results/blocksworld1a-2021-12-12T21:46:57.657819/p11.pddl
[2021-12-12 21:55:58,211][DEBUG]: formula=F("on b2 b3"&X(F("on b1 b2")))
[2021-12-12 21:55:58,211][DEBUG]: mapping=None
[2021-12-12 21:55:58,212][DEBUG]: timeout=60.0
[2021-12-12 21:55:58,212][DEBUG]: tool=lf2f-mynd-sc-ff
[2021-12-12 21:56:58,407][INFO]: name=p11
status=Status.TIMEOUT
time_compilation=-1.0
time_tool=-1.0
time_end2end=60.00323341400508
nb_node_expanded=None
command=/home/marcofavorito/workfolder/planning-with-past-code/bin/ltlfond2fond_wrapper -t mynd -d results/blocksworld1a-2021-12-12T21:46:57.657819/domain.pddl -p results/blocksworld1a-2021-12-12T21:46:57.657819/p11.pddl -g F("on b2 b3"&X(F("on b1 b2"))) --working-dir results/blocksworld1a-2021-12-12T21:46:57.657819/lf2f-mynd-sc-ff/p11 --algorithm laostar --heuristic ff
[2021-12-12 21:56:58,407][INFO]: ====================================================================================================
[2021-12-12 21:56:58,407][INFO]: Time: 2021-12-12 21:56:58.407943
[2021-12-12 21:56:58,408][INFO]: Processing problem results/blocksworld1a-2021-12-12T21:46:57.657819/p12.pddl
[2021-12-12 21:56:58,408][INFO]: Using formula: F("on b2 b3"&X(F("on b1 b2")))
[2021-12-12 21:56:58,408][DEBUG]: name=p12
[2021-12-12 21:56:58,408][DEBUG]: domain=results/blocksworld1a-2021-12-12T21:46:57.657819/domain.pddl
[2021-12-12 21:56:58,408][DEBUG]: problem=results/blocksworld1a-2021-12-12T21:46:57.657819/p12.pddl
[2021-12-12 21:56:58,408][DEBUG]: formula=F("on b2 b3"&X(F("on b1 b2")))
[2021-12-12 21:56:58,408][DEBUG]: mapping=None
[2021-12-12 21:56:58,408][DEBUG]: timeout=60.0
[2021-12-12 21:56:58,408][DEBUG]: tool=lf2f-mynd-sc-ff
[2021-12-12 21:57:58,612][INFO]: name=p12
status=Status.TIMEOUT
time_compilation=-1.0
time_tool=-1.0
time_end2end=60.003673400999105
nb_node_expanded=None
command=/home/marcofavorito/workfolder/planning-with-past-code/bin/ltlfond2fond_wrapper -t mynd -d results/blocksworld1a-2021-12-12T21:46:57.657819/domain.pddl -p results/blocksworld1a-2021-12-12T21:46:57.657819/p12.pddl -g F("on b2 b3"&X(F("on b1 b2"))) --working-dir results/blocksworld1a-2021-12-12T21:46:57.657819/lf2f-mynd-sc-ff/p12 --algorithm laostar --heuristic ff
[2021-12-12 21:57:58,612][INFO]: ====================================================================================================
[2021-12-12 21:57:58,613][INFO]: Time: 2021-12-12 21:57:58.613076
[2021-12-12 21:57:58,613][INFO]: Processing problem results/blocksworld1a-2021-12-12T21:46:57.657819/p13.pddl
[2021-12-12 21:57:58,613][INFO]: Using formula: F("on b2 b3"&X(F("on b1 b2")))
[2021-12-12 21:57:58,613][DEBUG]: name=p13
[2021-12-12 21:57:58,613][DEBUG]: domain=results/blocksworld1a-2021-12-12T21:46:57.657819/domain.pddl
[2021-12-12 21:57:58,613][DEBUG]: problem=results/blocksworld1a-2021-12-12T21:46:57.657819/p13.pddl
[2021-12-12 21:57:58,613][DEBUG]: formula=F("on b2 b3"&X(F("on b1 b2")))
[2021-12-12 21:57:58,613][DEBUG]: mapping=None
[2021-12-12 21:57:58,613][DEBUG]: timeout=60.0
[2021-12-12 21:57:58,614][DEBUG]: tool=lf2f-mynd-sc-ff
[2021-12-12 21:58:58,811][INFO]: name=p13
status=Status.TIMEOUT
time_compilation=-1.0
time_tool=-1.0
time_end2end=60.003467121998256
nb_node_expanded=None
command=/home/marcofavorito/workfolder/planning-with-past-code/bin/ltlfond2fond_wrapper -t mynd -d results/blocksworld1a-2021-12-12T21:46:57.657819/domain.pddl -p results/blocksworld1a-2021-12-12T21:46:57.657819/p13.pddl -g F("on b2 b3"&X(F("on b1 b2"))) --working-dir results/blocksworld1a-2021-12-12T21:46:57.657819/lf2f-mynd-sc-ff/p13 --algorithm laostar --heuristic ff
[2021-12-12 21:58:58,811][INFO]: ====================================================================================================
[2021-12-12 21:58:58,812][INFO]: Time: 2021-12-12 21:58:58.812009
[2021-12-12 21:58:58,812][INFO]: Processing problem results/blocksworld1a-2021-12-12T21:46:57.657819/p14.pddl
[2021-12-12 21:58:58,812][INFO]: Using formula: F("on b2 b3"&X(F("on b1 b2")))
[2021-12-12 21:58:58,812][DEBUG]: name=p14
[2021-12-12 21:58:58,812][DEBUG]: domain=results/blocksworld1a-2021-12-12T21:46:57.657819/domain.pddl
[2021-12-12 21:58:58,812][DEBUG]: problem=results/blocksworld1a-2021-12-12T21:46:57.657819/p14.pddl
[2021-12-12 21:58:58,812][DEBUG]: formula=F("on b2 b3"&X(F("on b1 b2")))
[2021-12-12 21:58:58,812][DEBUG]: mapping=None
[2021-12-12 21:58:58,812][DEBUG]: timeout=60.0
[2021-12-12 21:58:58,812][DEBUG]: tool=lf2f-mynd-sc-ff
[2021-12-12 21:59:59,002][INFO]: name=p14
status=Status.TIMEOUT
time_compilation=-1.0
time_tool=-1.0
time_end2end=60.00374830600049
nb_node_expanded=None
command=/home/marcofavorito/workfolder/planning-with-past-code/bin/ltlfond2fond_wrapper -t mynd -d results/blocksworld1a-2021-12-12T21:46:57.657819/domain.pddl -p results/blocksworld1a-2021-12-12T21:46:57.657819/p14.pddl -g F("on b2 b3"&X(F("on b1 b2"))) --working-dir results/blocksworld1a-2021-12-12T21:46:57.657819/lf2f-mynd-sc-ff/p14 --algorithm laostar --heuristic ff
[2021-12-12 21:59:59,002][INFO]: ====================================================================================================
[2021-12-12 21:59:59,002][INFO]: Time: 2021-12-12 21:59:59.002295
[2021-12-12 21:59:59,002][INFO]: Processing problem results/blocksworld1a-2021-12-12T21:46:57.657819/p15.pddl
[2021-12-12 21:59:59,002][INFO]: Using formula: F("on b2 b3"&X(F("on b1 b2")))
[2021-12-12 21:59:59,002][DEBUG]: name=p15
[2021-12-12 21:59:59,002][DEBUG]: domain=results/blocksworld1a-2021-12-12T21:46:57.657819/domain.pddl
[2021-12-12 21:59:59,002][DEBUG]: problem=results/blocksworld1a-2021-12-12T21:46:57.657819/p15.pddl
[2021-12-12 21:59:59,002][DEBUG]: formula=F("on b2 b3"&X(F("on b1 b2")))
[2021-12-12 21:59:59,002][DEBUG]: mapping=None
[2021-12-12 21:59:59,002][DEBUG]: timeout=60.0
[2021-12-12 21:59:59,002][DEBUG]: tool=lf2f-mynd-sc-ff
[2021-12-12 22:00:59,178][INFO]: name=p15
status=Status.TIMEOUT
time_compilation=-1.0
time_tool=-1.0
time_end2end=60.003102663999016
nb_node_expanded=None
command=/home/marcofavorito/workfolder/planning-with-past-code/bin/ltlfond2fond_wrapper -t mynd -d results/blocksworld1a-2021-12-12T21:46:57.657819/domain.pddl -p results/blocksworld1a-2021-12-12T21:46:57.657819/p15.pddl -g F("on b2 b3"&X(F("on b1 b2"))) --working-dir results/blocksworld1a-2021-12-12T21:46:57.657819/lf2f-mynd-sc-ff/p15 --algorithm laostar --heuristic ff
[2021-12-12 22:00:59,179][INFO]: ====================================================================================================
[2021-12-12 22:00:59,179][INFO]: Time: 2021-12-12 22:00:59.179147
[2021-12-12 22:00:59,179][INFO]: Processing problem results/blocksworld1a-2021-12-12T21:46:57.657819/p16.pddl
[2021-12-12 22:00:59,179][INFO]: Using formula: F("on b2 b3"&X(F("on b1 b2")))
[2021-12-12 22:00:59,179][DEBUG]: name=p16
[2021-12-12 22:00:59,179][DEBUG]: domain=results/blocksworld1a-2021-12-12T21:46:57.657819/domain.pddl
[2021-12-12 22:00:59,179][DEBUG]: problem=results/blocksworld1a-2021-12-12T21:46:57.657819/p16.pddl
[2021-12-12 22:00:59,179][DEBUG]: formula=F("on b2 b3"&X(F("on b1 b2")))
[2021-12-12 22:00:59,179][DEBUG]: mapping=None
[2021-12-12 22:00:59,180][DEBUG]: timeout=60.0
[2021-12-12 22:00:59,180][DEBUG]: tool=lf2f-mynd-sc-ff
[2021-12-12 22:01:59,371][INFO]: name=p16
status=Status.TIMEOUT
time_compilation=-1.0
time_tool=-1.0
time_end2end=60.003307169994514
nb_node_expanded=None
command=/home/marcofavorito/workfolder/planning-with-past-code/bin/ltlfond2fond_wrapper -t mynd -d results/blocksworld1a-2021-12-12T21:46:57.657819/domain.pddl -p results/blocksworld1a-2021-12-12T21:46:57.657819/p16.pddl -g F("on b2 b3"&X(F("on b1 b2"))) --working-dir results/blocksworld1a-2021-12-12T21:46:57.657819/lf2f-mynd-sc-ff/p16 --algorithm laostar --heuristic ff
[2021-12-12 22:01:59,372][INFO]: ====================================================================================================
[2021-12-12 22:01:59,372][INFO]: Time: 2021-12-12 22:01:59.372112
[2021-12-12 22:01:59,372][INFO]: Processing problem results/blocksworld1a-2021-12-12T21:46:57.657819/p17.pddl
[2021-12-12 22:01:59,372][INFO]: Using formula: F("on b2 b3"&X(F("on b1 b2")))
[2021-12-12 22:01:59,372][DEBUG]: name=p17
[2021-12-12 22:01:59,372][DEBUG]: domain=results/blocksworld1a-2021-12-12T21:46:57.657819/domain.pddl
[2021-12-12 22:01:59,372][DEBUG]: problem=results/blocksworld1a-2021-12-12T21:46:57.657819/p17.pddl
[2021-12-12 22:01:59,372][DEBUG]: formula=F("on b2 b3"&X(F("on b1 b2")))
[2021-12-12 22:01:59,372][DEBUG]: mapping=None
[2021-12-12 22:01:59,372][DEBUG]: timeout=60.0
[2021-12-12 22:01:59,373][DEBUG]: tool=lf2f-mynd-sc-ff
[2021-12-12 22:02:59,554][INFO]: name=p17
status=Status.TIMEOUT
time_compilation=-1.0
time_tool=-1.0
time_end2end=60.00339495999651
nb_node_expanded=None
command=/home/marcofavorito/workfolder/planning-with-past-code/bin/ltlfond2fond_wrapper -t mynd -d results/blocksworld1a-2021-12-12T21:46:57.657819/domain.pddl -p results/blocksworld1a-2021-12-12T21:46:57.657819/p17.pddl -g F("on b2 b3"&X(F("on b1 b2"))) --working-dir results/blocksworld1a-2021-12-12T21:46:57.657819/lf2f-mynd-sc-ff/p17 --algorithm laostar --heuristic ff
[2021-12-12 22:02:59,554][INFO]: ====================================================================================================
[2021-12-12 22:02:59,555][INFO]: Time: 2021-12-12 22:02:59.555054
[2021-12-12 22:02:59,555][INFO]: Processing problem results/blocksworld1a-2021-12-12T21:46:57.657819/p18.pddl
[2021-12-12 22:02:59,555][INFO]: Using formula: F("on b2 b3"&X(F("on b1 b2")))
[2021-12-12 22:02:59,555][DEBUG]: name=p18
[2021-12-12 22:02:59,555][DEBUG]: domain=results/blocksworld1a-2021-12-12T21:46:57.657819/domain.pddl
[2021-12-12 22:02:59,555][DEBUG]: problem=results/blocksworld1a-2021-12-12T21:46:57.657819/p18.pddl
[2021-12-12 22:02:59,555][DEBUG]: formula=F("on b2 b3"&X(F("on b1 b2")))
[2021-12-12 22:02:59,555][DEBUG]: mapping=None
[2021-12-12 22:02:59,555][DEBUG]: timeout=60.0
[2021-12-12 22:02:59,555][DEBUG]: tool=lf2f-mynd-sc-ff
[2021-12-12 22:03:59,738][INFO]: name=p18
status=Status.TIMEOUT
time_compilation=-1.0
time_tool=-1.0
time_end2end=60.00308601199504
nb_node_expanded=None
command=/home/marcofavorito/workfolder/planning-with-past-code/bin/ltlfond2fond_wrapper -t mynd -d results/blocksworld1a-2021-12-12T21:46:57.657819/domain.pddl -p results/blocksworld1a-2021-12-12T21:46:57.657819/p18.pddl -g F("on b2 b3"&X(F("on b1 b2"))) --working-dir results/blocksworld1a-2021-12-12T21:46:57.657819/lf2f-mynd-sc-ff/p18 --algorithm laostar --heuristic ff
[2021-12-12 22:03:59,739][INFO]: ====================================================================================================
[2021-12-12 22:03:59,739][INFO]: Time: 2021-12-12 22:03:59.739197
[2021-12-12 22:03:59,739][INFO]: Processing problem results/blocksworld1a-2021-12-12T21:46:57.657819/p19.pddl
[2021-12-12 22:03:59,739][INFO]: Using formula: F("on b2 b3"&X(F("on b1 b2")))
[2021-12-12 22:03:59,739][DEBUG]: name=p19
[2021-12-12 22:03:59,739][DEBUG]: domain=results/blocksworld1a-2021-12-12T21:46:57.657819/domain.pddl
[2021-12-12 22:03:59,739][DEBUG]: problem=results/blocksworld1a-2021-12-12T21:46:57.657819/p19.pddl
[2021-12-12 22:03:59,739][DEBUG]: formula=F("on b2 b3"&X(F("on b1 b2")))
[2021-12-12 22:03:59,740][DEBUG]: mapping=None
[2021-12-12 22:03:59,740][DEBUG]: timeout=60.0
[2021-12-12 22:03:59,740][DEBUG]: tool=lf2f-mynd-sc-ff
[2021-12-12 22:04:59,947][INFO]: name=p19
status=Status.TIMEOUT
time_compilation=-1.0
time_tool=-1.0
time_end2end=60.00437686100486
nb_node_expanded=None
command=/home/marcofavorito/workfolder/planning-with-past-code/bin/ltlfond2fond_wrapper -t mynd -d results/blocksworld1a-2021-12-12T21:46:57.657819/domain.pddl -p results/blocksworld1a-2021-12-12T21:46:57.657819/p19.pddl -g F("on b2 b3"&X(F("on b1 b2"))) --working-dir results/blocksworld1a-2021-12-12T21:46:57.657819/lf2f-mynd-sc-ff/p19 --algorithm laostar --heuristic ff
[2021-12-12 22:04:59,948][INFO]: ====================================================================================================
[2021-12-12 22:04:59,948][INFO]: Time: 2021-12-12 22:04:59.948135
[2021-12-12 22:04:59,948][INFO]: Processing problem results/blocksworld1a-2021-12-12T21:46:57.657819/p20.pddl
[2021-12-12 22:04:59,948][INFO]: Using formula: F("on b2 b3"&X(F("on b1 b2")))
[2021-12-12 22:04:59,948][DEBUG]: name=p20
[2021-12-12 22:04:59,948][DEBUG]: domain=results/blocksworld1a-2021-12-12T21:46:57.657819/domain.pddl
[2021-12-12 22:04:59,948][DEBUG]: problem=results/blocksworld1a-2021-12-12T21:46:57.657819/p20.pddl
[2021-12-12 22:04:59,948][DEBUG]: formula=F("on b2 b3"&X(F("on b1 b2")))
[2021-12-12 22:04:59,948][DEBUG]: mapping=None
[2021-12-12 22:04:59,948][DEBUG]: timeout=60.0
[2021-12-12 22:04:59,948][DEBUG]: tool=lf2f-mynd-sc-ff
[2021-12-12 22:06:00,132][INFO]: name=p20
status=Status.TIMEOUT
time_compilation=-1.0
time_tool=-1.0
time_end2end=60.00335381200421
nb_node_expanded=None
command=/home/marcofavorito/workfolder/planning-with-past-code/bin/ltlfond2fond_wrapper -t mynd -d results/blocksworld1a-2021-12-12T21:46:57.657819/domain.pddl -p results/blocksworld1a-2021-12-12T21:46:57.657819/p20.pddl -g F("on b2 b3"&X(F("on b1 b2"))) --working-dir results/blocksworld1a-2021-12-12T21:46:57.657819/lf2f-mynd-sc-ff/p20 --algorithm laostar --heuristic ff
